{"/home/koopertrooper/CSE416/DeepSeek-CSE416-Project/frontend/src/App.tsx": {"path":"/home/koopertrooper/CSE416/DeepSeek-CSE416-Project/frontend/src/App.tsx","statementMap":{"0":{"start":{"line":27,"column":0},"end":{"line":27,"column":null}},"1":{"start":{"line":29,"column":9},"end":{"line":29,"column":null}},"2":{"start":{"line":123,"column":24},"end":{"line":123,"column":null}},"3":{"start":{"line":25,"column":0},"end":{"line":25,"column":36}},"4":{"start":{"line":132,"column":0},"end":{"line":132,"column":null}}},"fnMap":{"0":{"name":"ProtectedRoutes","decl":{"start":{"line":29,"column":9},"end":{"line":29,"column":null}},"loc":{"start":{"line":29,"column":9},"end":{"line":120,"column":null}}},"1":{"name":"App","decl":{"start":{"line":123,"column":24},"end":{"line":123,"column":null}},"loc":{"start":{"line":123,"column":24},"end":{"line":132,"column":null}}}},"branchMap":{"0":{"loc":{"start":{"line":132,"column":0},"end":{"line":132,"column":null}},"type":"if","locations":[{"start":{"line":132,"column":0},"end":{"line":132,"column":null}}]}},"s":{"0":3,"1":7,"2":5,"3":2,"4":0},"f":{"0":2,"1":6},"b":{"0":[0]}}
,"/home/koopertrooper/CSE416/DeepSeek-CSE416-Project/frontend/src/CreateSlideWrapper.tsx": {"path":"/home/koopertrooper/CSE416/DeepSeek-CSE416-Project/frontend/src/CreateSlideWrapper.tsx","statementMap":{"0":{"start":{"line":10,"column":19},"end":{"line":10,"column":null}},"1":{"start":{"line":9,"column":24},"end":{"line":9,"column":43}}},"fnMap":{"0":{"name":"CreateSlideWrapper","decl":{"start":{"line":9,"column":24},"end":{"line":9,"column":43}},"loc":{"start":{"line":9,"column":78},"end":{"line":21,"column":null}}}},"branchMap":{},"s":{"0":48,"1":5},"f":{"0":48},"b":{}}
,"/home/koopertrooper/CSE416/DeepSeek-CSE416-Project/frontend/src/axiosCookie.tsx": {"path":"/home/koopertrooper/CSE416/DeepSeek-CSE416-Project/frontend/src/axiosCookie.tsx","statementMap":{"0":{"start":{"line":4,"column":20},"end":{"line":7,"column":null}}},"fnMap":{},"branchMap":{},"s":{"0":5},"f":{},"b":{}}
,"/home/koopertrooper/CSE416/DeepSeek-CSE416-Project/frontend/src/debug.ts": {"path":"/home/koopertrooper/CSE416/DeepSeek-CSE416-Project/frontend/src/debug.ts","statementMap":{"0":{"start":{"line":1,"column":23},"end":{"line":1,"column":29}}},"fnMap":{},"branchMap":{},"s":{"0":5},"f":{},"b":{}}
,"/home/koopertrooper/CSE416/DeepSeek-CSE416-Project/frontend/src/components/Banner.tsx": {"path":"/home/koopertrooper/CSE416/DeepSeek-CSE416-Project/frontend/src/components/Banner.tsx","statementMap":{"0":{"start":{"line":6,"column":15},"end":{"line":35,"column":null}},"1":{"start":{"line":7,"column":54},"end":{"line":7,"column":null}},"2":{"start":{"line":9,"column":17},"end":{"line":18,"column":null}},"3":{"start":{"line":10,"column":4},"end":{"line":17,"column":null}},"4":{"start":{"line":11,"column":6},"end":{"line":11,"column":null}},"5":{"start":{"line":12,"column":6},"end":{"line":12,"column":null}},"6":{"start":{"line":13,"column":6},"end":{"line":13,"column":null}},"7":{"start":{"line":16,"column":6},"end":{"line":16,"column":null}},"8":{"start":{"line":6,"column":6},"end":{"line":6,"column":15}}},"fnMap":{"0":{"name":"(anonymous_0)","decl":{"start":{"line":6,"column":15},"end":{"line":6,"column":null}},"loc":{"start":{"line":6,"column":15},"end":{"line":35,"column":null}}},"1":{"name":"(anonymous_1)","decl":{"start":{"line":9,"column":17},"end":{"line":9,"column":null}},"loc":{"start":{"line":9,"column":17},"end":{"line":18,"column":null}}}},"branchMap":{"0":{"loc":{"start":{"line":27,"column":10},"end":{"line":30,"column":null}},"type":"cond-expr","locations":[{"start":{"line":28,"column":10},"end":{"line":30,"column":null}},{"start":{"line":30,"column":10},"end":{"line":30,"column":null}}]}},"s":{"0":5,"1":40,"2":40,"3":0,"4":0,"5":0,"6":0,"7":0,"8":5},"f":{"0":40,"1":0},"b":{"0":[40,0]}}
,"/home/koopertrooper/CSE416/DeepSeek-CSE416-Project/frontend/src/components/CreateScenario.tsx": {"path":"/home/koopertrooper/CSE416/DeepSeek-CSE416-Project/frontend/src/components/CreateScenario.tsx","statementMap":{"0":{"start":{"line":10,"column":23},"end":{"line":114,"column":null}},"1":{"start":{"line":32,"column":6},"end":{"line":32,"column":null}},"2":{"start":{"line":34,"column":46},"end":{"line":34,"column":null}},"3":{"start":{"line":36,"column":2},"end":{"line":38,"column":null}},"4":{"start":{"line":37,"column":4},"end":{"line":37,"column":null}},"5":{"start":{"line":40,"column":2},"end":{"line":42,"column":null}},"6":{"start":{"line":41,"column":4},"end":{"line":41,"column":null}},"7":{"start":{"line":44,"column":19},"end":{"line":44,"column":null}},"8":{"start":{"line":46,"column":16},"end":{"line":50,"column":null}},"9":{"start":{"line":48,"column":21},"end":{"line":48,"column":null}},"10":{"start":{"line":49,"column":4},"end":{"line":49,"column":null}},"11":{"start":{"line":52,"column":29},"end":{"line":66,"column":null}},"12":{"start":{"line":53,"column":4},"end":{"line":65,"column":null}},"13":{"start":{"line":54,"column":18},"end":{"line":57,"column":null}},"14":{"start":{"line":59,"column":6},"end":{"line":59,"column":null}},"15":{"start":{"line":60,"column":6},"end":{"line":60,"column":null}},"16":{"start":{"line":63,"column":6},"end":{"line":63,"column":null}},"17":{"start":{"line":68,"column":22},"end":{"line":104,"column":null}},"18":{"start":{"line":69,"column":26},"end":{"line":69,"column":null}},"19":{"start":{"line":70,"column":4},"end":{"line":70,"column":null}},"20":{"start":{"line":72,"column":21},"end":{"line":91,"column":null}},"21":{"start":{"line":92,"column":4},"end":{"line":92,"column":null}},"22":{"start":{"line":93,"column":31},"end":{"line":95,"column":null}},"23":{"start":{"line":97,"column":4},"end":{"line":97,"column":null}},"24":{"start":{"line":98,"column":4},"end":{"line":98,"column":null}},"25":{"start":{"line":99,"column":27},"end":{"line":99,"column":null}},"26":{"start":{"line":100,"column":4},"end":{"line":100,"column":null}},"27":{"start":{"line":101,"column":4},"end":{"line":101,"column":null}},"28":{"start":{"line":102,"column":4},"end":{"line":102,"column":null}},"29":{"start":{"line":103,"column":4},"end":{"line":103,"column":null}},"30":{"start":{"line":10,"column":6},"end":{"line":10,"column":23}}},"fnMap":{"0":{"name":"(anonymous_0)","decl":{"start":{"line":10,"column":23},"end":{"line":10,"column":null}},"loc":{"start":{"line":10,"column":23},"end":{"line":114,"column":null}}},"1":{"name":"(anonymous_1)","decl":{"start":{"line":36,"column":12},"end":{"line":36,"column":null}},"loc":{"start":{"line":36,"column":12},"end":{"line":38,"column":5}}},"2":{"name":"(anonymous_2)","decl":{"start":{"line":40,"column":12},"end":{"line":40,"column":null}},"loc":{"start":{"line":40,"column":12},"end":{"line":42,"column":5}}},"3":{"name":"(anonymous_3)","decl":{"start":{"line":46,"column":16},"end":{"line":46,"column":null}},"loc":{"start":{"line":46,"column":16},"end":{"line":50,"column":null}}},"4":{"name":"(anonymous_4)","decl":{"start":{"line":52,"column":29},"end":{"line":52,"column":36}},"loc":{"start":{"line":52,"column":52},"end":{"line":66,"column":null}}},"5":{"name":"(anonymous_5)","decl":{"start":{"line":68,"column":22},"end":{"line":68,"column":null}},"loc":{"start":{"line":68,"column":22},"end":{"line":104,"column":null}}}},"branchMap":{},"s":{"0":5,"1":16,"2":16,"3":16,"4":4,"5":16,"6":4,"7":16,"8":16,"9":2,"10":2,"11":16,"12":2,"13":2,"14":2,"15":2,"16":0,"17":16,"18":2,"19":2,"20":2,"21":2,"22":2,"23":2,"24":2,"25":2,"26":2,"27":2,"28":2,"29":2,"30":5},"f":{"0":16,"1":4,"2":4,"3":2,"4":2,"5":2},"b":{}}
,"/home/koopertrooper/CSE416/DeepSeek-CSE416-Project/frontend/src/components/ExportScenario.tsx": {"path":"/home/koopertrooper/CSE416/DeepSeek-CSE416-Project/frontend/src/components/ExportScenario.tsx","statementMap":{"0":{"start":{"line":10,"column":33},"end":{"line":25,"column":null}},"1":{"start":{"line":11,"column":27},"end":{"line":11,"column":null}},"2":{"start":{"line":12,"column":21},"end":{"line":12,"column":null}},"3":{"start":{"line":13,"column":20},"end":{"line":13,"column":null}},"4":{"start":{"line":15,"column":18},"end":{"line":15,"column":null}},"5":{"start":{"line":16,"column":8},"end":{"line":16,"column":null}},"6":{"start":{"line":17,"column":8},"end":{"line":17,"column":null}},"7":{"start":{"line":18,"column":8},"end":{"line":18,"column":null}},"8":{"start":{"line":19,"column":8},"end":{"line":19,"column":null}},"9":{"start":{"line":21,"column":8},"end":{"line":24,"column":null}},"10":{"start":{"line":22,"column":12},"end":{"line":22,"column":null}},"11":{"start":{"line":23,"column":12},"end":{"line":23,"column":null}},"12":{"start":{"line":27,"column":22},"end":{"line":32,"column":null}},"13":{"start":{"line":28,"column":27},"end":{"line":29,"column":null}},"14":{"start":{"line":29,"column":12},"end":{"line":29,"column":null}},"15":{"start":{"line":31,"column":8},"end":{"line":31,"column":null}},"16":{"start":{"line":34,"column":25},"end":{"line":67,"column":null}},"17":{"start":{"line":35,"column":8},"end":{"line":66,"column":null}},"18":{"start":{"line":37,"column":25},"end":{"line":37,"column":null}},"19":{"start":{"line":38,"column":27},"end":{"line":38,"column":41}},"20":{"start":{"line":41,"column":12},"end":{"line":41,"column":null}},"21":{"start":{"line":42,"column":12},"end":{"line":42,"column":null}},"22":{"start":{"line":45,"column":41},"end":{"line":45,"column":null}},"23":{"start":{"line":46,"column":12},"end":{"line":51,"column":null}},"24":{"start":{"line":47,"column":16},"end":{"line":49,"column":null}},"25":{"start":{"line":48,"column":20},"end":{"line":48,"column":null}},"26":{"start":{"line":50,"column":16},"end":{"line":50,"column":null}},"27":{"start":{"line":52,"column":12},"end":{"line":52,"column":null}},"28":{"start":{"line":55,"column":37},"end":{"line":55,"column":null}},"29":{"start":{"line":56,"column":12},"end":{"line":56,"column":null}},"30":{"start":{"line":59,"column":41},"end":{"line":59,"column":null}},"31":{"start":{"line":60,"column":12},"end":{"line":60,"column":null}},"32":{"start":{"line":62,"column":12},"end":{"line":62,"column":null}},"33":{"start":{"line":65,"column":12},"end":{"line":65,"column":null}}},"fnMap":{"0":{"name":"exportScenario","decl":{"start":{"line":8,"column":24},"end":{"line":8,"column":39}},"loc":{"start":{"line":8,"column":59},"end":{"line":74,"column":null}}},"1":{"name":"(anonymous_1)","decl":{"start":{"line":10,"column":33},"end":{"line":10,"column":42}},"loc":{"start":{"line":10,"column":82},"end":{"line":25,"column":null}}},"2":{"name":"(anonymous_2)","decl":{"start":{"line":21,"column":19},"end":{"line":21,"column":null}},"loc":{"start":{"line":21,"column":19},"end":{"line":24,"column":11}}},"3":{"name":"(anonymous_3)","decl":{"start":{"line":27,"column":22},"end":{"line":27,"column":23}},"loc":{"start":{"line":27,"column":23},"end":{"line":32,"column":null}}},"4":{"name":"(anonymous_4)","decl":{"start":{"line":28,"column":48},"end":{"line":28,"column":49}},"loc":{"start":{"line":29,"column":12},"end":{"line":29,"column":null}}},"5":{"name":"(anonymous_5)","decl":{"start":{"line":34,"column":25},"end":{"line":34,"column":null}},"loc":{"start":{"line":34,"column":25},"end":{"line":67,"column":null}}}},"branchMap":{"0":{"loc":{"start":{"line":10,"column":56},"end":{"line":10,"column":82}},"type":"default-arg","locations":[{"start":{"line":10,"column":67},"end":{"line":10,"column":82}}]},"1":{"loc":{"start":{"line":29,"column":12},"end":{"line":29,"column":null}},"type":"cond-expr","locations":[{"start":{"line":29,"column":28},"end":{"line":29,"column":40}},{"start":{"line":29,"column":40},"end":{"line":29,"column":null}}]}},"s":{"0":28,"1":0,"2":0,"3":0,"4":0,"5":0,"6":0,"7":0,"8":0,"9":0,"10":0,"11":0,"12":28,"13":0,"14":0,"15":0,"16":28,"17":0,"18":0,"19":0,"20":0,"21":0,"22":0,"23":0,"24":0,"25":0,"26":0,"27":0,"28":0,"29":0,"30":0,"31":0,"32":0,"33":0},"f":{"0":28,"1":0,"2":0,"3":0,"4":0,"5":0},"b":{"0":[0],"1":[0,0]}}
,"/home/koopertrooper/CSE416/DeepSeek-CSE416-Project/frontend/src/components/ImportScenario.tsx": {"path":"/home/koopertrooper/CSE416/DeepSeek-CSE416-Project/frontend/src/components/ImportScenario.tsx","statementMap":{"0":{"start":{"line":9,"column":46},"end":{"line":87,"column":null}},"1":{"start":{"line":13,"column":28},"end":{"line":13,"column":null}},"2":{"start":{"line":15,"column":27},"end":{"line":75,"column":null}},"3":{"start":{"line":16,"column":4},"end":{"line":16,"column":null}},"4":{"start":{"line":17,"column":17},"end":{"line":17,"column":40}},"5":{"start":{"line":19,"column":4},"end":{"line":21,"column":null}},"6":{"start":{"line":20,"column":6},"end":{"line":20,"column":null}},"7":{"start":{"line":24,"column":26},"end":{"line":24,"column":null}},"8":{"start":{"line":25,"column":4},"end":{"line":28,"column":null}},"9":{"start":{"line":26,"column":6},"end":{"line":26,"column":null}},"10":{"start":{"line":27,"column":6},"end":{"line":27,"column":null}},"11":{"start":{"line":30,"column":4},"end":{"line":71,"column":null}},"12":{"start":{"line":31,"column":19},"end":{"line":31,"column":null}},"13":{"start":{"line":32,"column":25},"end":{"line":32,"column":null}},"14":{"start":{"line":35,"column":35},"end":{"line":35,"column":null}},"15":{"start":{"line":36,"column":6},"end":{"line":48,"column":null}},"16":{"start":{"line":37,"column":38},"end":{"line":37,"column":null}},"17":{"start":{"line":38,"column":8},"end":{"line":38,"column":null}},"18":{"start":{"line":39,"column":8},"end":{"line":46,"column":null}},"19":{"start":{"line":40,"column":10},"end":{"line":45,"column":null}},"20":{"start":{"line":41,"column":12},"end":{"line":41,"column":null}},"21":{"start":{"line":44,"column":12},"end":{"line":44,"column":null}},"22":{"start":{"line":47,"column":8},"end":{"line":47,"column":null}},"23":{"start":{"line":49,"column":6},"end":{"line":49,"column":null}},"24":{"start":{"line":52,"column":39},"end":{"line":52,"column":null}},"25":{"start":{"line":53,"column":6},"end":{"line":55,"column":null}},"26":{"start":{"line":54,"column":8},"end":{"line":54,"column":null}},"27":{"start":{"line":56,"column":6},"end":{"line":56,"column":null}},"28":{"start":{"line":59,"column":35},"end":{"line":59,"column":null}},"29":{"start":{"line":60,"column":6},"end":{"line":62,"column":null}},"30":{"start":{"line":61,"column":8},"end":{"line":61,"column":null}},"31":{"start":{"line":63,"column":6},"end":{"line":63,"column":null}},"32":{"start":{"line":65,"column":6},"end":{"line":65,"column":null}},"33":{"start":{"line":67,"column":6},"end":{"line":67,"column":null}},"34":{"start":{"line":69,"column":6},"end":{"line":69,"column":null}},"35":{"start":{"line":70,"column":6},"end":{"line":70,"column":null}},"36":{"start":{"line":74,"column":4},"end":{"line":74,"column":null}},"37":{"start":{"line":9,"column":6},"end":{"line":9,"column":46}}},"fnMap":{"0":{"name":"(anonymous_0)","decl":{"start":{"line":9,"column":46},"end":{"line":9,"column":47}},"loc":{"start":{"line":12,"column":1},"end":{"line":87,"column":null}}},"1":{"name":"(anonymous_1)","decl":{"start":{"line":15,"column":27},"end":{"line":15,"column":34}},"loc":{"start":{"line":15,"column":34},"end":{"line":75,"column":null}}},"2":{"name":"(anonymous_2)","decl":{"start":{"line":36,"column":40},"end":{"line":36,"column":41}},"loc":{"start":{"line":36,"column":41},"end":{"line":48,"column":null}}},"3":{"name":"(anonymous_3)","decl":{"start":{"line":53,"column":44},"end":{"line":53,"column":45}},"loc":{"start":{"line":53,"column":45},"end":{"line":55,"column":null}}},"4":{"name":"(anonymous_4)","decl":{"start":{"line":60,"column":40},"end":{"line":60,"column":41}},"loc":{"start":{"line":60,"column":41},"end":{"line":62,"column":null}}}},"branchMap":{"0":{"loc":{"start":{"line":11,"column":2},"end":{"line":11,"column":null}},"type":"default-arg","locations":[{"start":{"line":11,"column":21},"end":{"line":11,"column":null}}]},"1":{"loc":{"start":{"line":19,"column":4},"end":{"line":21,"column":null}},"type":"if","locations":[{"start":{"line":19,"column":4},"end":{"line":21,"column":null}}]},"2":{"loc":{"start":{"line":25,"column":4},"end":{"line":28,"column":null}},"type":"if","locations":[{"start":{"line":25,"column":4},"end":{"line":28,"column":null}}]},"3":{"loc":{"start":{"line":40,"column":10},"end":{"line":45,"column":null}},"type":"if","locations":[{"start":{"line":40,"column":10},"end":{"line":45,"column":null}},{"start":{"line":43,"column":14},"end":{"line":45,"column":null}}]},"4":{"loc":{"start":{"line":84,"column":7},"end":{"line":84,"column":16}},"type":"binary-expr","locations":[{"start":{"line":84,"column":7},"end":{"line":84,"column":16}}]}},"s":{"0":5,"1":56,"2":56,"3":0,"4":0,"5":0,"6":0,"7":0,"8":0,"9":0,"10":0,"11":0,"12":0,"13":0,"14":0,"15":0,"16":0,"17":0,"18":0,"19":0,"20":0,"21":0,"22":0,"23":0,"24":0,"25":0,"26":0,"27":0,"28":0,"29":0,"30":0,"31":0,"32":0,"33":0,"34":0,"35":0,"36":0,"37":10},"f":{"0":56,"1":0,"2":0,"3":0,"4":0},"b":{"0":[56],"1":[0],"2":[0],"3":[0,0],"4":[56]}}
,"/home/koopertrooper/CSE416/DeepSeek-CSE416-Project/frontend/src/components/LifeExpectency.tsx": {"path":"/home/koopertrooper/CSE416/DeepSeek-CSE416-Project/frontend/src/components/LifeExpectency.tsx","statementMap":{"0":{"start":{"line":14,"column":23},"end":{"line":73,"column":null}},"1":{"start":{"line":23,"column":2},"end":{"line":72,"column":null}},"2":{"start":{"line":14,"column":6},"end":{"line":14,"column":23}}},"fnMap":{"0":{"name":"(anonymous_0)","decl":{"start":{"line":14,"column":23},"end":{"line":14,"column":24}},"loc":{"start":{"line":22,"column":22},"end":{"line":73,"column":null}}}},"branchMap":{"0":{"loc":{"start":{"line":23,"column":2},"end":{"line":72,"column":null}},"type":"if","locations":[{"start":{"line":23,"column":2},"end":{"line":72,"column":null}},{"start":{"line":57,"column":9},"end":{"line":72,"column":null}}]}},"s":{"0":5,"1":56,"2":5},"f":{"0":56},"b":{"0":[0,56]}}
,"/home/koopertrooper/CSE416/DeepSeek-CSE416-Project/frontend/src/components/LoadingWheel.tsx": {"path":"/home/koopertrooper/CSE416/DeepSeek-CSE416-Project/frontend/src/components/LoadingWheel.tsx","statementMap":{"0":{"start":{"line":1,"column":24},"end":{"line":1,"column":null}}},"fnMap":{"0":{"name":"LoadingWheel","decl":{"start":{"line":1,"column":24},"end":{"line":1,"column":null}},"loc":{"start":{"line":1,"column":24},"end":{"line":7,"column":null}}}},"branchMap":{},"s":{"0":5},"f":{"0":4},"b":{}}
,"/home/koopertrooper/CSE416/DeepSeek-CSE416-Project/frontend/src/components/ShareScenarioButton.tsx": {"path":"/home/koopertrooper/CSE416/DeepSeek-CSE416-Project/frontend/src/components/ShareScenarioButton.tsx","statementMap":{"0":{"start":{"line":7,"column":30},"end":{"line":7,"column":null}},"1":{"start":{"line":8,"column":40},"end":{"line":8,"column":null}},"2":{"start":{"line":9,"column":34},"end":{"line":9,"column":null}},"3":{"start":{"line":10,"column":38},"end":{"line":10,"column":null}},"4":{"start":{"line":12,"column":24},"end":{"line":55,"column":null}},"5":{"start":{"line":13,"column":8},"end":{"line":16,"column":null}},"6":{"start":{"line":14,"column":12},"end":{"line":14,"column":null}},"7":{"start":{"line":15,"column":12},"end":{"line":15,"column":null}},"8":{"start":{"line":18,"column":8},"end":{"line":21,"column":null}},"9":{"start":{"line":19,"column":12},"end":{"line":19,"column":null}},"10":{"start":{"line":20,"column":12},"end":{"line":20,"column":null}},"11":{"start":{"line":23,"column":8},"end":{"line":23,"column":null}},"12":{"start":{"line":24,"column":8},"end":{"line":24,"column":null}},"13":{"start":{"line":26,"column":8},"end":{"line":54,"column":null}},"14":{"start":{"line":27,"column":41},"end":{"line":27,"column":null}},"15":{"start":{"line":28,"column":27},"end":{"line":28,"column":61}},"16":{"start":{"line":30,"column":41},"end":{"line":30,"column":null}},"17":{"start":{"line":31,"column":12},"end":{"line":33,"column":null}},"18":{"start":{"line":32,"column":16},"end":{"line":32,"column":null}},"19":{"start":{"line":34,"column":33},"end":{"line":34,"column":65}},"20":{"start":{"line":36,"column":29},"end":{"line":41,"column":null}},"21":{"start":{"line":43,"column":12},"end":{"line":48,"column":null}},"22":{"start":{"line":44,"column":16},"end":{"line":44,"column":null}},"23":{"start":{"line":45,"column":16},"end":{"line":45,"column":null}},"24":{"start":{"line":47,"column":16},"end":{"line":47,"column":null}},"25":{"start":{"line":50,"column":12},"end":{"line":50,"column":null}},"26":{"start":{"line":51,"column":12},"end":{"line":51,"column":null}},"27":{"start":{"line":53,"column":12},"end":{"line":53,"column":null}},"28":{"start":{"line":63,"column":37},"end":{"line":63,"column":null}},"29":{"start":{"line":71,"column":37},"end":{"line":71,"column":null}},"30":{"start":{"line":6,"column":24},"end":{"line":6,"column":44}}},"fnMap":{"0":{"name":"ShareScenarioButton","decl":{"start":{"line":6,"column":24},"end":{"line":6,"column":44}},"loc":{"start":{"line":6,"column":82},"end":{"line":107,"column":null}}},"1":{"name":"(anonymous_1)","decl":{"start":{"line":12,"column":24},"end":{"line":12,"column":null}},"loc":{"start":{"line":12,"column":24},"end":{"line":55,"column":null}}},"2":{"name":"(anonymous_2)","decl":{"start":{"line":63,"column":30},"end":{"line":63,"column":31}},"loc":{"start":{"line":63,"column":37},"end":{"line":63,"column":null}}},"3":{"name":"(anonymous_3)","decl":{"start":{"line":71,"column":30},"end":{"line":71,"column":31}},"loc":{"start":{"line":71,"column":37},"end":{"line":71,"column":null}}}},"branchMap":{"0":{"loc":{"start":{"line":13,"column":8},"end":{"line":16,"column":null}},"type":"if","locations":[{"start":{"line":13,"column":8},"end":{"line":16,"column":null}}]},"1":{"loc":{"start":{"line":18,"column":8},"end":{"line":21,"column":null}},"type":"if","locations":[{"start":{"line":18,"column":8},"end":{"line":21,"column":null}}]},"2":{"loc":{"start":{"line":31,"column":12},"end":{"line":33,"column":null}},"type":"if","locations":[{"start":{"line":31,"column":12},"end":{"line":33,"column":null}}]},"3":{"loc":{"start":{"line":43,"column":12},"end":{"line":48,"column":null}},"type":"if","locations":[{"start":{"line":43,"column":12},"end":{"line":48,"column":null}},{"start":{"line":46,"column":19},"end":{"line":48,"column":null}}]},"4":{"loc":{"start":{"line":47,"column":27},"end":{"line":47,"column":null}},"type":"binary-expr","locations":[{"start":{"line":47,"column":27},"end":{"line":47,"column":44}},{"start":{"line":47,"column":48},"end":{"line":47,"column":null}}]},"5":{"loc":{"start":{"line":89,"column":33},"end":{"line":89,"column":null}},"type":"cond-expr","locations":[{"start":{"line":89,"column":45},"end":{"line":89,"column":51}},{"start":{"line":89,"column":51},"end":{"line":89,"column":null}}]},"6":{"loc":{"start":{"line":94,"column":21},"end":{"line":94,"column":null}},"type":"cond-expr","locations":[{"start":{"line":94,"column":33},"end":{"line":94,"column":48}},{"start":{"line":94,"column":48},"end":{"line":94,"column":null}}]},"7":{"loc":{"start":{"line":97,"column":13},"end":{"line":97,"column":null}},"type":"binary-expr","locations":[{"start":{"line":97,"column":13},"end":{"line":97,"column":null}}]},"8":{"loc":{"start":{"line":99,"column":27},"end":{"line":99,"column":null}},"type":"cond-expr","locations":[{"start":{"line":99,"column":57},"end":{"line":99,"column":67}},{"start":{"line":99,"column":67},"end":{"line":99,"column":null}}]}},"s":{"0":28,"1":28,"2":28,"3":28,"4":28,"5":0,"6":0,"7":0,"8":0,"9":0,"10":0,"11":0,"12":0,"13":0,"14":0,"15":0,"16":0,"17":0,"18":0,"19":0,"20":0,"21":0,"22":0,"23":0,"24":0,"25":0,"26":0,"27":0,"28":0,"29":0,"30":10},"f":{"0":28,"1":0,"2":0,"3":0},"b":{"0":[0],"1":[0],"2":[0],"3":[0,0],"4":[0,0],"5":[0,28],"6":[0,28],"7":[28],"8":[0,0]}}
,"/home/koopertrooper/CSE416/DeepSeek-CSE416-Project/frontend/src/components/Sidebar.tsx": {"path":"/home/koopertrooper/CSE416/DeepSeek-CSE416-Project/frontend/src/components/Sidebar.tsx","statementMap":{"0":{"start":{"line":11,"column":16},"end":{"line":69,"column":null}},"1":{"start":{"line":12,"column":36},"end":{"line":12,"column":null}},"2":{"start":{"line":14,"column":24},"end":{"line":14,"column":null}},"3":{"start":{"line":14,"column":30},"end":{"line":14,"column":null}},"4":{"start":{"line":15,"column":29},"end":{"line":27,"column":null}},"5":{"start":{"line":16,"column":4},"end":{"line":26,"column":null}},"6":{"start":{"line":17,"column":6},"end":{"line":17,"column":null}},"7":{"start":{"line":18,"column":10},"end":{"line":26,"column":null}},"8":{"start":{"line":19,"column":6},"end":{"line":19,"column":null}},"9":{"start":{"line":20,"column":10},"end":{"line":26,"column":null}},"10":{"start":{"line":21,"column":6},"end":{"line":21,"column":null}},"11":{"start":{"line":22,"column":10},"end":{"line":26,"column":null}},"12":{"start":{"line":23,"column":6},"end":{"line":23,"column":null}},"13":{"start":{"line":25,"column":6},"end":{"line":25,"column":null}},"14":{"start":{"line":28,"column":21},"end":{"line":33,"column":null}},"15":{"start":{"line":35,"column":21},"end":{"line":38,"column":null}},"16":{"start":{"line":49,"column":79},"end":{"line":49,"column":108}},"17":{"start":{"line":11,"column":6},"end":{"line":11,"column":16}}},"fnMap":{"0":{"name":"(anonymous_0)","decl":{"start":{"line":11,"column":16},"end":{"line":11,"column":null}},"loc":{"start":{"line":11,"column":16},"end":{"line":69,"column":null}}},"1":{"name":"(anonymous_1)","decl":{"start":{"line":14,"column":24},"end":{"line":14,"column":30}},"loc":{"start":{"line":14,"column":30},"end":{"line":14,"column":null}}},"2":{"name":"(anonymous_2)","decl":{"start":{"line":15,"column":29},"end":{"line":15,"column":30}},"loc":{"start":{"line":15,"column":30},"end":{"line":27,"column":null}}},"3":{"name":"(anonymous_4)","decl":{"start":{"line":49,"column":72},"end":{"line":49,"column":79}},"loc":{"start":{"line":49,"column":72},"end":{"line":49,"column":null}}}},"branchMap":{"0":{"loc":{"start":{"line":16,"column":4},"end":{"line":26,"column":null}},"type":"if","locations":[{"start":{"line":16,"column":4},"end":{"line":26,"column":null}},{"start":{"line":18,"column":10},"end":{"line":26,"column":null}}]},"1":{"loc":{"start":{"line":18,"column":10},"end":{"line":26,"column":null}},"type":"if","locations":[{"start":{"line":18,"column":10},"end":{"line":26,"column":null}},{"start":{"line":20,"column":10},"end":{"line":26,"column":null}}]},"2":{"loc":{"start":{"line":20,"column":10},"end":{"line":26,"column":null}},"type":"if","locations":[{"start":{"line":20,"column":10},"end":{"line":26,"column":null}},{"start":{"line":22,"column":10},"end":{"line":26,"column":null}}]},"3":{"loc":{"start":{"line":22,"column":10},"end":{"line":26,"column":null}},"type":"if","locations":[{"start":{"line":22,"column":10},"end":{"line":26,"column":null}},{"start":{"line":24,"column":9},"end":{"line":26,"column":null}}]},"4":{"loc":{"start":{"line":42,"column":34},"end":{"line":42,"column":64}},"type":"cond-expr","locations":[{"start":{"line":42,"column":46},"end":{"line":42,"column":60}},{"start":{"line":42,"column":60},"end":{"line":42,"column":64}}]},"5":{"loc":{"start":{"line":51,"column":15},"end":{"line":51,"column":29}},"type":"binary-expr","locations":[{"start":{"line":51,"column":15},"end":{"line":51,"column":29}}]},"6":{"loc":{"start":{"line":62,"column":15},"end":{"line":62,"column":29}},"type":"binary-expr","locations":[{"start":{"line":62,"column":15},"end":{"line":62,"column":29}}]}},"s":{"0":5,"1":40,"2":40,"3":0,"4":40,"5":0,"6":0,"7":0,"8":0,"9":0,"10":0,"11":0,"12":0,"13":0,"14":40,"15":40,"16":0,"17":10},"f":{"0":40,"1":0,"2":0,"3":0},"b":{"0":[0,0],"1":[0,0],"2":[0,0],"3":[0,0],"4":[0,40],"5":[160],"6":[80]}}
,"/home/koopertrooper/CSE416/DeepSeek-CSE416-Project/frontend/src/components/Charts/ChartSetup.ts": {"path":"/home/koopertrooper/CSE416/DeepSeek-CSE416-Project/frontend/src/components/Charts/ChartSetup.ts","statementMap":{"0":{"start":{"line":15,"column":4},"end":{"line":24,"column":null}}},"fnMap":{"0":{"name":"registerChartJSComponents","decl":{"start":{"line":14,"column":18},"end":{"line":14,"column":null}},"loc":{"start":{"line":14,"column":18},"end":{"line":26,"column":null}}}},"branchMap":{},"s":{"0":5},"f":{"0":5},"b":{}}
,"/home/koopertrooper/CSE416/DeepSeek-CSE416-Project/frontend/src/components/Charts/ContourPlot.tsx": {"path":"/home/koopertrooper/CSE416/DeepSeek-CSE416-Project/frontend/src/components/Charts/ContourPlot.tsx","statementMap":{"0":{"start":{"line":11,"column":48},"end":{"line":28,"column":null}},"1":{"start":{"line":11,"column":6},"end":{"line":11,"column":48}}},"fnMap":{"0":{"name":"(anonymous_0)","decl":{"start":{"line":11,"column":48},"end":{"line":11,"column":49}},"loc":{"start":{"line":11,"column":92},"end":{"line":28,"column":null}}}},"branchMap":{},"s":{"0":5,"1":5},"f":{"0":0},"b":{}}
,"/home/koopertrooper/CSE416/DeepSeek-CSE416-Project/frontend/src/components/Charts/LineChartByParam.tsx": {"path":"/home/koopertrooper/CSE416/DeepSeek-CSE416-Project/frontend/src/components/Charts/LineChartByParam.tsx","statementMap":{"0":{"start":{"line":11,"column":58},"end":{"line":20,"column":null}},"1":{"start":{"line":12,"column":22},"end":{"line":12,"column":null}},"2":{"start":{"line":12,"column":80},"end":{"line":12,"column":null}},"3":{"start":{"line":14,"column":15},"end":{"line":17,"column":null}},"4":{"start":{"line":15,"column":18},"end":{"line":15,"column":75}},"5":{"start":{"line":16,"column":4},"end":{"line":16,"column":null}},"6":{"start":{"line":11,"column":6},"end":{"line":11,"column":58}}},"fnMap":{"0":{"name":"(anonymous_0)","decl":{"start":{"line":11,"column":58},"end":{"line":11,"column":59}},"loc":{"start":{"line":11,"column":90},"end":{"line":20,"column":null}}},"1":{"name":"(anonymous_1)","decl":{"start":{"line":12,"column":70},"end":{"line":12,"column":71}},"loc":{"start":{"line":12,"column":80},"end":{"line":12,"column":null}}},"2":{"name":"(anonymous_2)","decl":{"start":{"line":14,"column":31},"end":{"line":14,"column":32}},"loc":{"start":{"line":14,"column":32},"end":{"line":17,"column":null}}}},"branchMap":{},"s":{"0":5,"1":0,"2":0,"3":0,"4":0,"5":0,"6":5},"f":{"0":0,"1":0,"2":0},"b":{}}
,"/home/koopertrooper/CSE416/DeepSeek-CSE416-Project/frontend/src/components/Charts/LineChartProbability.tsx": {"path":"/home/koopertrooper/CSE416/DeepSeek-CSE416-Project/frontend/src/components/Charts/LineChartProbability.tsx","statementMap":{"0":{"start":{"line":13,"column":66},"end":{"line":42,"column":null}},"1":{"start":{"line":14,"column":15},"end":{"line":25,"column":null}},"2":{"start":{"line":15,"column":37},"end":{"line":15,"column":43}},"3":{"start":{"line":19,"column":39},"end":{"line":19,"column":null}},"4":{"start":{"line":27,"column":18},"end":{"line":39,"column":null}},"5":{"start":{"line":32,"column":35},"end":{"line":32,"column":65}},"6":{"start":{"line":13,"column":6},"end":{"line":13,"column":66}}},"fnMap":{"0":{"name":"(anonymous_0)","decl":{"start":{"line":13,"column":66},"end":{"line":13,"column":67}},"loc":{"start":{"line":13,"column":84},"end":{"line":42,"column":null}}},"1":{"name":"(anonymous_1)","decl":{"start":{"line":15,"column":30},"end":{"line":15,"column":31}},"loc":{"start":{"line":15,"column":37},"end":{"line":15,"column":43}}},"2":{"name":"(anonymous_2)","decl":{"start":{"line":19,"column":32},"end":{"line":19,"column":33}},"loc":{"start":{"line":19,"column":39},"end":{"line":19,"column":null}}},"3":{"name":"(anonymous_3)","decl":{"start":{"line":32,"column":17},"end":{"line":32,"column":18}},"loc":{"start":{"line":32,"column":35},"end":{"line":32,"column":65}}}},"branchMap":{},"s":{"0":5,"1":0,"2":0,"3":0,"4":0,"5":0,"6":5},"f":{"0":0,"1":0,"2":0,"3":0},"b":{}}
,"/home/koopertrooper/CSE416/DeepSeek-CSE416-Project/frontend/src/components/Charts/MockData.tsx": {"path":"/home/koopertrooper/CSE416/DeepSeek-CSE416-Project/frontend/src/components/Charts/MockData.tsx","statementMap":{"0":{"start":{"line":3,"column":37},"end":{"line":101,"column":2}}},"fnMap":{},"branchMap":{},"s":{"0":5},"f":{},"b":{}}
,"/home/koopertrooper/CSE416/DeepSeek-CSE416-Project/frontend/src/components/Charts/MultiLineChart.tsx": {"path":"/home/koopertrooper/CSE416/DeepSeek-CSE416-Project/frontend/src/components/Charts/MultiLineChart.tsx","statementMap":{"0":{"start":{"line":11,"column":54},"end":{"line":23,"column":null}},"1":{"start":{"line":12,"column":22},"end":{"line":12,"column":null}},"2":{"start":{"line":12,"column":80},"end":{"line":12,"column":null}},"3":{"start":{"line":13,"column":16},"end":{"line":13,"column":null}},"4":{"start":{"line":13,"column":66},"end":{"line":13,"column":null}},"5":{"start":{"line":15,"column":19},"end":{"line":20,"column":null}},"6":{"start":{"line":15,"column":45},"end":{"line":20,"column":null}},"7":{"start":{"line":17,"column":49},"end":{"line":17,"column":65}},"8":{"start":{"line":11,"column":6},"end":{"line":11,"column":54}}},"fnMap":{"0":{"name":"(anonymous_0)","decl":{"start":{"line":11,"column":54},"end":{"line":11,"column":55}},"loc":{"start":{"line":11,"column":86},"end":{"line":23,"column":null}}},"1":{"name":"(anonymous_1)","decl":{"start":{"line":12,"column":70},"end":{"line":12,"column":71}},"loc":{"start":{"line":12,"column":80},"end":{"line":12,"column":null}}},"2":{"name":"(anonymous_2)","decl":{"start":{"line":13,"column":54},"end":{"line":13,"column":55}},"loc":{"start":{"line":13,"column":66},"end":{"line":13,"column":null}}},"3":{"name":"(anonymous_3)","decl":{"start":{"line":15,"column":35},"end":{"line":15,"column":36}},"loc":{"start":{"line":15,"column":45},"end":{"line":20,"column":null}}},"4":{"name":"(anonymous_4)","decl":{"start":{"line":17,"column":37},"end":{"line":17,"column":38}},"loc":{"start":{"line":17,"column":49},"end":{"line":17,"column":65}}}},"branchMap":{},"s":{"0":5,"1":0,"2":0,"3":0,"4":0,"5":0,"6":0,"7":0,"8":5},"f":{"0":0,"1":0,"2":0,"3":0,"4":0},"b":{}}
,"/home/koopertrooper/CSE416/DeepSeek-CSE416-Project/frontend/src/components/Charts/ShadedLineChart.tsx": {"path":"/home/koopertrooper/CSE416/DeepSeek-CSE416-Project/frontend/src/components/Charts/ShadedLineChart.tsx","statementMap":{"0":{"start":{"line":20,"column":56},"end":{"line":64,"column":null}},"1":{"start":{"line":21,"column":16},"end":{"line":21,"column":null}},"2":{"start":{"line":23,"column":23},"end":{"line":28,"column":null}},"3":{"start":{"line":24,"column":19},"end":{"line":24,"column":66}},"4":{"start":{"line":25,"column":19},"end":{"line":25,"column":null}},"5":{"start":{"line":25,"column":46},"end":{"line":25,"column":null}},"6":{"start":{"line":26,"column":16},"end":{"line":26,"column":null}},"7":{"start":{"line":27,"column":4},"end":{"line":27,"column":null}},"8":{"start":{"line":30,"column":15},"end":{"line":47,"column":null}},"9":{"start":{"line":40,"column":73},"end":{"line":45,"column":null}},"10":{"start":{"line":42,"column":47},"end":{"line":42,"column":null}},"11":{"start":{"line":49,"column":18},"end":{"line":61,"column":null}},"12":{"start":{"line":54,"column":35},"end":{"line":54,"column":63}},"13":{"start":{"line":20,"column":6},"end":{"line":20,"column":56}}},"fnMap":{"0":{"name":"(anonymous_0)","decl":{"start":{"line":20,"column":56},"end":{"line":20,"column":57}},"loc":{"start":{"line":20,"column":82},"end":{"line":64,"column":null}}},"1":{"name":"(anonymous_1)","decl":{"start":{"line":23,"column":33},"end":{"line":23,"column":34}},"loc":{"start":{"line":23,"column":34},"end":{"line":28,"column":null}}},"2":{"name":"(anonymous_2)","decl":{"start":{"line":25,"column":36},"end":{"line":25,"column":37}},"loc":{"start":{"line":25,"column":46},"end":{"line":25,"column":null}}},"3":{"name":"(anonymous_3)","decl":{"start":{"line":40,"column":36},"end":{"line":40,"column":37}},"loc":{"start":{"line":40,"column":73},"end":{"line":45,"column":null}}},"4":{"name":"(anonymous_4)","decl":{"start":{"line":42,"column":30},"end":{"line":42,"column":31}},"loc":{"start":{"line":42,"column":47},"end":{"line":42,"column":null}}},"5":{"name":"(anonymous_5)","decl":{"start":{"line":54,"column":17},"end":{"line":54,"column":18}},"loc":{"start":{"line":54,"column":35},"end":{"line":54,"column":63}}}},"branchMap":{"0":{"loc":{"start":{"line":27,"column":11},"end":{"line":27,"column":86}},"type":"cond-expr","locations":[{"start":{"line":27,"column":37},"end":{"line":27,"column":75}},{"start":{"line":27,"column":75},"end":{"line":27,"column":86}}]}},"s":{"0":5,"1":0,"2":0,"3":0,"4":0,"5":0,"6":0,"7":0,"8":0,"9":0,"10":0,"11":0,"12":0,"13":5},"f":{"0":0,"1":0,"2":0,"3":0,"4":0,"5":0},"b":{"0":[0,0]}}
,"/home/koopertrooper/CSE416/DeepSeek-CSE416-Project/frontend/src/components/Charts/StackedBarChart.tsx": {"path":"/home/koopertrooper/CSE416/DeepSeek-CSE416-Project/frontend/src/components/Charts/StackedBarChart.tsx","statementMap":{"0":{"start":{"line":11,"column":56},"end":{"line":86,"column":null}},"1":{"start":{"line":15,"column":2},"end":{"line":15,"column":null}},"2":{"start":{"line":15,"column":63},"end":{"line":15,"column":null}},"3":{"start":{"line":17,"column":16},"end":{"line":20,"column":null}},"4":{"start":{"line":19,"column":19},"end":{"line":19,"column":null}},"5":{"start":{"line":20,"column":20},"end":{"line":20,"column":null}},"6":{"start":{"line":23,"column":72},"end":{"line":23,"column":null}},"7":{"start":{"line":25,"column":2},"end":{"line":43,"column":null}},"8":{"start":{"line":26,"column":22},"end":{"line":26,"column":null}},"9":{"start":{"line":27,"column":52},"end":{"line":27,"column":null}},"10":{"start":{"line":28,"column":21},"end":{"line":28,"column":null}},"11":{"start":{"line":30,"column":4},"end":{"line":36,"column":null}},"12":{"start":{"line":31,"column":6},"end":{"line":35,"column":null}},"13":{"start":{"line":32,"column":8},"end":{"line":32,"column":null}},"14":{"start":{"line":34,"column":8},"end":{"line":34,"column":null}},"15":{"start":{"line":38,"column":4},"end":{"line":40,"column":null}},"16":{"start":{"line":39,"column":6},"end":{"line":39,"column":null}},"17":{"start":{"line":42,"column":4},"end":{"line":42,"column":null}},"18":{"start":{"line":46,"column":19},"end":{"line":46,"column":null}},"19":{"start":{"line":47,"column":2},"end":{"line":51,"column":null}},"20":{"start":{"line":48,"column":4},"end":{"line":50,"column":null}},"21":{"start":{"line":49,"column":6},"end":{"line":49,"column":null}},"22":{"start":{"line":49,"column":41},"end":{"line":49,"column":null}},"23":{"start":{"line":52,"column":26},"end":{"line":52,"column":null}},"24":{"start":{"line":55,"column":19},"end":{"line":64,"column":null}},"25":{"start":{"line":55,"column":50},"end":{"line":64,"column":null}},"26":{"start":{"line":58,"column":16},"end":{"line":58,"column":null}},"27":{"start":{"line":66,"column":20},"end":{"line":69,"column":null}},"28":{"start":{"line":71,"column":18},"end":{"line":83,"column":null}},"29":{"start":{"line":11,"column":6},"end":{"line":11,"column":56}}},"fnMap":{"0":{"name":"(anonymous_0)","decl":{"start":{"line":11,"column":56},"end":{"line":11,"column":57}},"loc":{"start":{"line":14,"column":1},"end":{"line":86,"column":null}}},"1":{"name":"(anonymous_1)","decl":{"start":{"line":19,"column":12},"end":{"line":19,"column":13}},"loc":{"start":{"line":19,"column":19},"end":{"line":19,"column":null}}},"2":{"name":"(anonymous_2)","decl":{"start":{"line":20,"column":10},"end":{"line":20,"column":11}},"loc":{"start":{"line":20,"column":20},"end":{"line":20,"column":null}}},"3":{"name":"(anonymous_3)","decl":{"start":{"line":25,"column":16},"end":{"line":25,"column":17}},"loc":{"start":{"line":25,"column":17},"end":{"line":43,"column":null}}},"4":{"name":"(anonymous_4)","decl":{"start":{"line":30,"column":38},"end":{"line":30,"column":39}},"loc":{"start":{"line":30,"column":52},"end":{"line":36,"column":null}}},"5":{"name":"(anonymous_5)","decl":{"start":{"line":47,"column":44},"end":{"line":47,"column":45}},"loc":{"start":{"line":47,"column":45},"end":{"line":51,"column":null}}},"6":{"name":"(anonymous_6)","decl":{"start":{"line":49,"column":31},"end":{"line":49,"column":32}},"loc":{"start":{"line":49,"column":41},"end":{"line":49,"column":null}}},"7":{"name":"(anonymous_7)","decl":{"start":{"line":55,"column":39},"end":{"line":55,"column":40}},"loc":{"start":{"line":55,"column":50},"end":{"line":64,"column":null}}},"8":{"name":"(anonymous_8)","decl":{"start":{"line":58,"column":6},"end":{"line":58,"column":7}},"loc":{"start":{"line":58,"column":16},"end":{"line":58,"column":null}}}},"branchMap":{"0":{"loc":{"start":{"line":13,"column":2},"end":{"line":13,"column":26}},"type":"default-arg","locations":[{"start":{"line":13,"column":25},"end":{"line":13,"column":26}}]},"1":{"loc":{"start":{"line":15,"column":2},"end":{"line":15,"column":null}},"type":"if","locations":[{"start":{"line":15,"column":2},"end":{"line":15,"column":null}}]},"2":{"loc":{"start":{"line":15,"column":6},"end":{"line":15,"column":63}},"type":"binary-expr","locations":[{"start":{"line":15,"column":6},"end":{"line":15,"column":26}},{"start":{"line":15,"column":26},"end":{"line":15,"column":63}}]},"3":{"loc":{"start":{"line":26,"column":22},"end":{"line":26,"column":null}},"type":"binary-expr","locations":[{"start":{"line":26,"column":22},"end":{"line":26,"column":56}},{"start":{"line":26,"column":60},"end":{"line":26,"column":null}}]},"4":{"loc":{"start":{"line":31,"column":6},"end":{"line":35,"column":null}},"type":"if","locations":[{"start":{"line":31,"column":6},"end":{"line":35,"column":null}},{"start":{"line":33,"column":13},"end":{"line":35,"column":null}}]},"5":{"loc":{"start":{"line":31,"column":10},"end":{"line":31,"column":64}},"type":"binary-expr","locations":[{"start":{"line":31,"column":10},"end":{"line":31,"column":34}},{"start":{"line":31,"column":34},"end":{"line":31,"column":64}}]},"6":{"loc":{"start":{"line":38,"column":4},"end":{"line":40,"column":null}},"type":"if","locations":[{"start":{"line":38,"column":4},"end":{"line":40,"column":null}}]},"7":{"loc":{"start":{"line":39,"column":31},"end":{"line":39,"column":61}},"type":"binary-expr","locations":[{"start":{"line":39,"column":31},"end":{"line":39,"column":52}},{"start":{"line":39,"column":56},"end":{"line":39,"column":61}}]},"8":{"loc":{"start":{"line":48,"column":4},"end":{"line":50,"column":null}},"type":"if","locations":[{"start":{"line":48,"column":4},"end":{"line":50,"column":null}}]},"9":{"loc":{"start":{"line":48,"column":8},"end":{"line":48,"column":40}},"type":"binary-expr","locations":[{"start":{"line":48,"column":8},"end":{"line":48,"column":15}},{"start":{"line":48,"column":15},"end":{"line":48,"column":40}}]},"10":{"loc":{"start":{"line":58,"column":16},"end":{"line":58,"column":null}},"type":"binary-expr","locations":[{"start":{"line":58,"column":16},"end":{"line":58,"column":61}},{"start":{"line":58,"column":65},"end":{"line":58,"column":null}}]}},"s":{"0":5,"1":0,"2":0,"3":0,"4":0,"5":0,"6":0,"7":0,"8":0,"9":0,"10":0,"11":0,"12":0,"13":0,"14":0,"15":0,"16":0,"17":0,"18":0,"19":0,"20":0,"21":0,"22":0,"23":0,"24":0,"25":0,"26":0,"27":0,"28":0,"29":5},"f":{"0":0,"1":0,"2":0,"3":0,"4":0,"5":0,"6":0,"7":0,"8":0},"b":{"0":[0],"1":[0],"2":[0,0],"3":[0,0],"4":[0,0],"5":[0,0],"6":[0],"7":[0,0],"8":[0],"9":[0,0],"10":[0,0]}}
,"/home/koopertrooper/CSE416/DeepSeek-CSE416-Project/frontend/src/components/Charts/SurfacePlot.tsx": {"path":"/home/koopertrooper/CSE416/DeepSeek-CSE416-Project/frontend/src/components/Charts/SurfacePlot.tsx","statementMap":{"0":{"start":{"line":11,"column":48},"end":{"line":30,"column":null}},"1":{"start":{"line":11,"column":6},"end":{"line":11,"column":48}}},"fnMap":{"0":{"name":"(anonymous_0)","decl":{"start":{"line":11,"column":48},"end":{"line":11,"column":49}},"loc":{"start":{"line":11,"column":92},"end":{"line":30,"column":null}}}},"branchMap":{},"s":{"0":5,"1":5},"f":{"0":0},"b":{}}
,"/home/koopertrooper/CSE416/DeepSeek-CSE416-Project/frontend/src/components/EventSeries/Expense.tsx": {"path":"/home/koopertrooper/CSE416/DeepSeek-CSE416-Project/frontend/src/components/EventSeries/Expense.tsx","statementMap":{"0":{"start":{"line":37,"column":30},"end":{"line":37,"column":null}},"1":{"start":{"line":38,"column":35},"end":{"line":38,"column":null}},"2":{"start":{"line":40,"column":37},"end":{"line":50,"column":null}},"3":{"start":{"line":46,"column":4},"end":{"line":46,"column":null}},"4":{"start":{"line":46,"column":27},"end":{"line":46,"column":null}},"5":{"start":{"line":47,"column":4},"end":{"line":47,"column":null}},"6":{"start":{"line":47,"column":26},"end":{"line":47,"column":null}},"7":{"start":{"line":48,"column":4},"end":{"line":48,"column":null}},"8":{"start":{"line":48,"column":28},"end":{"line":48,"column":null}},"9":{"start":{"line":49,"column":4},"end":{"line":49,"column":37}},"10":{"start":{"line":52,"column":2},"end":{"line":66,"column":null}},"11":{"start":{"line":57,"column":8},"end":{"line":57,"column":null}},"12":{"start":{"line":59,"column":4},"end":{"line":59,"column":null}},"13":{"start":{"line":60,"column":4},"end":{"line":60,"column":null}},"14":{"start":{"line":61,"column":4},"end":{"line":63,"column":null}},"15":{"start":{"line":82,"column":28},"end":{"line":82,"column":null}},"16":{"start":{"line":122,"column":16},"end":{"line":122,"column":null}},"17":{"start":{"line":134,"column":16},"end":{"line":134,"column":null}},"18":{"start":{"line":147,"column":16},"end":{"line":147,"column":null}},"19":{"start":{"line":11,"column":24},"end":{"line":11,"column":43}}},"fnMap":{"0":{"name":"EventSeriesExpense","decl":{"start":{"line":11,"column":24},"end":{"line":11,"column":43}},"loc":{"start":{"line":36,"column":26},"end":{"line":185,"column":null}}},"1":{"name":"(anonymous_1)","decl":{"start":{"line":40,"column":37},"end":{"line":40,"column":null}},"loc":{"start":{"line":41,"column":4},"end":{"line":50,"column":null}}},"2":{"name":"(anonymous_2)","decl":{"start":{"line":52,"column":12},"end":{"line":52,"column":null}},"loc":{"start":{"line":52,"column":12},"end":{"line":66,"column":5}}},"3":{"name":"(anonymous_3)","decl":{"start":{"line":82,"column":22},"end":{"line":82,"column":28}},"loc":{"start":{"line":82,"column":28},"end":{"line":82,"column":null}}},"4":{"name":"(anonymous_4)","decl":{"start":{"line":121,"column":24},"end":{"line":121,"column":null}},"loc":{"start":{"line":121,"column":24},"end":{"line":123,"column":null}}},"5":{"name":"(anonymous_5)","decl":{"start":{"line":133,"column":24},"end":{"line":133,"column":null}},"loc":{"start":{"line":133,"column":24},"end":{"line":135,"column":null}}},"6":{"name":"(anonymous_6)","decl":{"start":{"line":146,"column":24},"end":{"line":146,"column":null}},"loc":{"start":{"line":146,"column":24},"end":{"line":148,"column":null}}}},"branchMap":{"0":{"loc":{"start":{"line":46,"column":4},"end":{"line":46,"column":null}},"type":"if","locations":[{"start":{"line":46,"column":4},"end":{"line":46,"column":null}}]},"1":{"loc":{"start":{"line":47,"column":4},"end":{"line":47,"column":null}},"type":"if","locations":[{"start":{"line":47,"column":4},"end":{"line":47,"column":null}}]},"2":{"loc":{"start":{"line":48,"column":4},"end":{"line":48,"column":null}},"type":"if","locations":[{"start":{"line":48,"column":4},"end":{"line":48,"column":null}}]},"3":{"loc":{"start":{"line":59,"column":23},"end":{"line":59,"column":null}},"type":"binary-expr","locations":[{"start":{"line":59,"column":23},"end":{"line":59,"column":64}},{"start":{"line":59,"column":64},"end":{"line":59,"column":null}}]},"4":{"loc":{"start":{"line":60,"column":28},"end":{"line":60,"column":null}},"type":"binary-expr","locations":[{"start":{"line":60,"column":28},"end":{"line":60,"column":69}},{"start":{"line":60,"column":69},"end":{"line":60,"column":null}}]}},"s":{"0":0,"1":0,"2":0,"3":0,"4":0,"5":0,"6":0,"7":0,"8":0,"9":0,"10":0,"11":0,"12":0,"13":0,"14":0,"15":0,"16":0,"17":0,"18":0,"19":5},"f":{"0":0,"1":0,"2":0,"3":0,"4":0,"5":0,"6":0},"b":{"0":[0],"1":[0],"2":[0],"3":[0,0],"4":[0,0]}}
,"/home/koopertrooper/CSE416/DeepSeek-CSE416-Project/frontend/src/components/EventSeries/Income.tsx": {"path":"/home/koopertrooper/CSE416/DeepSeek-CSE416-Project/frontend/src/components/EventSeries/Income.tsx","statementMap":{"0":{"start":{"line":36,"column":30},"end":{"line":36,"column":null}},"1":{"start":{"line":37,"column":35},"end":{"line":37,"column":null}},"2":{"start":{"line":39,"column":37},"end":{"line":49,"column":null}},"3":{"start":{"line":45,"column":4},"end":{"line":45,"column":null}},"4":{"start":{"line":45,"column":27},"end":{"line":45,"column":null}},"5":{"start":{"line":46,"column":4},"end":{"line":46,"column":null}},"6":{"start":{"line":46,"column":26},"end":{"line":46,"column":null}},"7":{"start":{"line":47,"column":4},"end":{"line":47,"column":null}},"8":{"start":{"line":47,"column":28},"end":{"line":47,"column":null}},"9":{"start":{"line":48,"column":4},"end":{"line":48,"column":37}},"10":{"start":{"line":51,"column":2},"end":{"line":78,"column":null}},"11":{"start":{"line":52,"column":4},"end":{"line":77,"column":null}},"12":{"start":{"line":53,"column":6},"end":{"line":53,"column":null}},"13":{"start":{"line":54,"column":6},"end":{"line":57,"column":null}},"14":{"start":{"line":64,"column":10},"end":{"line":64,"column":null}},"15":{"start":{"line":66,"column":6},"end":{"line":69,"column":null}},"16":{"start":{"line":71,"column":6},"end":{"line":71,"column":null}},"17":{"start":{"line":72,"column":6},"end":{"line":74,"column":null}},"18":{"start":{"line":96,"column":14},"end":{"line":96,"column":null}},"19":{"start":{"line":107,"column":28},"end":{"line":107,"column":null}},"20":{"start":{"line":143,"column":18},"end":{"line":144,"column":null}},"21":{"start":{"line":160,"column":18},"end":{"line":161,"column":null}},"22":{"start":{"line":177,"column":18},"end":{"line":178,"column":null}},"23":{"start":{"line":10,"column":24},"end":{"line":10,"column":42}}},"fnMap":{"0":{"name":"EventSeriesIncome","decl":{"start":{"line":10,"column":24},"end":{"line":10,"column":42}},"loc":{"start":{"line":35,"column":25},"end":{"line":219,"column":null}}},"1":{"name":"(anonymous_1)","decl":{"start":{"line":39,"column":37},"end":{"line":39,"column":null}},"loc":{"start":{"line":40,"column":4},"end":{"line":49,"column":null}}},"2":{"name":"(anonymous_2)","decl":{"start":{"line":51,"column":12},"end":{"line":51,"column":null}},"loc":{"start":{"line":51,"column":12},"end":{"line":78,"column":5}}},"3":{"name":"(anonymous_3)","decl":{"start":{"line":95,"column":22},"end":{"line":95,"column":null}},"loc":{"start":{"line":96,"column":14},"end":{"line":96,"column":null}}},"4":{"name":"(anonymous_4)","decl":{"start":{"line":107,"column":22},"end":{"line":107,"column":28}},"loc":{"start":{"line":107,"column":28},"end":{"line":107,"column":null}}},"5":{"name":"(anonymous_5)","decl":{"start":{"line":142,"column":26},"end":{"line":142,"column":null}},"loc":{"start":{"line":142,"column":26},"end":{"line":146,"column":null}}},"6":{"name":"(anonymous_6)","decl":{"start":{"line":159,"column":26},"end":{"line":159,"column":null}},"loc":{"start":{"line":159,"column":26},"end":{"line":163,"column":null}}},"7":{"name":"(anonymous_7)","decl":{"start":{"line":176,"column":26},"end":{"line":176,"column":null}},"loc":{"start":{"line":176,"column":26},"end":{"line":180,"column":null}}}},"branchMap":{"0":{"loc":{"start":{"line":45,"column":4},"end":{"line":45,"column":null}},"type":"if","locations":[{"start":{"line":45,"column":4},"end":{"line":45,"column":null}}]},"1":{"loc":{"start":{"line":46,"column":4},"end":{"line":46,"column":null}},"type":"if","locations":[{"start":{"line":46,"column":4},"end":{"line":46,"column":null}}]},"2":{"loc":{"start":{"line":47,"column":4},"end":{"line":47,"column":null}},"type":"if","locations":[{"start":{"line":47,"column":4},"end":{"line":47,"column":null}}]},"3":{"loc":{"start":{"line":52,"column":4},"end":{"line":77,"column":null}},"type":"if","locations":[{"start":{"line":52,"column":4},"end":{"line":77,"column":null}}]},"4":{"loc":{"start":{"line":67,"column":8},"end":{"line":69,"column":null}},"type":"cond-expr","locations":[{"start":{"line":68,"column":12},"end":{"line":68,"column":null}},{"start":{"line":69,"column":12},"end":{"line":69,"column":null}}]},"5":{"loc":{"start":{"line":71,"column":28},"end":{"line":71,"column":null}},"type":"binary-expr","locations":[{"start":{"line":71,"column":28},"end":{"line":71,"column":63}},{"start":{"line":71,"column":67},"end":{"line":71,"column":null}}]}},"s":{"0":56,"1":56,"2":56,"3":0,"4":0,"5":0,"6":0,"7":0,"8":0,"9":0,"10":56,"11":8,"12":0,"13":0,"14":0,"15":0,"16":0,"17":0,"18":0,"19":2,"20":0,"21":0,"22":0,"23":5},"f":{"0":56,"1":0,"2":8,"3":0,"4":2,"5":0,"6":0,"7":0},"b":{"0":[0],"1":[0],"2":[0],"3":[0],"4":[0,0],"5":[0,0]}}
,"/home/koopertrooper/CSE416/DeepSeek-CSE416-Project/frontend/src/components/EventSeries/Invest.tsx": {"path":"/home/koopertrooper/CSE416/DeepSeek-CSE416-Project/frontend/src/components/EventSeries/Invest.tsx","statementMap":{"0":{"start":{"line":32,"column":26},"end":{"line":116,"column":null}},"1":{"start":{"line":46,"column":30},"end":{"line":46,"column":null}},"2":{"start":{"line":48,"column":2},"end":{"line":50,"column":null}},"3":{"start":{"line":49,"column":4},"end":{"line":49,"column":null}},"4":{"start":{"line":74,"column":31},"end":{"line":74,"column":null}},"5":{"start":{"line":83,"column":31},"end":{"line":83,"column":null}},"6":{"start":{"line":110,"column":27},"end":{"line":110,"column":null}},"7":{"start":{"line":32,"column":6},"end":{"line":32,"column":26}}},"fnMap":{"0":{"name":"(anonymous_0)","decl":{"start":{"line":32,"column":26},"end":{"line":32,"column":27}},"loc":{"start":{"line":45,"column":25},"end":{"line":116,"column":null}}},"1":{"name":"(anonymous_1)","decl":{"start":{"line":48,"column":12},"end":{"line":48,"column":null}},"loc":{"start":{"line":48,"column":12},"end":{"line":50,"column":5}}},"2":{"name":"(anonymous_2)","decl":{"start":{"line":74,"column":24},"end":{"line":74,"column":25}},"loc":{"start":{"line":74,"column":31},"end":{"line":74,"column":null}}},"3":{"name":"(anonymous_3)","decl":{"start":{"line":83,"column":24},"end":{"line":83,"column":25}},"loc":{"start":{"line":83,"column":31},"end":{"line":83,"column":null}}},"4":{"name":"(anonymous_4)","decl":{"start":{"line":110,"column":20},"end":{"line":110,"column":21}},"loc":{"start":{"line":110,"column":27},"end":{"line":110,"column":null}}}},"branchMap":{"0":{"loc":{"start":{"line":49,"column":23},"end":{"line":49,"column":null}},"type":"binary-expr","locations":[{"start":{"line":49,"column":23},"end":{"line":49,"column":58}},{"start":{"line":49,"column":58},"end":{"line":49,"column":null}}]},"1":{"loc":{"start":{"line":66,"column":7},"end":{"line":66,"column":null}},"type":"binary-expr","locations":[{"start":{"line":66,"column":7},"end":{"line":66,"column":null}}]}},"s":{"0":5,"1":0,"2":0,"3":0,"4":0,"5":0,"6":0,"7":5},"f":{"0":0,"1":0,"2":0,"3":0,"4":0},"b":{"0":[0,0],"1":[0]}}
,"/home/koopertrooper/CSE416/DeepSeek-CSE416-Project/frontend/src/components/EventSeries/Rebalance.tsx": {"path":"/home/koopertrooper/CSE416/DeepSeek-CSE416-Project/frontend/src/components/EventSeries/Rebalance.tsx","statementMap":{"0":{"start":{"line":33,"column":29},"end":{"line":146,"column":null}},"1":{"start":{"line":62,"column":28},"end":{"line":62,"column":null}},"2":{"start":{"line":72,"column":28},"end":{"line":72,"column":null}},"3":{"start":{"line":82,"column":28},"end":{"line":82,"column":null}},"4":{"start":{"line":104,"column":31},"end":{"line":104,"column":null}},"5":{"start":{"line":113,"column":31},"end":{"line":113,"column":null}},"6":{"start":{"line":33,"column":6},"end":{"line":33,"column":29}}},"fnMap":{"0":{"name":"(anonymous_0)","decl":{"start":{"line":33,"column":29},"end":{"line":33,"column":30}},"loc":{"start":{"line":46,"column":28},"end":{"line":146,"column":null}}},"1":{"name":"(anonymous_1)","decl":{"start":{"line":62,"column":22},"end":{"line":62,"column":28}},"loc":{"start":{"line":62,"column":28},"end":{"line":62,"column":null}}},"2":{"name":"(anonymous_2)","decl":{"start":{"line":72,"column":22},"end":{"line":72,"column":28}},"loc":{"start":{"line":72,"column":28},"end":{"line":72,"column":null}}},"3":{"name":"(anonymous_3)","decl":{"start":{"line":82,"column":22},"end":{"line":82,"column":28}},"loc":{"start":{"line":82,"column":28},"end":{"line":82,"column":null}}},"4":{"name":"(anonymous_4)","decl":{"start":{"line":104,"column":24},"end":{"line":104,"column":25}},"loc":{"start":{"line":104,"column":31},"end":{"line":104,"column":null}}},"5":{"name":"(anonymous_5)","decl":{"start":{"line":113,"column":24},"end":{"line":113,"column":25}},"loc":{"start":{"line":113,"column":31},"end":{"line":113,"column":null}}}},"branchMap":{"0":{"loc":{"start":{"line":96,"column":7},"end":{"line":96,"column":null}},"type":"binary-expr","locations":[{"start":{"line":96,"column":7},"end":{"line":96,"column":null}}]}},"s":{"0":5,"1":0,"2":0,"3":0,"4":0,"5":0,"6":5},"f":{"0":0,"1":0,"2":0,"3":0,"4":0,"5":0},"b":{"0":[0]}}
,"/home/koopertrooper/CSE416/DeepSeek-CSE416-Project/frontend/src/components/RothConversionOptimizer/Column.tsx": {"path":"/home/koopertrooper/CSE416/DeepSeek-CSE416-Project/frontend/src/components/RothConversionOptimizer/Column.tsx","statementMap":{"0":{"start":{"line":12,"column":25},"end":{"line":17,"column":null}},"1":{"start":{"line":11,"column":16},"end":{"line":11,"column":23}}},"fnMap":{"0":{"name":"Column","decl":{"start":{"line":11,"column":16},"end":{"line":11,"column":23}},"loc":{"start":{"line":11,"column":53},"end":{"line":33,"column":null}}}},"branchMap":{"0":{"loc":{"start":{"line":27,"column":13},"end":{"line":27,"column":41}},"type":"binary-expr","locations":[{"start":{"line":27,"column":13},"end":{"line":27,"column":41}}]}},"s":{"0":0,"1":3},"f":{"0":0},"b":{"0":[0]}}
,"/home/koopertrooper/CSE416/DeepSeek-CSE416-Project/frontend/src/components/RothConversionOptimizer/DraggableItem.tsx": {"path":"/home/koopertrooper/CSE416/DeepSeek-CSE416-Project/frontend/src/components/RothConversionOptimizer/DraggableItem.tsx","statementMap":{"0":{"start":{"line":7,"column":59},"end":{"line":10,"column":null}},"1":{"start":{"line":12,"column":37},"end":{"line":15,"column":null}},"2":{"start":{"line":17,"column":16},"end":{"line":21,"column":null}},"3":{"start":{"line":26,"column":8},"end":{"line":26,"column":null}},"4":{"start":{"line":27,"column":8},"end":{"line":27,"column":null}},"5":{"start":{"line":6,"column":16},"end":{"line":6,"column":30}}},"fnMap":{"0":{"name":"DraggableItem","decl":{"start":{"line":6,"column":16},"end":{"line":6,"column":30}},"loc":{"start":{"line":6,"column":54},"end":{"line":37,"column":null}}},"1":{"name":"(anonymous_1)","decl":{"start":{"line":25,"column":11},"end":{"line":25,"column":12}},"loc":{"start":{"line":25,"column":12},"end":{"line":28,"column":null}}}},"branchMap":{"0":{"loc":{"start":{"line":17,"column":16},"end":{"line":21,"column":null}},"type":"cond-expr","locations":[{"start":{"line":18,"column":6},"end":{"line":20,"column":null}},{"start":{"line":21,"column":6},"end":{"line":21,"column":null}}]}},"s":{"0":0,"1":0,"2":0,"3":0,"4":0,"5":3},"f":{"0":0,"1":0},"b":{"0":[0,0]}}
,"/home/koopertrooper/CSE416/DeepSeek-CSE416-Project/frontend/src/components/RothConversionOptimizer/RothConversionOptimizer.tsx": {"path":"/home/koopertrooper/CSE416/DeepSeek-CSE416-Project/frontend/src/components/RothConversionOptimizer/RothConversionOptimizer.tsx","statementMap":{"0":{"start":{"line":21,"column":23},"end":{"line":23,"column":null}},"1":{"start":{"line":22,"column":4},"end":{"line":22,"column":32}},"2":{"start":{"line":17,"column":16},"end":{"line":17,"column":36}},"3":{"start":{"line":41,"column":19},"end":{"line":41,"column":null}},"4":{"start":{"line":42,"column":44},"end":{"line":42,"column":null}},"5":{"start":{"line":43,"column":33},"end":{"line":43,"column":null}},"6":{"start":{"line":44,"column":52},"end":{"line":44,"column":null}},"7":{"start":{"line":45,"column":32},"end":{"line":45,"column":null}},"8":{"start":{"line":46,"column":44},"end":{"line":46,"column":null}},"9":{"start":{"line":47,"column":40},"end":{"line":47,"column":null}},"10":{"start":{"line":48,"column":62},"end":{"line":48,"column":null}},"11":{"start":{"line":50,"column":23},"end":{"line":52,"column":null}},"12":{"start":{"line":51,"column":4},"end":{"line":51,"column":null}},"13":{"start":{"line":54,"column":45},"end":{"line":77,"column":null}},"14":{"start":{"line":55,"column":41},"end":{"line":56,"column":null}},"15":{"start":{"line":56,"column":22},"end":{"line":56,"column":37}},"16":{"start":{"line":59,"column":19},"end":{"line":65,"column":null}},"17":{"start":{"line":60,"column":18},"end":{"line":62,"column":null}},"18":{"start":{"line":63,"column":19},"end":{"line":63,"column":null}},"19":{"start":{"line":64,"column":6},"end":{"line":64,"column":null}},"20":{"start":{"line":66,"column":4},"end":{"line":66,"column":null}},"21":{"start":{"line":67,"column":23},"end":{"line":67,"column":39}},"22":{"start":{"line":68,"column":25},"end":{"line":73,"column":null}},"23":{"start":{"line":74,"column":21},"end":{"line":74,"column":null}},"24":{"start":{"line":75,"column":4},"end":{"line":75,"column":null}},"25":{"start":{"line":76,"column":4},"end":{"line":76,"column":null}},"26":{"start":{"line":79,"column":2},"end":{"line":81,"column":null}},"27":{"start":{"line":80,"column":4},"end":{"line":80,"column":null}},"28":{"start":{"line":83,"column":2},"end":{"line":113,"column":null}},"29":{"start":{"line":84,"column":4},"end":{"line":84,"column":null}},"30":{"start":{"line":84,"column":23},"end":{"line":84,"column":null}},"31":{"start":{"line":86,"column":22},"end":{"line":86,"column":null}},"32":{"start":{"line":87,"column":32},"end":{"line":87,"column":34}},"33":{"start":{"line":89,"column":4},"end":{"line":110,"column":null}},"34":{"start":{"line":91,"column":8},"end":{"line":109,"column":null}},"35":{"start":{"line":93,"column":27},"end":{"line":93,"column":null}},"36":{"start":{"line":94,"column":24},"end":{"line":94,"column":null}},"37":{"start":{"line":95,"column":10},"end":{"line":98,"column":null}},"38":{"start":{"line":96,"column":12},"end":{"line":96,"column":null}},"39":{"start":{"line":97,"column":12},"end":{"line":97,"column":null}},"40":{"start":{"line":99,"column":10},"end":{"line":99,"column":null}},"41":{"start":{"line":101,"column":10},"end":{"line":101,"column":null}},"42":{"start":{"line":103,"column":10},"end":{"line":108,"column":null}},"43":{"start":{"line":112,"column":4},"end":{"line":112,"column":null}},"44":{"start":{"line":115,"column":24},"end":{"line":148,"column":null}},"45":{"start":{"line":116,"column":29},"end":{"line":116,"column":null}},"46":{"start":{"line":117,"column":4},"end":{"line":117,"column":null}},"47":{"start":{"line":117,"column":15},"end":{"line":117,"column":null}},"48":{"start":{"line":119,"column":4},"end":{"line":147,"column":null}},"49":{"start":{"line":120,"column":20},"end":{"line":120,"column":null}},"50":{"start":{"line":121,"column":25},"end":{"line":121,"column":null}},"51":{"start":{"line":121,"column":46},"end":{"line":121,"column":67}},"52":{"start":{"line":122,"column":6},"end":{"line":122,"column":null}},"53":{"start":{"line":122,"column":23},"end":{"line":122,"column":null}},"54":{"start":{"line":125,"column":6},"end":{"line":144,"column":null}},"55":{"start":{"line":126,"column":25},"end":{"line":126,"column":null}},"56":{"start":{"line":126,"column":46},"end":{"line":126,"column":65}},"57":{"start":{"line":127,"column":8},"end":{"line":127,"column":null}},"58":{"start":{"line":127,"column":23},"end":{"line":127,"column":null}},"59":{"start":{"line":130,"column":8},"end":{"line":143,"column":null}},"60":{"start":{"line":131,"column":30},"end":{"line":131,"column":null}},"61":{"start":{"line":131,"column":56},"end":{"line":131,"column":77}},"62":{"start":{"line":132,"column":28},"end":{"line":132,"column":null}},"63":{"start":{"line":132,"column":54},"end":{"line":132,"column":73}},"64":{"start":{"line":134,"column":10},"end":{"line":137,"column":null}},"65":{"start":{"line":139,"column":10},"end":{"line":142,"column":null}},"66":{"start":{"line":139,"column":45},"end":{"line":142,"column":null}},"67":{"start":{"line":146,"column":6},"end":{"line":146,"column":null}},"68":{"start":{"line":183,"column":31},"end":{"line":183,"column":null}},"69":{"start":{"line":195,"column":31},"end":{"line":195,"column":null}},"70":{"start":{"line":226,"column":38},"end":{"line":226,"column":69}},"71":{"start":{"line":40,"column":24},"end":{"line":40,"column":null}}},"fnMap":{"0":{"name":"RothOptimizerToggle","decl":{"start":{"line":17,"column":16},"end":{"line":17,"column":36}},"loc":{"start":{"line":20,"column":27},"end":{"line":38,"column":null}}},"1":{"name":"(anonymous_1)","decl":{"start":{"line":21,"column":23},"end":{"line":21,"column":24}},"loc":{"start":{"line":21,"column":24},"end":{"line":23,"column":null}}},"2":{"name":"RothConversionOptimizer","decl":{"start":{"line":40,"column":24},"end":{"line":40,"column":null}},"loc":{"start":{"line":40,"column":24},"end":{"line":241,"column":null}}},"3":{"name":"(anonymous_3)","decl":{"start":{"line":50,"column":23},"end":{"line":50,"column":24}},"loc":{"start":{"line":50,"column":24},"end":{"line":52,"column":null}}},"4":{"name":"(anonymous_4)","decl":{"start":{"line":54,"column":45},"end":{"line":54,"column":null}},"loc":{"start":{"line":54,"column":45},"end":{"line":77,"column":null}}},"5":{"name":"(anonymous_5)","decl":{"start":{"line":56,"column":6},"end":{"line":56,"column":7}},"loc":{"start":{"line":56,"column":22},"end":{"line":56,"column":37}}},"6":{"name":"(anonymous_6)","decl":{"start":{"line":59,"column":26},"end":{"line":59,"column":null}},"loc":{"start":{"line":59,"column":26},"end":{"line":65,"column":null}}},"7":{"name":"(anonymous_7)","decl":{"start":{"line":79,"column":12},"end":{"line":79,"column":null}},"loc":{"start":{"line":79,"column":12},"end":{"line":81,"column":5}}},"8":{"name":"(anonymous_8)","decl":{"start":{"line":83,"column":12},"end":{"line":83,"column":null}},"loc":{"start":{"line":83,"column":12},"end":{"line":113,"column":5}}},"9":{"name":"(anonymous_9)","decl":{"start":{"line":90,"column":6},"end":{"line":90,"column":7}},"loc":{"start":{"line":90,"column":35},"end":{"line":110,"column":null}}},"10":{"name":"(anonymous_10)","decl":{"start":{"line":115,"column":24},"end":{"line":115,"column":25}},"loc":{"start":{"line":115,"column":25},"end":{"line":148,"column":null}}},"11":{"name":"(anonymous_11)","decl":{"start":{"line":119,"column":25},"end":{"line":119,"column":26}},"loc":{"start":{"line":119,"column":26},"end":{"line":147,"column":null}}},"12":{"name":"(anonymous_12)","decl":{"start":{"line":121,"column":36},"end":{"line":121,"column":37}},"loc":{"start":{"line":121,"column":46},"end":{"line":121,"column":67}}},"13":{"name":"(anonymous_13)","decl":{"start":{"line":126,"column":36},"end":{"line":126,"column":37}},"loc":{"start":{"line":126,"column":46},"end":{"line":126,"column":65}}},"14":{"name":"(anonymous_14)","decl":{"start":{"line":131,"column":46},"end":{"line":131,"column":47}},"loc":{"start":{"line":131,"column":56},"end":{"line":131,"column":77}}},"15":{"name":"(anonymous_15)","decl":{"start":{"line":132,"column":44},"end":{"line":132,"column":45}},"loc":{"start":{"line":132,"column":54},"end":{"line":132,"column":73}}},"16":{"name":"(anonymous_16)","decl":{"start":{"line":139,"column":27},"end":{"line":139,"column":28}},"loc":{"start":{"line":139,"column":45},"end":{"line":142,"column":null}}},"17":{"name":"(anonymous_17)","decl":{"start":{"line":183,"column":22},"end":{"line":183,"column":23}},"loc":{"start":{"line":183,"column":31},"end":{"line":183,"column":null}}},"18":{"name":"(anonymous_18)","decl":{"start":{"line":195,"column":22},"end":{"line":195,"column":23}},"loc":{"start":{"line":195,"column":31},"end":{"line":195,"column":null}}},"19":{"name":"(anonymous_20)","decl":{"start":{"line":226,"column":16},"end":{"line":226,"column":17}},"loc":{"start":{"line":226,"column":38},"end":{"line":226,"column":69}}}},"branchMap":{"0":{"loc":{"start":{"line":84,"column":4},"end":{"line":84,"column":null}},"type":"if","locations":[{"start":{"line":84,"column":4},"end":{"line":84,"column":null}}]},"1":{"loc":{"start":{"line":91,"column":8},"end":{"line":109,"column":null}},"type":"if","locations":[{"start":{"line":91,"column":8},"end":{"line":109,"column":null}}]},"2":{"loc":{"start":{"line":91,"column":12},"end":{"line":91,"column":62}},"type":"binary-expr","locations":[{"start":{"line":91,"column":12},"end":{"line":91,"column":26}},{"start":{"line":91,"column":26},"end":{"line":91,"column":62}}]},"3":{"loc":{"start":{"line":117,"column":4},"end":{"line":117,"column":null}},"type":"if","locations":[{"start":{"line":117,"column":4},"end":{"line":117,"column":null}}]},"4":{"loc":{"start":{"line":122,"column":6},"end":{"line":122,"column":null}},"type":"if","locations":[{"start":{"line":122,"column":6},"end":{"line":122,"column":null}}]},"5":{"loc":{"start":{"line":125,"column":6},"end":{"line":144,"column":null}},"type":"if","locations":[{"start":{"line":125,"column":6},"end":{"line":144,"column":null}}]},"6":{"loc":{"start":{"line":127,"column":8},"end":{"line":127,"column":null}},"type":"if","locations":[{"start":{"line":127,"column":8},"end":{"line":127,"column":null}}]},"7":{"loc":{"start":{"line":130,"column":8},"end":{"line":143,"column":null}},"type":"if","locations":[{"start":{"line":130,"column":8},"end":{"line":143,"column":null}}]},"8":{"loc":{"start":{"line":181,"column":19},"end":{"line":181,"column":null}},"type":"binary-expr","locations":[{"start":{"line":181,"column":19},"end":{"line":181,"column":36}},{"start":{"line":181,"column":36},"end":{"line":181,"column":null}}]},"9":{"loc":{"start":{"line":193,"column":19},"end":{"line":193,"column":null}},"type":"binary-expr","locations":[{"start":{"line":193,"column":19},"end":{"line":193,"column":34}},{"start":{"line":193,"column":34},"end":{"line":193,"column":null}}]}},"s":{"0":0,"1":0,"2":3,"3":0,"4":0,"5":0,"6":0,"7":0,"8":0,"9":0,"10":0,"11":0,"12":0,"13":0,"14":0,"15":0,"16":0,"17":0,"18":0,"19":0,"20":0,"21":0,"22":0,"23":0,"24":0,"25":0,"26":0,"27":0,"28":0,"29":0,"30":0,"31":0,"32":0,"33":0,"34":0,"35":0,"36":0,"37":0,"38":0,"39":0,"40":0,"41":0,"42":0,"43":0,"44":0,"45":0,"46":0,"47":0,"48":0,"49":0,"50":0,"51":0,"52":0,"53":0,"54":0,"55":0,"56":0,"57":0,"58":0,"59":0,"60":0,"61":0,"62":0,"63":0,"64":0,"65":0,"66":0,"67":0,"68":0,"69":0,"70":0,"71":3},"f":{"0":0,"1":0,"2":0,"3":0,"4":0,"5":0,"6":0,"7":0,"8":0,"9":0,"10":0,"11":0,"12":0,"13":0,"14":0,"15":0,"16":0,"17":0,"18":0,"19":0},"b":{"0":[0],"1":[0],"2":[0,0],"3":[0],"4":[0],"5":[0],"6":[0],"7":[0],"8":[0,0],"9":[0,0]}}
,"/home/koopertrooper/CSE416/DeepSeek-CSE416-Project/frontend/src/components/Spending Strategy/Column.tsx": {"path":"/home/koopertrooper/CSE416/DeepSeek-CSE416-Project/frontend/src/components/Spending Strategy/Column.tsx","statementMap":{"0":{"start":{"line":12,"column":25},"end":{"line":17,"column":null}},"1":{"start":{"line":11,"column":16},"end":{"line":11,"column":23}}},"fnMap":{"0":{"name":"Column","decl":{"start":{"line":11,"column":16},"end":{"line":11,"column":23}},"loc":{"start":{"line":11,"column":53},"end":{"line":33,"column":null}}}},"branchMap":{"0":{"loc":{"start":{"line":27,"column":13},"end":{"line":27,"column":41}},"type":"binary-expr","locations":[{"start":{"line":27,"column":13},"end":{"line":27,"column":41}}]}},"s":{"0":0,"1":5},"f":{"0":0},"b":{"0":[0]}}
,"/home/koopertrooper/CSE416/DeepSeek-CSE416-Project/frontend/src/components/Spending Strategy/DraggableItem.tsx": {"path":"/home/koopertrooper/CSE416/DeepSeek-CSE416-Project/frontend/src/components/Spending Strategy/DraggableItem.tsx","statementMap":{"0":{"start":{"line":7,"column":59},"end":{"line":10,"column":null}},"1":{"start":{"line":12,"column":37},"end":{"line":15,"column":null}},"2":{"start":{"line":17,"column":16},"end":{"line":21,"column":null}},"3":{"start":{"line":26,"column":8},"end":{"line":26,"column":null}},"4":{"start":{"line":27,"column":8},"end":{"line":27,"column":null}},"5":{"start":{"line":6,"column":16},"end":{"line":6,"column":30}}},"fnMap":{"0":{"name":"DraggableItem","decl":{"start":{"line":6,"column":16},"end":{"line":6,"column":30}},"loc":{"start":{"line":6,"column":54},"end":{"line":37,"column":null}}},"1":{"name":"(anonymous_1)","decl":{"start":{"line":25,"column":11},"end":{"line":25,"column":12}},"loc":{"start":{"line":25,"column":12},"end":{"line":28,"column":null}}}},"branchMap":{"0":{"loc":{"start":{"line":17,"column":16},"end":{"line":21,"column":null}},"type":"cond-expr","locations":[{"start":{"line":18,"column":6},"end":{"line":20,"column":null}},{"start":{"line":21,"column":6},"end":{"line":21,"column":null}}]}},"s":{"0":0,"1":0,"2":0,"3":0,"4":0,"5":5},"f":{"0":0,"1":0},"b":{"0":[0,0]}}
,"/home/koopertrooper/CSE416/DeepSeek-CSE416-Project/frontend/src/components/Spending Strategy/SpendingStrategy.tsx": {"path":"/home/koopertrooper/CSE416/DeepSeek-CSE416-Project/frontend/src/components/Spending Strategy/SpendingStrategy.tsx","statementMap":{"0":{"start":{"line":12,"column":19},"end":{"line":12,"column":null}},"1":{"start":{"line":13,"column":44},"end":{"line":13,"column":null}},"2":{"start":{"line":14,"column":33},"end":{"line":14,"column":null}},"3":{"start":{"line":15,"column":60},"end":{"line":16,"column":null}},"4":{"start":{"line":18,"column":32},"end":{"line":18,"column":null}},"5":{"start":{"line":20,"column":25},"end":{"line":22,"column":null}},"6":{"start":{"line":21,"column":4},"end":{"line":21,"column":null}},"7":{"start":{"line":24,"column":2},"end":{"line":26,"column":null}},"8":{"start":{"line":25,"column":4},"end":{"line":25,"column":null}},"9":{"start":{"line":28,"column":37},"end":{"line":48,"column":null}},"10":{"start":{"line":29,"column":51},"end":{"line":30,"column":null}},"11":{"start":{"line":30,"column":19},"end":{"line":30,"column":31}},"12":{"start":{"line":33,"column":19},"end":{"line":39,"column":null}},"13":{"start":{"line":34,"column":18},"end":{"line":36,"column":null}},"14":{"start":{"line":37,"column":19},"end":{"line":37,"column":null}},"15":{"start":{"line":38,"column":6},"end":{"line":38,"column":null}},"16":{"start":{"line":40,"column":4},"end":{"line":40,"column":null}},"17":{"start":{"line":41,"column":23},"end":{"line":41,"column":39}},"18":{"start":{"line":42,"column":25},"end":{"line":44,"column":null}},"19":{"start":{"line":45,"column":21},"end":{"line":45,"column":null}},"20":{"start":{"line":46,"column":4},"end":{"line":46,"column":null}},"21":{"start":{"line":47,"column":4},"end":{"line":47,"column":null}},"22":{"start":{"line":50,"column":2},"end":{"line":78,"column":null}},"23":{"start":{"line":51,"column":4},"end":{"line":51,"column":null}},"24":{"start":{"line":51,"column":23},"end":{"line":51,"column":null}},"25":{"start":{"line":53,"column":22},"end":{"line":53,"column":null}},"26":{"start":{"line":54,"column":29},"end":{"line":54,"column":31}},"27":{"start":{"line":56,"column":4},"end":{"line":75,"column":null}},"28":{"start":{"line":58,"column":8},"end":{"line":74,"column":null}},"29":{"start":{"line":60,"column":27},"end":{"line":60,"column":null}},"30":{"start":{"line":61,"column":24},"end":{"line":61,"column":null}},"31":{"start":{"line":62,"column":10},"end":{"line":65,"column":null}},"32":{"start":{"line":63,"column":12},"end":{"line":63,"column":null}},"33":{"start":{"line":64,"column":12},"end":{"line":64,"column":null}},"34":{"start":{"line":66,"column":10},"end":{"line":66,"column":null}},"35":{"start":{"line":68,"column":10},"end":{"line":73,"column":null}},"36":{"start":{"line":77,"column":4},"end":{"line":77,"column":null}},"37":{"start":{"line":80,"column":24},"end":{"line":113,"column":null}},"38":{"start":{"line":81,"column":29},"end":{"line":81,"column":null}},"39":{"start":{"line":82,"column":4},"end":{"line":82,"column":null}},"40":{"start":{"line":82,"column":15},"end":{"line":82,"column":null}},"41":{"start":{"line":84,"column":4},"end":{"line":112,"column":null}},"42":{"start":{"line":85,"column":20},"end":{"line":85,"column":null}},"43":{"start":{"line":86,"column":25},"end":{"line":86,"column":null}},"44":{"start":{"line":86,"column":46},"end":{"line":86,"column":67}},"45":{"start":{"line":87,"column":6},"end":{"line":87,"column":null}},"46":{"start":{"line":87,"column":23},"end":{"line":87,"column":null}},"47":{"start":{"line":90,"column":6},"end":{"line":109,"column":null}},"48":{"start":{"line":91,"column":25},"end":{"line":91,"column":null}},"49":{"start":{"line":91,"column":46},"end":{"line":91,"column":65}},"50":{"start":{"line":92,"column":8},"end":{"line":92,"column":null}},"51":{"start":{"line":92,"column":23},"end":{"line":92,"column":null}},"52":{"start":{"line":95,"column":8},"end":{"line":108,"column":null}},"53":{"start":{"line":96,"column":30},"end":{"line":96,"column":null}},"54":{"start":{"line":96,"column":56},"end":{"line":96,"column":77}},"55":{"start":{"line":97,"column":28},"end":{"line":97,"column":null}},"56":{"start":{"line":97,"column":54},"end":{"line":97,"column":73}},"57":{"start":{"line":99,"column":10},"end":{"line":102,"column":null}},"58":{"start":{"line":104,"column":10},"end":{"line":107,"column":null}},"59":{"start":{"line":104,"column":45},"end":{"line":107,"column":null}},"60":{"start":{"line":111,"column":6},"end":{"line":111,"column":null}},"61":{"start":{"line":149,"column":35},"end":{"line":149,"column":63}},"62":{"start":{"line":11,"column":24},"end":{"line":11,"column":null}}},"fnMap":{"0":{"name":"SpendingStrategy","decl":{"start":{"line":11,"column":24},"end":{"line":11,"column":null}},"loc":{"start":{"line":11,"column":24},"end":{"line":164,"column":null}}},"1":{"name":"(anonymous_1)","decl":{"start":{"line":20,"column":25},"end":{"line":20,"column":26}},"loc":{"start":{"line":20,"column":26},"end":{"line":22,"column":null}}},"2":{"name":"(anonymous_2)","decl":{"start":{"line":24,"column":12},"end":{"line":24,"column":null}},"loc":{"start":{"line":24,"column":12},"end":{"line":26,"column":5}}},"3":{"name":"(anonymous_3)","decl":{"start":{"line":28,"column":37},"end":{"line":28,"column":null}},"loc":{"start":{"line":28,"column":37},"end":{"line":48,"column":null}}},"4":{"name":"(anonymous_4)","decl":{"start":{"line":30,"column":6},"end":{"line":30,"column":7}},"loc":{"start":{"line":30,"column":19},"end":{"line":30,"column":31}}},"5":{"name":"(anonymous_5)","decl":{"start":{"line":33,"column":26},"end":{"line":33,"column":null}},"loc":{"start":{"line":33,"column":26},"end":{"line":39,"column":null}}},"6":{"name":"(anonymous_6)","decl":{"start":{"line":50,"column":12},"end":{"line":50,"column":null}},"loc":{"start":{"line":50,"column":12},"end":{"line":78,"column":5}}},"7":{"name":"(anonymous_7)","decl":{"start":{"line":57,"column":6},"end":{"line":57,"column":7}},"loc":{"start":{"line":57,"column":25},"end":{"line":75,"column":null}}},"8":{"name":"(anonymous_8)","decl":{"start":{"line":80,"column":24},"end":{"line":80,"column":25}},"loc":{"start":{"line":80,"column":25},"end":{"line":113,"column":null}}},"9":{"name":"(anonymous_9)","decl":{"start":{"line":84,"column":29},"end":{"line":84,"column":30}},"loc":{"start":{"line":84,"column":30},"end":{"line":112,"column":null}}},"10":{"name":"(anonymous_10)","decl":{"start":{"line":86,"column":36},"end":{"line":86,"column":37}},"loc":{"start":{"line":86,"column":46},"end":{"line":86,"column":67}}},"11":{"name":"(anonymous_11)","decl":{"start":{"line":91,"column":36},"end":{"line":91,"column":37}},"loc":{"start":{"line":91,"column":46},"end":{"line":91,"column":65}}},"12":{"name":"(anonymous_12)","decl":{"start":{"line":96,"column":46},"end":{"line":96,"column":47}},"loc":{"start":{"line":96,"column":56},"end":{"line":96,"column":77}}},"13":{"name":"(anonymous_13)","decl":{"start":{"line":97,"column":44},"end":{"line":97,"column":45}},"loc":{"start":{"line":97,"column":54},"end":{"line":97,"column":73}}},"14":{"name":"(anonymo
[...]
2":{"name":"(anonymous_2)","decl":{"start":{"line":41,"column":12},"end":{"line":41,"column":null}},"loc":{"start":{"line":41,"column":12},"end":{"line":43,"column":5}}},"3":{"name":"(anonymous_3)","decl":{"start":{"line":45,"column":12},"end":{"line":45,"column":null}},"loc":{"start":{"line":45,"column":12},"end":{"line":115,"column":5}}},"4":{"name":"(anonymous_4)","decl":{"start":{"line":46,"column":22},"end":{"line":46,"column":null}},"loc":{"start":{"line":46,"column":22},"end":{"line":112,"column":null}}},"5":{"name":"(anonymous_5)","decl":{"start":{"line":91,"column":50},"end":{"line":91,"column":57}},"loc":{"start":{"line":91,"column":57},"end":{"line":102,"column":null}}},"6":{"name":"(anonymous_6)","decl":{"start":{"line":148,"column":38},"end":{"line":148,"column":39}},"loc":{"start":{"line":149,"column":16},"end":{"line":163,"column":15}}}},"branchMap":{"0":{"loc":{"start":{"line":31,"column":4},"end":{"line":37,"column":null}},"type":"if","locations":[{"start":{"line":31,"column":4},"end":{"line":37,"column":null}},{"start":{"line":33,"column":11},"end":{"line":37,"column":null}}]},"1":{"loc":{"start":{"line":33,"column":11},"end":{"line":37,"column":null}},"type":"if","locations":[{"start":{"line":33,"column":11},"end":{"line":37,"column":null}},{"start":{"line":35,"column":11},"end":{"line":37,"column":null}}]},"2":{"loc":{"start":{"line":35,"column":11},"end":{"line":37,"column":null}},"type":"if","locations":[{"start":{"line":35,"column":11},"end":{"line":37,"column":null}}]},"3":{"loc":{"start":{"line":50,"column":8},"end":{"line":78,"column":null}},"type":"if","locations":[{"start":{"line":50,"column":8},"end":{"line":78,"column":null}}]},"4":{"loc":{"start":{"line":117,"column":2},"end":{"line":119,"column":null}},"type":"if","locations":[{"start":{"line":117,"column":2},"end":{"line":119,"column":null}}]},"5":{"loc":{"start":{"line":117,"column":6},"end":{"line":117,"column":35}},"type":"binary-expr","locations":[{"start":{"line":117,"column":6},"end":{"line":117,"column":17}},{"start":{"line":117,"column":17},"end":{"line":117,"column":35}}]},"6":{"loc":{"start":{"line":145,"column":9},"end":{"line":145,"column":null}},"type":"binary-expr","locations":[{"start":{"line":145,"column":9},"end":{"line":145,"column":null}}]},"7":{"loc":{"start":{"line":148,"column":14},"end":{"line":163,"column":15}},"type":"cond-expr","locations":[{"start":{"line":148,"column":14},"end":{"line":163,"column":15}}]},"8":{"loc":{"start":{"line":149,"column":16},"end":{"line":163,"column":15}},"type":"binary-expr","locations":[{"start":{"line":149,"column":16},"end":{"line":149,"column":null}},{"start":{"line":150,"column":18},"end":{"line":163,"column":15}}]}},"s":{"0":0,"1":0,"2":0,"3":0,"4":0,"5":0,"6":0,"7":0,"8":0,"9":0,"10":0,"11":0,"12":0,"13":0,"14":0,"15":0,"16":0,"17":0,"18":0,"19":0,"20":0,"21":0,"22":0,"23":0,"24":0,"25":0,"26":0,"27":0,"28":0,"29":0,"30":0,"31":0,"32":0,"33":0,"34":0,"35":0,"36":0,"37":0,"38":0,"39":0,"40":0,"41":5},"f":{"0":0,"1":0,"2":0,"3":0,"4":0,"5":0,"6":0},"b":{"0":[0,0],"1":[0,0],"2":[0],"3":[0],"4":[0],"5":[0,0],"6":[0],"7":[0],"8":[0,0]}}
,"/home/koopertrooper/CSE416/DeepSeek-CSE416-Project/frontend/src/pages/SimulationExplorationPage.tsx": {"path":"/home/koopertrooper/CSE416/DeepSeek-CSE416-Project/frontend/src/pages/SimulationExplorationPage.tsx","statementMap":{"0":{"start":{"line":8,"column":15},"end":{"line":8,"column":null}},"1":{"start":{"line":9,"column":45},"end":{"line":48,"column":null}},"2":{"start":{"line":10,"column":4},"end":{"line":47,"column":null}},"3":{"start":{"line":11,"column":21},"end":{"line":17,"column":null}},"4":{"start":{"line":12,"column":20},"end":{"line":14,"column":null}},"5":{"start":{"line":15,"column":21},"end":{"line":15,"column":null}},"6":{"start":{"line":16,"column":8},"end":{"line":16,"column":null}},"7":{"start":{"line":20,"column":8},"end":{"line":28,"column":null}},"8":{"start":{"line":30,"column":30},"end":{"line":35,"column":null}},"9":{"start":{"line":37,"column":6},"end":{"line":37,"column":null}},"10":{"start":{"line":39,"column":42},"end":{"line":40,"column":null}},"11":{"start":{"line":43,"column":6},"end":{"line":43,"column":null}},"12":{"start":{"line":45,"column":6},"end":{"line":45,"column":null}},"13":{"start":{"line":46,"column":6},"end":{"line":46,"column":null}},"14":{"start":{"line":78,"column":29},"end":{"line":78,"column":null}},"15":{"start":{"line":96,"column":29},"end":{"line":96,"column":null}},"16":{"start":{"line":105,"column":14},"end":{"line":105,"column":null}},"17":{"start":{"line":121,"column":35},"end":{"line":121,"column":null}},"18":{"start":{"line":133,"column":35},"end":{"line":133,"column":null}},"19":{"start":{"line":145,"column":35},"end":{"line":145,"column":null}},"20":{"start":{"line":156,"column":18},"end":{"line":156,"column":null}},"21":{"start":{"line":181,"column":29},"end":{"line":181,"column":null}},"22":{"start":{"line":192,"column":33},"end":{"line":192,"column":null}},"23":{"start":{"line":202,"column":33},"end":{"line":202,"column":null}},"24":{"start":{"line":214,"column":33},"end":{"line":214,"column":null}},"25":{"start":{"line":236,"column":29},"end":{"line":236,"column":null}},"26":{"start":{"line":247,"column":31},"end":{"line":247,"column":null}},"27":{"start":{"line":258,"column":25},"end":{"line":258,"column":null}},"28":{"start":{"line":7,"column":24},"end":{"line":7,"column":null}},"29":{"start":{"line":5,"column":0},"end":{"line":5,"column":54}},"30":{"start":{"line":7,"column":15},"end":{"line":7,"column":null}},"31":{"start":{"line":82,"column":9},"end":{"line":82,"column":13}},"32":{"start":{"line":180,"column":34},"end":{"line":180,"column":null}},"33":{"start":{"line":222,"column":13},"end":{"line":222,"column":23}},"34":{"start":{"line":223,"column":10},"end":{"line":223,"column":11}},"35":{"start":{"line":224,"column":10},"end":{"line":224,"column":13}}},"fnMap":{"0":{"name":"SimulationExplorationPage","decl":{"start":{"line":7,"column":24},"end":{"line":7,"column":null}},"loc":{"start":{"line":7,"column":24},"end":{"line":277,"column":null}}},"1":{"name":"(anonymous_1)","decl":{"start":{"line":9,"column":45},"end":{"line":9,"column":null}},"loc":{"start":{"line":9,"column":45},"end":{"line":48,"column":null}}},"2":{"name":"(anonymous_2)","decl":{"start":{"line":11,"column":28},"end":{"line":11,"column":null}},"loc":{"start":{"line":11,"column":28},"end":{"line":17,"column":null}}},"3":{"name":"(anonymous_3)","decl":{"start":{"line":78,"column":22},"end":{"line":78,"column":23}},"loc":{"start":{"line":78,"column":29},"end":{"line":78,"column":null}}},"4":{"name":"(anonymous_4)","decl":{"start":{"line":96,"column":22},"end":{"line":96,"column":23}},"loc":{"start":{"line":96,"column":29},"end":{"line":96,"column":null}}},"5":{"name":"(anonymous_5)","decl":{"start":{"line":104,"column":22},"end":{"line":104,"column":23}},"loc":{"start":{"line":105,"column":14},"end":{"line":105,"column":null}}},"6":{"name":"(anonymous_6)","decl":{"start":{"line":121,"column":28},"end":{"line":121,"column":29}},"loc":{"start":{"line":121,"column":35},"end":{"line":121,"column":null}}},"7":{"name":"(anonymous_7)","decl":{"start":{"line":133,"column":28},"end":{"line":133,"column":29}},"loc":{"start":{"line":133,"column":35},"end":{"line":133,"column":null}}},"8":{"name":"(anonymous_8)","decl":{"start":{"line":145,"column":28},"end":{"line":145,"column":29}},"loc":{"start":{"line":145,"column":35},"end":{"line":145,"column":null}}},"9":{"name":"(anonymous_9)","decl":{"start":{"line":155,"column":26},"end":{"line":155,"column":27}},"loc":{"start":{"line":156,"column":18},"end":{"line":156,"column":null}}},"10":{"name":"(anonymous_10)","decl":{"start":{"line":181,"column":22},"end":{"line":181,"column":23}},"loc":{"start":{"line":181,"column":29},"end":{"line":181,"column":null}}},"11":{"name":"(anonymous_11)","decl":{"start":{"line":192,"column":26},"end":{"line":192,"column":27}},"loc":{"start":{"line":192,"column":33},"end":{"line":192,"column":null}}},"12":{"name":"(anonymous_12)","decl":{"start":{"line":202,"column":26},"end":{"line":202,"column":27}},"loc":{"start":{"line":202,"column":33},"end":{"line":202,"column":null}}},"13":{"name":"(anonymous_13)","decl":{"start":{"line":214,"column":26},"end":{"line":214,"column":27}},"loc":{"start":{"line":214,"column":33},"end":{"line":214,"column":null}}},"14":{"name":"(anonymous_14)","decl":{"start":{"line":236,"column":22},"end":{"line":236,"column":23}},"loc":{"start":{"line":236,"column":29},"end":{"line":236,"column":null}}},"15":{"name":"(anonymous_15)","decl":{"start":{"line":247,"column":24},"end":{"line":247,"column":25}},"loc":{"start":{"line":247,"column":31},"end":{"line":247,"column":null}}},"16":{"name":"(anonymous_16)","decl":{"start":{"line":258,"column":19},"end":{"line":258,"column":25}},"loc":{"start":{"line":258,"column":25},"end":{"line":258,"column":null}}},"17":{"name":"(anonymous_3)","decl":{"start":{"line":82,"column":9},"end":{"line":82,"column":13}},"loc":{"start":{"line":82,"column":9},"end":{"line":82,"column":13}}},"18":{"name":"(anonymous_10)","decl":{"start":{"line":180,"column":34},"end":{"line":180,"column":null}},"loc":{"start":{"line":180,"column":34},"end":{"line":180,"column":null}}}},"branchMap":{"0":{"loc":{"start":{"line":20,"column":8},"end":{"line":28,"column":null}},"type":"cond-expr","locations":[{"start":{"line":21,"column":12},"end":{"line":21,"column":null}},{"start":{"line":22,"column":12},"end":{"line":28,"column":null}}]},"1":{"loc":{"start":{"line":113,"column":12},"end":{"line":150,"column":13}},"type":"cond-expr","locations":[{"start":{"line":113,"column":12},"end":{"line":150,"column":13}}]},"2":{"loc":{"start":{"line":260,"column":11},"end":{"line":260,"column":null}},"type":"cond-expr","locations":[{"start":{"line":260,"column":31},"end":{"line":260,"column":46}},{"start":{"line":260,"column":46},"end":{"line":260,"column":null}}]},"3":{"loc":{"start":{"line":264,"column":9},"end":{"line":264,"column":21}},"type":"binary-expr","locations":[{"start":{"line":264,"column":9},"end":{"line":264,"column":21}}]}},"s":{"0":0,"1":0,"2":0,"3":0,"4":0,"5":0,"6":0,"7":0,"8":0,"9":0,"10":0,"11":0,"12":0,"13":0,"14":0,"15":0,"16":0,"17":0,"18":0,"19":0,"20":0,"21":0,"22":0,"23":0,"24":0,"25":0,"26":0,"27":0,"28":3,"29":0,"30":0,"31":0,"32":0,"33":2,"34":2,"35":2},"f":{"0":0,"1":0,"2":0,"3":0,"4":0,"5":0,"6":0,"7":0,"8":0,"9":0,"10":0,"11":0,"12":0,"13":0,"14":0,"15":0,"16":0,"17":0,"18":0},"b":{"0":[0,0],"1":[0],"2":[0,0],"3":[0]}}
,"/home/koopertrooper/CSE416/DeepSeek-CSE416-Project/frontend/src/pages/StrategiesPage.tsx": {"path":"/home/koopertrooper/CSE416/DeepSeek-CSE416-Project/frontend/src/pages/StrategiesPage.tsx","statementMap":{"0":{"start":{"line":6,"column":24},"end":{"line":6,"column":null}},"1":{"start":{"line":1,"column":9},"end":{"line":1,"column":40}},"2":{"start":{"line":9,"column":6},"end":{"line":9,"column":15}},"3":{"start":{"line":9,"column":20},"end":{"line":9,"column":38}}},"fnMap":{"0":{"name":"Strategies","decl":{"start":{"line":6,"column":24},"end":{"line":6,"column":null}},"loc":{"start":{"line":6,"column":24},"end":{"line":57,"column":null}}}},"branchMap":{},"s":{"0":3,"1":2,"2":0,"3":0},"f":{"0":0},"b":{}}
,"/home/koopertrooper/CSE416/DeepSeek-CSE416-Project/frontend/src/pages/UserProfilePage.tsx": {"path":"/home/koopertrooper/CSE416/DeepSeek-CSE416-Project/frontend/src/pages/UserProfilePage.tsx","statementMap":{"0":{"start":{"line":6,"column":24},"end":{"line":122,"column":null}},"1":{"start":{"line":7,"column":34},"end":{"line":7,"column":null}},"2":{"start":{"line":8,"column":28},"end":{"line":8,"column":null}},"3":{"start":{"line":9,"column":34},"end":{"line":9,"column":null}},"4":{"start":{"line":10,"column":23},"end":{"line":10,"column":null}},"5":{"start":{"line":12,"column":2},"end":{"line":23,"column":null}},"6":{"start":{"line":13,"column":4},"end":{"line":22,"column":42}},"7":{"start":{"line":16,"column":8},"end":{"line":20,"column":null}},"8":{"start":{"line":17,"column":10},"end":{"line":17,"column":null}},"9":{"start":{"line":19,"column":10},"end":{"line":19,"column":null}},"10":{"start":{"line":22,"column":19},"end":{"line":22,"column":42}},"11":{"start":{"line":25,"column":27},"end":{"line":41,"column":null}},"12":{"start":{"line":26,"column":17},"end":{"line":26,"column":36}},"13":{"start":{"line":27,"column":4},"end":{"line":27,"column":null}},"14":{"start":{"line":27,"column":15},"end":{"line":27,"column":null}},"15":{"start":{"line":29,"column":19},"end":{"line":29,"column":null}},"16":{"start":{"line":30,"column":4},"end":{"line":39,"column":null}},"17":{"start":{"line":31,"column":6},"end":{"line":38,"column":null}},"18":{"start":{"line":32,"column":24},"end":{"line":32,"column":null}},"19":{"start":{"line":33,"column":23},"end":{"line":33,"column":39}},"20":{"start":{"line":34,"column":8},"end":{"line":34,"column":null}},"21":{"start":{"line":35,"column":8},"end":{"line":35,"column":null}},"22":{"start":{"line":37,"column":8},"end":{"line":37,"column":null}},"23":{"start":{"line":40,"column":4},"end":{"line":40,"column":null}},"24":{"start":{"line":43,"column":29},"end":{"line":62,"column":null}},"25":{"start":{"line":44,"column":4},"end":{"line":44,"column":null}},"26":{"start":{"line":44,"column":19},"end":{"line":44,"column":null}},"27":{"start":{"line":46,"column":21},"end":{"line":46,"column":null}},"28":{"start":{"line":47,"column":4},"end":{"line":47,"column":null}},"29":{"start":{"line":48,"column":4},"end":{"line":48,"column":null}},"30":{"start":{"line":49,"column":4},"end":{"line":49,"column":null}},"31":{"start":{"line":51,"column":4},"end":{"line":61,"column":null}},"32":{"start":{"line":52,"column":18},"end":{"line":54,"column":null}},"33":{"start":{"line":56,"column":6},"end":{"line":56,"column":null}},"34":{"start":{"line":57,"column":6},"end":{"line":57,"column":null}},"35":{"start":{"line":59,"column":6},"end":{"line":59,"column":null}},"36":{"start":{"line":60,"column":6},"end":{"line":60,"column":null}},"37":{"start":{"line":64,"column":25},"end":{"line":66,"column":null}},"38":{"start":{"line":65,"column":4},"end":{"line":65,"column":null}},"39":{"start":{"line":70,"column":22},"end":{"line":70,"column":73}},"40":{"start":{"line":86,"column":29},"end":{"line":86,"column":null}},"41":{"start":{"line":6,"column":6},"end":{"line":6,"column":24}}},"fnMap":{"0":{"name":"(anonymous_0)","decl":{"start":{"line":6,"column":24},"end":{"line":6,"column":null}},"loc":{"start":{"line":6,"column":24},"end":{"line":122,"column":null}}},"1":{"name":"(anonymous_1)","decl":{"start":{"line":12,"column":12},"end":{"line":12,"column":null}},"loc":{"start":{"line":12,"column":12},"end":{"line":23,"column":5}}},"2":{"name":"(anonymous_2)","decl":{"start":{"line":15,"column":12},"end":{"line":15,"column":13}},"loc":{"start":{"line":15,"column":13},"end":{"line":21,"column":null}}},"3":{"name":"(anonymous_3)","decl":{"start":{"line":22,"column":13},"end":{"line":22,"column":19}},"loc":{"start":{"line":22,"column":19},"end":{"line":22,"column":42}}},"4":{"name":"(anonymous_4)","decl":{"start":{"line":25,"column":27},"end":{"line":25,"column":28}},"loc":{"start":{"line":25,"column":28},"end":{"line":41,"column":null}}},"5":{"name":"(anonymous_5)","decl":{"start":{"line":30,"column":20},"end":{"line":30,"column":21}},"loc":{"start":{"line":30,"column":21},"end":{"line":39,"column":null}}},"6":{"name":"(anonymous_6)","decl":{"start":{"line":43,"column":29},"end":{"line":43,"column":null}},"loc":{"start":{"line":43,"column":29},"end":{"line":62,"column":null}}},"7":{"name":"(anonymous_7)","decl":{"start":{"line":64,"column":25},"end":{"line":64,"column":null}},"loc":{"start":{"line":64,"column":25},"end":{"line":66,"column":null}}},"8":{"name":"(anonymous_8)","decl":{"start":{"line":86,"column":22},"end":{"line":86,"column":23}},"loc":{"start":{"line":86,"column":29},"end":{"line":86,"column":null}}}},"branchMap":{"0":{"loc":{"start":{"line":16,"column":8},"end":{"line":20,"column":null}},"type":"if","locations":[{"start":{"line":16,"column":8},"end":{"line":20,"column":null}},{"start":{"line":18,"column":15},"end":{"line":20,"column":null}}]},"1":{"loc":{"start":{"line":16,"column":12},"end":{"line":16,"column":61}},"type":"binary-expr","locations":[{"start":{"line":16,"column":12},"end":{"line":16,"column":21}},{"start":{"line":16,"column":25},"end":{"line":16,"column":61}}]},"2":{"loc":{"start":{"line":27,"column":4},"end":{"line":27,"column":null}},"type":"if","locations":[{"start":{"line":27,"column":4},"end":{"line":27,"column":null}}]},"3":{"loc":{"start":{"line":44,"column":4},"end":{"line":44,"column":null}},"type":"if","locations":[{"start":{"line":44,"column":4},"end":{"line":44,"column":null}}]},"4":{"loc":{"start":{"line":70,"column":22},"end":{"line":70,"column":73}},"type":"cond-expr","locations":[{"start":{"line":70,"column":45},"end":{"line":70,"column":55}},{"start":{"line":70,"column":55},"end":{"line":70,"column":73}}]},"5":{"loc":{"start":{"line":106,"column":9},"end":{"line":106,"column":null}},"type":"binary-expr","locations":[{"start":{"line":106,"column":9},"end":{"line":106,"column":null}}]}},"s":{"0":5,"1":0,"2":0,"3":0,"4":0,"5":0,"6":0,"7":0,"8":0,"9":0,"10":0,"11":0,"12":0,"13":0,"14":0,"15":0,"16":0,"17":0,"18":0,"19":0,"20":0,"21":0,"22":0,"23":0,"24":0,"25":0,"26":0,"27":0,"28":0,"29":0,"30":0,"31":0,"32":0,"33":0,"34":0,"35":0,"36":0,"37":0,"38":0,"39":0,"40":0,"41":10},"f":{"0":0,"1":0,"2":0,"3":0,"4":0,"5":0,"6":0,"7":0,"8":0},"b":{"0":[0,0],"1":[0,0],"2":[0],"3":[0],"4":[0,0],"5":[0]}}
,"/home/koopertrooper/CSE416/DeepSeek-CSE416-Project/frontend/src/wrapper/CenteredFormWrapper.tsx": {"path":"/home/koopertrooper/CSE416/DeepSeek-CSE416-Project/frontend/src/wrapper/CenteredFormWrapper.tsx","statementMap":{"0":{"start":{"line":8,"column":64},"end":{"line":16,"column":null}},"1":{"start":{"line":8,"column":6},"end":{"line":8,"column":64}}},"fnMap":{"0":{"name":"(anonymous_0)","decl":{"start":{"line":8,"column":64},"end":{"line":8,"column":65}},"loc":{"start":{"line":10,"column":1},"end":{"line":16,"column":null}}}},"branchMap":{},"s":{"0":5,"1":5},"f":{"0":120},"b":{}}
,"/home/koopertrooper/CSE416/DeepSeek-CSE416-Project/frontend/src/wrapper/CollapsibleWrapper.tsx": {"path":"/home/koopertrooper/CSE416/DeepSeek-CSE416-Project/frontend/src/wrapper/CollapsibleWrapper.tsx","statementMap":{"0":{"start":{"line":15,"column":30},"end":{"line":15,"column":null}},"1":{"start":{"line":19,"column":57},"end":{"line":19,"column":null}},"2":{"start":{"line":10,"column":24},"end":{"line":10,"column":43}}},"fnMap":{"0":{"name":"CollapsibleWrapper","decl":{"start":{"line":10,"column":24},"end":{"line":10,"column":43}},"loc":{"start":{"line":14,"column":26},"end":{"line":31,"column":null}}},"1":{"name":"(anonymous_1)","decl":{"start":{"line":19,"column":51},"end":{"line":19,"column":57}},"loc":{"start":{"line":19,"column":57},"end":{"line":19,"column":null}}}},"branchMap":{"0":{"loc":{"start":{"line":13,"column":2},"end":{"line":13,"column":23}},"type":"default-arg","locations":[{"start":{"line":13,"column":18},"end":{"line":13,"column":23}}]},"1":{"loc":{"start":{"line":21,"column":40},"end":{"line":21,"column":62}},"type":"cond-expr","locations":[{"start":{"line":21,"column":49},"end":{"line":21,"column":58}},{"start":{"line":21,"column":58},"end":{"line":21,"column":62}}]},"2":{"loc":{"start":{"line":22,"column":11},"end":{"line":22,"column":null}},"type":"cond-expr","locations":[{"start":{"line":22,"column":20},"end":{"line":22,"column":26}},{"start":{"line":22,"column":26},"end":{"line":22,"column":null}}]},"3":{"loc":{"start":{"line":26,"column":45},"end":{"line":26,"column":67}},"type":"cond-expr","locations":[{"start":{"line":26,"column":54},"end":{"line":26,"column":63}},{"start":{"line":26,"column":63},"end":{"line":26,"column":67}}]}},"s":{"0":112,"1":0,"2":10},"f":{"0":112,"1":0},"b":{"0":[0],"1":[112,0],"2":[112,0],"3":[112,0]}}
}
