{"/home/koopertrooper/CSE416/DeepSeek-CSE416-Project/frontend/src/App.tsx": {"path":"/home/koopertrooper/CSE416/DeepSeek-CSE416-Project/frontend/src/App.tsx","statementMap":{"0":{"start":{"line":9,"column":9},"end":{"line":9,"column":null}}},"fnMap":{"0":{"name":"App","decl":{"start":{"line":9,"column":9},"end":{"line":9,"column":null}},"loc":{"start":{"line":9,"column":9},"end":{"line":22,"column":null}}}},"branchMap":{},"s":{"0":1},"f":{"0":2},"b":{}}
,"/home/koopertrooper/CSE416/DeepSeek-CSE416-Project/frontend/src/HelperContext.tsx": {"path":"/home/koopertrooper/CSE416/DeepSeek-CSE416-Project/frontend/src/HelperContext.tsx","statementMap":{"0":{"start":{"line":12,"column":22},"end":{"line":19,"column":null}},"1":{"start":{"line":13,"column":29},"end":{"line":13,"column":null}},"2":{"start":{"line":14,"column":35},"end":{"line":14,"column":null}},"3":{"start":{"line":15,"column":33},"end":{"line":15,"column":null}},"4":{"start":{"line":16,"column":33},"end":{"line":16,"column":null}},"5":{"start":{"line":21,"column":32},"end":{"line":21,"column":64}},"6":{"start":{"line":21,"column":38},"end":{"line":21,"column":62}},"7":{"start":{"line":21,"column":13},"end":{"line":21,"column":32}},"8":{"start":{"line":23,"column":78},"end":{"line":98,"column":2}},"9":{"start":{"line":26,"column":54},"end":{"line":26,"column":null}},"10":{"start":{"line":27,"column":42},"end":{"line":27,"column":null}},"11":{"start":{"line":29,"column":2},"end":{"line":32,"column":null}},"12":{"start":{"line":30,"column":4},"end":{"line":30,"column":null}},"13":{"start":{"line":31,"column":4},"end":{"line":31,"column":null}},"14":{"start":{"line":34,"column":24},"end":{"line":42,"column":null}},"15":{"start":{"line":35,"column":4},"end":{"line":41,"column":null}},"16":{"start":{"line":36,"column":18},"end":{"line":36,"column":null}},"17":{"start":{"line":37,"column":19},"end":{"line":37,"column":null}},"18":{"start":{"line":38,"column":6},"end":{"line":38,"column":null}},"19":{"start":{"line":40,"column":6},"end":{"line":40,"column":null}},"20":{"start":{"line":44,"column":28},"end":{"line":52,"column":null}},"21":{"start":{"line":45,"column":4},"end":{"line":51,"column":null}},"22":{"start":{"line":46,"column":18},"end":{"line":46,"column":null}},"23":{"start":{"line":47,"column":19},"end":{"line":47,"column":null}},"24":{"start":{"line":48,"column":6},"end":{"line":48,"column":null}},"25":{"start":{"line":50,"column":6},"end":{"line":50,"column":null}},"26":{"start":{"line":54,"column":30},"end":{"line":62,"column":null}},"27":{"start":{"line":55,"column":4},"end":{"line":61,"column":null}},"28":{"start":{"line":56,"column":18},"end":{"line":56,"column":null}},"29":{"start":{"line":57,"column":19},"end":{"line":57,"column":null}},"30":{"start":{"line":58,"column":6},"end":{"line":58,"column":null}},"31":{"start":{"line":60,"column":6},"end":{"line":60,"column":null}},"32":{"start":{"line":64,"column":34},"end":{"line":72,"column":null}},"33":{"start":{"line":65,"column":4},"end":{"line":71,"column":null}},"34":{"start":{"line":66,"column":18},"end":{"line":66,"column":null}},"35":{"start":{"line":67,"column":19},"end":{"line":67,"column":null}},"36":{"start":{"line":68,"column":6},"end":{"line":68,"column":null}},"37":{"start":{"line":70,"column":6},"end":{"line":70,"column":null}},"38":{"start":{"line":74,"column":28},"end":{"line":82,"column":null}},"39":{"start":{"line":75,"column":4},"end":{"line":81,"column":null}},"40":{"start":{"line":76,"column":18},"end":{"line":76,"column":null}},"41":{"start":{"line":77,"column":19},"end":{"line":77,"column":null}},"42":{"start":{"line":78,"column":6},"end":{"line":78,"column":null}},"43":{"start":{"line":80,"column":6},"end":{"line":80,"column":null}},"44":{"start":{"line":23,"column":13},"end":{"line":23,"column":78}}},"fnMap":{"0":{"name":"(anonymous_0)","decl":{"start":{"line":13,"column":17},"end":{"line":13,"column":29}},"loc":{"start":{"line":13,"column":29},"end":{"line":13,"column":null}}},"1":{"name":"(anonymous_1)","decl":{"start":{"line":14,"column":23},"end":{"line":14,"column":35}},"loc":{"start":{"line":14,"column":35},"end":{"line":14,"column":null}}},"2":{"name":"(anonymous_2)","decl":{"start":{"line":15,"column":21},"end":{"line":15,"column":33}},"loc":{"start":{"line":15,"column":33},"end":{"line":15,"column":null}}},"3":{"name":"(anonymous_3)","decl":{"start":{"line":16,"column":21},"end":{"line":16,"column":33}},"loc":{"start":{"line":16,"column":33},"end":{"line":16,"column":null}}},"4":{"name":"(anonymous_4)","decl":{"start":{"line":21,"column":32},"end":{"line":21,"column":38}},"loc":{"start":{"line":21,"column":32},"end":{"line":21,"column":64}}},"5":{"name":"(anonymous_5)","decl":{"start":{"line":23,"column":78},"end":{"line":23,"column":79}},"loc":{"start":{"line":25,"column":1},"end":{"line":98,"column":2}}},"6":{"name":"(anonymous_6)","decl":{"start":{"line":29,"column":12},"end":{"line":29,"column":null}},"loc":{"start":{"line":29,"column":12},"end":{"line":32,"column":5}}},"7":{"name":"(anonymous_7)","decl":{"start":{"line":34,"column":24},"end":{"line":34,"column":31}},"loc":{"start":{"line":34,"column":31},"end":{"line":42,"column":null}}},"8":{"name":"(anonymous_8)","decl":{"start":{"line":44,"column":28},"end":{"line":44,"column":null}},"loc":{"start":{"line":44,"column":28},"end":{"line":52,"column":null}}},"9":{"name":"(anonymous_9)","decl":{"start":{"line":54,"column":30},"end":{"line":54,"column":37}},"loc":{"start":{"line":54,"column":37},"end":{"line":62,"column":null}}},"10":{"name":"(anonymous_10)","decl":{"start":{"line":64,"column":34},"end":{"line":64,"column":null}},"loc":{"start":{"line":64,"column":34},"end":{"line":72,"column":null}}},"11":{"name":"(anonymous_11)","decl":{"start":{"line":74,"column":28},"end":{"line":74,"column":35}},"loc":{"start":{"line":74,"column":35},"end":{"line":82,"column":null}}}},"branchMap":{},"s":{"0":1,"1":0,"2":0,"3":0,"4":0,"5":1,"6":30,"7":1,"8":1,"9":6,"10":6,"11":6,"12":2,"13":2,"14":6,"15":2,"16":2,"17":2,"18":2,"19":0,"20":6,"21":2,"22":2,"23":2,"24":2,"25":0,"26":6,"27":0,"28":0,"29":0,"30":0,"31":0,"32":6,"33":2,"34":2,"35":2,"36":2,"37":0,"38":6,"39":18,"40":18,"41":18,"42":18,"43":0,"44":2},"f":{"0":0,"1":0,"2":0,"3":0,"4":30,"5":6,"6":2,"7":2,"8":2,"9":0,"10":2,"11":18},"b":{}}
,"/home/koopertrooper/CSE416/DeepSeek-CSE416-Project/frontend/src/components/AddPlan.tsx": {"path":"/home/koopertrooper/CSE416/DeepSeek-CSE416-Project/frontend/src/components/AddPlan.tsx","statementMap":{"0":{"start":{"line":6,"column":16},"end":{"line":33,"column":null}},"1":{"start":{"line":7,"column":32},"end":{"line":7,"column":null}},"2":{"start":{"line":13,"column":61},"end":{"line":13,"column":null}},"3":{"start":{"line":25,"column":60},"end":{"line":25,"column":79}},"4":{"start":{"line":6,"column":6},"end":{"line":6,"column":16}}},"fnMap":{"0":{"name":"(anonymous_0)","decl":{"start":{"line":6,"column":16},"end":{"line":6,"column":null}},"loc":{"start":{"line":6,"column":16},"end":{"line":33,"column":null}}},"1":{"name":"(anonymous_1)","decl":{"start":{"line":13,"column":55},"end":{"line":13,"column":61}},"loc":{"start":{"line":13,"column":61},"end":{"line":13,"column":null}}},"2":{"name":"(anonymous_2)","decl":{"start":{"line":25,"column":54},"end":{"line":25,"column":60}},"loc":{"start":{"line":25,"column":60},"end":{"line":25,"column":79}}}},"branchMap":{"0":{"loc":{"start":{"line":11,"column":7},"end":{"line":11,"column":null}},"type":"binary-expr","locations":[{"start":{"line":11,"column":7},"end":{"line":11,"column":null}}]},"1":{"loc":{"start":{"line":20,"column":7},"end":{"line":20,"column":null}},"type":"binary-expr","locations":[{"start":{"line":20,"column":7},"end":{"line":20,"column":null}}]}},"s":{"0":1,"1":6,"2":0,"3":0,"4":2},"f":{"0":6,"1":0,"2":0},"b":{"0":[6],"1":[6]}}
,"/home/koopertrooper/CSE416/DeepSeek-CSE416-Project/frontend/src/components/Banner.tsx": {"path":"/home/koopertrooper/CSE416/DeepSeek-CSE416-Project/frontend/src/components/Banner.tsx","statementMap":{"0":{"start":{"line":4,"column":15},"end":{"line":13,"column":null}},"1":{"start":{"line":4,"column":6},"end":{"line":4,"column":15}}},"fnMap":{"0":{"name":"(anonymous_0)","decl":{"start":{"line":4,"column":15},"end":{"line":4,"column":null}},"loc":{"start":{"line":4,"column":15},"end":{"line":13,"column":null}}}},"branchMap":{},"s":{"0":1,"1":1},"f":{"0":6},"b":{}}
,"/home/koopertrooper/CSE416/DeepSeek-CSE416-Project/frontend/src/components/LifeExpectency.tsx": {"path":"/home/koopertrooper/CSE416/DeepSeek-CSE416-Project/frontend/src/components/LifeExpectency.tsx","statementMap":{"0":{"start":{"line":4,"column":23},"end":{"line":51,"column":null}},"1":{"start":{"line":5,"column":48},"end":{"line":5,"column":null}},"2":{"start":{"line":7,"column":2},"end":{"line":50,"column":null}},"3":{"start":{"line":4,"column":6},"end":{"line":4,"column":23}}},"fnMap":{"0":{"name":"(anonymous_0)","decl":{"start":{"line":4,"column":23},"end":{"line":4,"column":24}},"loc":{"start":{"line":4,"column":24},"end":{"line":51,"column":null}}}},"branchMap":{"0":{"loc":{"start":{"line":7,"column":2},"end":{"line":50,"column":null}},"type":"if","locations":[{"start":{"line":7,"column":2},"end":{"line":50,"column":null}},{"start":{"line":39,"column":9},"end":{"line":50,"column":null}}]}},"s":{"0":1,"1":0,"2":0,"3":2},"f":{"0":0},"b":{"0":[0,0]}}
,"/home/koopertrooper/CSE416/DeepSeek-CSE416-Project/frontend/src/components/LoadingWheel.tsx": {"path":"/home/koopertrooper/CSE416/DeepSeek-CSE416-Project/frontend/src/components/LoadingWheel.tsx","statementMap":{"0":{"start":{"line":1,"column":24},"end":{"line":1,"column":null}}},"fnMap":{"0":{"name":"LoadingWheel","decl":{"start":{"line":1,"column":24},"end":{"line":1,"column":null}},"loc":{"start":{"line":1,"column":24},"end":{"line":7,"column":null}}}},"branchMap":{},"s":{"0":1},"f":{"0":2},"b":{}}
,"/home/koopertrooper/CSE416/DeepSeek-CSE416-Project/frontend/src/components/Sidebar.tsx": {"path":"/home/koopertrooper/CSE416/DeepSeek-CSE416-Project/frontend/src/components/Sidebar.tsx","statementMap":{"0":{"start":{"line":10,"column":16},"end":{"line":44,"column":null}},"1":{"start":{"line":11,"column":21},"end":{"line":16,"column":null}},"2":{"start":{"line":18,"column":21},"end":{"line":21,"column":null}},"3":{"start":{"line":10,"column":6},"end":{"line":10,"column":16}}},"fnMap":{"0":{"name":"(anonymous_0)","decl":{"start":{"line":10,"column":16},"end":{"line":10,"column":null}},"loc":{"start":{"line":10,"column":16},"end":{"line":44,"column":null}}}},"branchMap":{},"s":{"0":1,"1":6,"2":6,"3":1},"f":{"0":6},"b":{}}
,"/home/koopertrooper/CSE416/DeepSeek-CSE416-Project/frontend/src/pages/CreateScenarioPage.tsx": {"path":"/home/koopertrooper/CSE416/DeepSeek-CSE416-Project/frontend/src/pages/CreateScenarioPage.tsx","statementMap":{"0":{"start":{"line":6,"column":42},"end":{"line":6,"column":null}},"1":{"start":{"line":7,"column":54},"end":{"line":7,"column":null}},"2":{"start":{"line":28,"column":30},"end":{"line":28,"column":null}},"3":{"start":{"line":38,"column":30},"end":{"line":38,"column":null}},"4":{"start":{"line":91,"column":32},"end":{"line":91,"column":null}},"5":{"start":{"line":101,"column":32},"end":{"line":101,"column":null}},"6":{"start":{"line":5,"column":24},"end":{"line":5,"column":null}}},"fnMap":{"0":{"name":"CreateScenarioPage","decl":{"start":{"line":5,"column":24},"end":{"line":5,"column":null}},"loc":{"start":{"line":5,"column":24},"end":{"line":133,"column":null}}},"1":{"name":"(anonymous_1)","decl":{"start":{"line":28,"column":24},"end":{"line":28,"column":30}},"loc":{"start":{"line":28,"column":30},"end":{"line":28,"column":null}}},"2":{"name":"(anonymous_2)","decl":{"start":{"line":38,"column":24},"end":{"line":38,"column":30}},"loc":{"start":{"line":38,"column":30},"end":{"line":38,"column":null}}},"3":{"name":"(anonymous_3)","decl":{"start":{"line":91,"column":26},"end":{"line":91,"column":32}},"loc":{"start":{"line":91,"column":32},"end":{"line":91,"column":null}}},"4":{"name":"(anonymous_4)","decl":{"start":{"line":101,"column":26},"end":{"line":101,"column":32}},"loc":{"start":{"line":101,"column":32},"end":{"line":101,"column":null}}}},"branchMap":{},"s":{"0":0,"1":0,"2":0,"3":0,"4":0,"5":0,"6":2},"f":{"0":0,"1":0,"2":0,"3":0,"4":0},"b":{}}
,"/home/koopertrooper/CSE416/DeepSeek-CSE416-Project/frontend/src/pages/DashboardPage.tsx": {"path":"/home/koopertrooper/CSE416/DeepSeek-CSE416-Project/frontend/src/pages/DashboardPage.tsx","statementMap":{"0":{"start":{"line":12,"column":27},"end":{"line":12,"column":null}},"1":{"start":{"line":13,"column":34},"end":{"line":13,"column":null}},"2":{"start":{"line":17,"column":4},"end":{"line":20,"column":37}},"3":{"start":{"line":22,"column":2},"end":{"line":35,"column":null}},"4":{"start":{"line":23,"column":4},"end":{"line":34,"column":null}},"5":{"start":{"line":24,"column":28},"end":{"line":30,"column":null}},"6":{"start":{"line":25,"column":25},"end":{"line":27,"column":null}},"7":{"start":{"line":28,"column":8},"end":{"line":28,"column":null}},"8":{"start":{"line":29,"column":8},"end":{"line":29,"column":null}},"9":{"start":{"line":31,"column":6},"end":{"line":31,"column":null}},"10":{"start":{"line":33,"column":6},"end":{"line":33,"column":null}},"11":{"start":{"line":11,"column":9},"end":{"line":11,"column":null}}},"fnMap":{"0":{"name":"DashboardPage","decl":{"start":{"line":11,"column":9},"end":{"line":11,"column":null}},"loc":{"start":{"line":11,"column":9},"end":{"line":66,"column":null}}},"1":{"name":"(anonymous_1)","decl":{"start":{"line":22,"column":12},"end":{"line":22,"column":null}},"loc":{"start":{"line":22,"column":12},"end":{"line":35,"column":5}}},"2":{"name":"(anonymous_2)","decl":{"start":{"line":24,"column":28},"end":{"line":24,"column":null}},"loc":{"start":{"line":24,"column":28},"end":{"line":30,"column":null}}}},"branchMap":{"0":{"loc":{"start":{"line":46,"column":4},"end":{"line":48,"column":5}},"type":"cond-expr","locations":[{"start":{"line":46,"column":4},"end":{"line":48,"column":5}}]},"1":{"loc":{"start":{"line":53,"column":9},"end":{"line":53,"column":null}},"type":"binary-expr","locations":[{"start":{"line":53,"column":9},"end":{"line":53,"column":null}}]}},"s":{"0":10,"1":10,"2":10,"3":10,"4":2,"5":2,"6":2,"7":2,"8":2,"9":2,"10":0,"11":1},"f":{"0":10,"1":2,"2":2},"b":{"0":[2],"1":[8]}}
,"/home/koopertrooper/CSE416/DeepSeek-CSE416-Project/frontend/src/pages/LoginPage.tsx": {"path":"/home/koopertrooper/CSE416/DeepSeek-CSE416-Project/frontend/src/pages/LoginPage.tsx","statementMap":{"0":{"start":{"line":4,"column":18},"end":{"line":60,"column":null}},"1":{"start":{"line":5,"column":28},"end":{"line":11,"column":null}},"2":{"start":{"line":6,"column":27},"end":{"line":6,"column":112}},"3":{"start":{"line":8,"column":4},"end":{"line":8,"column":null}},"4":{"start":{"line":10,"column":4},"end":{"line":10,"column":null}},"5":{"start":{"line":4,"column":6},"end":{"line":4,"column":18}}},"fnMap":{"0":{"name":"(anonymous_0)","decl":{"start":{"line":4,"column":18},"end":{"line":4,"column":null}},"loc":{"start":{"line":4,"column":18},"end":{"line":60,"column":null}}},"1":{"name":"(anonymous_1)","decl":{"start":{"line":5,"column":28},"end":{"line":5,"column":null}},"loc":{"start":{"line":5,"column":28},"end":{"line":11,"column":null}}}},"branchMap":{},"s":{"0":1,"1":0,"2":0,"3":0,"4":0,"5":1},"f":{"0":0,"1":0},"b":{}}
,"/home/koopertrooper/CSE416/DeepSeek-CSE416-Project/frontend/src/pages/ScenarioPage.tsx": {"path":"/home/koopertrooper/CSE416/DeepSeek-CSE416-Project/frontend/src/pages/ScenarioPage.tsx","statementMap":{"0":{"start":{"line":8,"column":17},"end":{"line":8,"column":null}},"1":{"start":{"line":9,"column":2},"end":{"line":9,"column":null}},"2":{"start":{"line":10,"column":34},"end":{"line":10,"column":null}},"3":{"start":{"line":12,"column":4},"end":{"line":12,"column":null}},"4":{"start":{"line":14,"column":36},"end":{"line":14,"column":null}},"5":{"start":{"line":15,"column":48},"end":{"line":15,"column":null}},"6":{"start":{"line":16,"column":48},"end":{"line":17,"column":null}},"7":{"start":{"line":20,"column":2},"end":{"line":27,"column":null}},"8":{"start":{"line":21,"column":4},"end":{"line":21,"column":null}},"9":{"start":{"line":21,"column":13},"end":{"line":21,"column":null}},"10":{"start":{"line":22,"column":18},"end":{"line":25,"column":null}},"11":{"start":{"line":23,"column":18},"end":{"line":23,"column":null}},"12":{"start":{"line":24,"column":6},"end":{"line":24,"column":null}},"13":{"start":{"line":26,"column":4},"end":{"line":26,"column":null}},"14":{"start":{"line":29,"column":2},"end":{"line":35,"column":null}},"15":{"start":{"line":30,"column":4},"end":{"line":30,"column":null}},"16":{"start":{"line":30,"column":23},"end":{"line":30,"column":null}},"17":{"start":{"line":31,"column":29},"end":{"line":32,"column":null}},"18":{"start":{"line":32,"column":25},"end":{"line":32,"column":null}},"19":{"start":{"line":34,"column":4},"end":{"line":34,"column":null}},"20":{"start":{"line":37,"column":2},"end":{"line":45,"column":null}},"21":{"start":{"line":38,"column":4},"end":{"line":38,"column":null}},"22":{"start":{"line":38,"column":42},"end":{"line":38,"column":null}},"23":{"start":{"line":40,"column":36},"end":{"line":41,"column":null}},"24":{"start":{"line":41,"column":6},"end":{"line":41,"column":null}},"25":{"start":{"line":44,"column":4},"end":{"line":44,"column":null}},"26":{"start":{"line":47,"column":2},"end":{"line":67,"column":null}},"27":{"start":{"line":48,"column":31},"end":{"line":64,"column":null}},"28":{"start":{"line":49,"column":25},"end":{"line":49,"column":null}},"29":{"start":{"line":50,"column":6},"end":{"line":55,"column":null}},"30":{"start":{"line":51,"column":8},"end":{"line":52,"column":null}},"31":{"start":{"line":52,"column":10},"end":{"line":52,"column":null}},"32":{"start":{"line":53,"column":8},"end":{"line":54,"column":null}},"33":{"start":{"line":54,"column":10},"end":{"line":54,"column":null}},"34":{"start":{"line":57,"column":43},"end":{"line":57,"column":null}},"35":{"start":{"line":58,"column":6},"end":{"line":61,"column":null}},"36":{"start":{"line":59,"column":20},"end":{"line":59,"column":null}},"37":{"start":{"line":60,"column":8},"end":{"line":60,"column":null}},"38":{"start":{"line":63,"column":6},"end":{"line":63,"column":null}},"39":{"start":{"line":66,"column":4},"end":{"line":66,"column":null}},"40":{"start":{"line":66,"column":36},"end":{"line":66,"column":null}},"41":{"start":{"line":71,"column":22},"end":{"line":71,"column":42}},"42":{"start":{"line":72,"column":22},"end":{"line":72,"column":42}},"43":{"start":{"line":73,"column":27},"end":{"line":73,"column":52}},"44":{"start":{"line":74,"column":36},"end":{"line":74,"column":70}},"45":{"start":{"line":75,"column":22},"end":{"line":75,"column":42}},"46":{"start":{"line":76,"column":33},"end":{"line":76,"column":64}},"47":{"start":{"line":78,"column":15},"end":{"line":83,"column":null}},"48":{"start":{"line":100,"column":16},"end":{"line":102,"column":null}},"49":{"start":{"line":101,"column":18},"end":{"line":101,"column":null}},"50":{"start":{"line":103,"column":16},"end":{"line":105,"column":null}},"51":{"start":{"line":104,"column":18},"end":{"line":104,"column":null}},"52":{"start":{"line":106,"column":16},"end":{"line":106,"column":null}},"53":{"start":{"line":127,"column":27},"end":{"line":127,"column":null}},"54":{"start":{"line":155,"column":33},"end":{"line":155,"column":76}},"55":{"start":{"line":156,"column":33},"end":{"line":156,"column":76}},"56":{"start":{"line":7,"column":24},"end":{"line":7,"column":null}}},"fnMap":{"0":{"name":"ScenarioPage","decl":{"start":{"line":7,"column":24},"end":{"line":7,"column":null}},"loc":{"start":{"line":7,"column":24},"end":{"line":281,"column":null}}},"1":{"name":"(anonymous_1)","decl":{"start":{"line":20,"column":12},"end":{"line":20,"column":null}},"loc":{"start":{"line":20,"column":12},"end":{"line":27,"column":5}}},"2":{"name":"(anonymous_2)","decl":{"start":{"line":22,"column":18},"end":{"line":22,"column":null}},"loc":{"start":{"line":22,"column":18},"end":{"line":25,"column":null}}},"3":{"name":"(anonymous_3)","decl":{"start":{"line":29,"column":12},"end":{"line":29,"column":null}},"loc":{"start":{"line":29,"column":12},"end":{"line":35,"column":5}}},"4":{"name":"(anonymous_4)","decl":{"start":{"line":32,"column":6},"end":{"line":32,"column":7}},"loc":{"start":{"line":32,"column":25},"end":{"line":32,"column":null}}},"5":{"name":"(anonymous_5)","decl":{"start":{"line":37,"column":12},"end":{"line":37,"column":null}},"loc":{"start":{"line":37,"column":12},"end":{"line":45,"column":5}}},"6":{"name":"(anonymous_6)","decl":{"start":{"line":40,"column":62},"end":{"line":40,"column":63}},"loc":{"start":{"line":41,"column":6},"end":{"line":41,"column":null}}},"7":{"name":"(anonymous_7)","decl":{"start":{"line":47,"column":12},"end":{"line":47,"column":null}},"loc":{"start":{"line":47,"column":12},"end":{"line":67,"column":5}}},"8":{"name":"(anonymous_8)","decl":{"start":{"line":48,"column":31},"end":{"line":48,"column":null}},"loc":{"start":{"line":48,"column":31},"end":{"line":64,"column":null}}},"9":{"name":"(anonymous_9)","decl":{"start":{"line":99,"column":19},"end":{"line":99,"column":20}},"loc":{"start":{"line":99,"column":20},"end":{"line":107,"column":null}}},"10":{"name":"(anonymous_11)","decl":{"start":{"line":127,"column":21},"end":{"line":127,"column":27}},"loc":{"start":{"line":127,"column":27},"end":{"line":127,"column":null}}},"11":{"name":"(anonymous_13)","decl":{"start":{"line":154,"column":33},"end":{"line":154,"column":34}},"loc":{"start":{"line":154,"column":34},"end":{"line":186,"column":null}}}},"branchMap":{"0":{"loc":{"start":{"line":21,"column":4},"end":{"line":21,"column":null}},"type":"if","locations":[{"start":{"line":21,"column":4},"end":{"line":21,"column":null}}]},"1":{"loc":{"start":{"line":30,"column":4},"end":{"line":30,"column":null}},"type":"if","locations":[{"start":{"line":30,"column":4},"end":{"line":30,"column":null}}]},"2":{"loc":{"start":{"line":38,"column":4},"end":{"line":38,"column":null}},"type":"if","locations":[{"start":{"line":38,"column":4},"end":{"line":38,"column":null}}]},"3":{"loc":{"start":{"line":38,"column":8},"end":{"line":38,"column":42}},"type":"binary-expr","locations":[{"start":{"line":38,"column":8},"end":{"line":38,"column":21}},{"start":{"line":38,"column":21},"end":{"line":38,"column":42}}]},"4":{"loc":{"start":{"line":51,"column":8},"end":{"line":52,"column":null}},"type":"if","locations":[{"start":{"line":51,"column":8},"end":{"line":52,"column":null}}]},"5":{"loc":{"start":{"line":53,"column":8},"end":{"line":54,"column":null}},"type":"if","locations":[{"start":{"line":53,"column":8},"end":{"line":54,"column":null}}]},"6":{"loc":{"start":{"line":66,"column":4},"end":{"line":66,"column":null}},"type":"if","locations":[{"start":{"line":66,"column":4},"end":{"line":66,"column":null}}]},"7":{"loc":{"start":{"line":100,"column":16},"end":{"line":102,"column":null}},"type":"if","locations":[{"start":{"line":100,"column":16},"end":{"line":102,"column":null}}]},"8":{"loc":{"start":{"line":103,"column":16},"end":{"line":105,"column":null}},"type":"if","locations":[{"start":{"line":103,"column":16},"end":{"line":105,"column":null}}]},"9":{"loc":{"start":{"line":113,"column":13},"end":{"line":115,"column":37}},"type":"cond-expr","locations":[{"start":{"line":114,"column":16},"end":{"line":114,"column":68}},{"start":{"line":115,"column":16},"end":{"line":115,"column":37}}]},"10":{"loc":{"start":{"line":126,"column":37},"end":{"line":126,"column":75}},"type":"cond-expr","locations":[{"start":{"line":126,"column":60},"end":{"line":126,"column":71}},{"start":{"line":126,"column":71},"end":{"line":126,"column":75}}]},"11":{"loc":{"start":{"line":135,"column":7},"end":{"line":135,"column":null}},"type":"binary-expr","locations":[{"start":{"line":135,"column":7},"end":{"line":135,"column":null}}]},"12":{"loc":{"start":{"line":151,"column":7},"end":{"line":151,"column":null}},"type":"binary-expr","locations":[{"start":{"line":151,"column":7},"end":{"line":151,"column":null}}]},"13":{"loc":{"start":{"line":165,"column":21},"end":{"line":166,"column":51}},"type":"binary-expr","locations":[{"start":{"line":165,"column":21},"end":{"line":165,"column":null}},{"start":{"line":166,"column":22},"end":{"line":166,"column":51}}]},"14":{"loc":{"start":{"line":167,"column":21},"end":{"line":168,"column":88}},"type":"binary-expr","locations":[{"start":{"line":167,"column":21},"end":{"line":167,"column":null}},{"start":{"line":168,"column":22},"end":{"line":168,"column":88}}]},"15":{"loc":{"start":{"line":169,"column":21},"end":{"line":170,"column":87}},"type":"binary-expr","locations":[{"start":{"line":169,"column":21},"end":{"line":169,"column":null}},{"start":{"line":170,"column":22},"end":{"line":170,"column":87}}]},"16":{"loc":{"start":{"line":176,"column":21},"end":{"line":177,"column":51}},"type":"binary-expr","locations":[{"start":{"line":176,"column":21},"end":{"line":176,"column":null}},{"start":{"line":177,"column":22},"end":{"line":177,"column":51}}]},"17":{"loc":{"start":{"line":178,"column":21},"end":{"line":179,"column":88}},"type":"binary-expr","locations":[{"start":{"line":178,"column":21},"end":{"line":178,"column":null}},{"start":{"line":179,"column":22},"end":{"line":179,"column":88}}]},"18":{"loc":{"start":{"line":180,"column":21},"end":{"line":181,"column":87}},"type":"binary-expr","locations":[{"start":{"line":180,"column":21},"end":{"line":180,"column":null}},{"start":{"line":181,"column":22},"end":{"line":181,"column":87}}]},"19":{"loc":{"start":{"line":183,"column":33},"end":{"line":183,"column":null}},"type":"cond-expr","locations":[{"start":{"line":183,"column":54},"end":{"line":183,"column":62}},{"start":{"line":183,"column":62},"end":{"line":183,"column":null}}]},"20":{"loc":{"start":{"line":192,"column":7},"end":{"line":192,"column":null}},"type":"binary-expr","locations":[{"start":{"line":192,"column":7},"end":{"line":192,"column":null}}]},"21":{"loc":{"start":{"line":210,"column":17},"end":{"line":210,"column":null}},"type":"binary-expr","locations":[{"start":{"line":210,"column":17},"end":{"line":210,"column":null}}]},"22":{"loc":{"start":{"line":220,"column":17},"end":{"line":220,"column":null}},"type":"cond-expr","locations":[{"start":{"line":220,"column":49},"end":{"line":220,"column":57}},{"start":{"line":220,"column":57},"end":{"line":220,"column":null}}]},"23":{"loc":{"start":{"line":224,"column":34},"end":{"line":224,"column":null}},"type":"cond-expr","locations":[{"start":{"line":224,"column":63},"end":{"line":224,"column":71}},{"start":{"line":224,"column":71},"end":{"line":224,"column":null}}]},"24":{"loc":{"start":{"line":232,"column":7},"end":{"line":232,"column":null}},"type":"binary-expr","locations":[{"start":{"line":232,"column":7},"end":{"line":232,"column":null}}]},"25":{"loc":{"start":{"line":266,"column":30},"end":{"line":266,"column":null}},"type":"cond-expr","locations":[{"start":{"line":266,"column":59},"end":{"line":266,"column":67}},{"start":{"line":266,"column":67},"end":{"line":266,"column":null}}]}},"s":{"0":20,"1":20,"2":20,"3":20,"4":20,"5":20,"6":20,"7":20,"8":2,"9":0,"10":2,"11":2,"12":2,"13":2,"14":20,"15":2,"16":0,"17":2,"18":2,"19":2,"20":20,"21":5,"22":2,"23":3,"24":36,"25":3,"26":20,"27":5,"28":3,"29":3,"30":9,"31":9,"32":9,"33":9,"34":3,"35":3,"36":18,"37":18,"38":3,"39":5,"40":3,"41":18,"42":18,"43":18,"44":18,"45":18,"46":18,"47":18,"48":36,"49":18,"50":18,"51":18,"52":0,"53":0,"54":0,"55":0,"56":1},"f":{"0":20,"1":2,"2":2,"3":2,"4":2,"5":5,"6":36,"7":5,"8":3,"9":36,"10":0,"11":0},"b":{"0":[0],"1":[0],"2":[2],"3":[5,3],"4":[9],"5":[9],"6":[3],"7":[18],"8":[18],"9":[18,0],"10":[18,54],"11":[18],"12":[18],"13":[0,0],"14":[0,0],"15":[0,0],"16":[0,0],"17":[0,0],"18":[0,0],"19":[0,0],"20":[18],"21":[0],"22":[0,0],"23":[0,0],"24":[18],"25":[0,0]}}
}
