{"/home/koopertrooper/CSE416/DeepSeek-CSE416-Project/playwright.config.ts": {"path":"/home/koopertrooper/CSE416/DeepSeek-CSE416-Project/playwright.config.ts","statementMap":{"0":{"start":{"line":1,"column":0},"end":{"line":1,"column":null}},"1":{"start":{"line":7,"column":0},"end":{"line":7,"column":null}},"2":{"start":{"line":8,"column":0},"end":{"line":8,"column":24}},"3":{"start":{"line":8,"column":24},"end":{"line":8,"column":null}},"4":{"start":{"line":9,"column":0},"end":{"line":9,"column":null}},"5":{"start":{"line":11,"column":0},"end":{"line":73,"column":2}}},"fnMap":{"0":{"name":"_interopRequireDefault","decl":{"start":{"line":8,"column":24},"end":{"line":8,"column":null}},"loc":{"start":{"line":8,"column":24},"end":{"line":8,"column":null}}}},"branchMap":{"0":{"loc":{"start":{"line":8,"column":24},"end":{"line":8,"column":null}},"type":"cond-expr","locations":[{"start":{"line":8,"column":24},"end":{"line":8,"column":null}},{"start":{"line":8,"column":24},"end":{"line":8,"column":null}}]},"1":{"loc":{"start":{"line":21,"column":11},"end":{"line":21,"column":33}},"type":"cond-expr","locations":[{"start":{"line":21,"column":28},"end":{"line":21,"column":29}},{"start":{"line":21,"column":32},"end":{"line":21,"column":33}}]},"2":{"loc":{"start":{"line":23,"column":11},"end":{"line":23,"column":41}},"type":"cond-expr","locations":[{"start":{"line":23,"column":28},"end":{"line":23,"column":29}},{"start":{"line":23,"column":32},"end":{"line":23,"column":41}}]}},"s":{"0":4,"1":4,"2":4,"3":8,"4":4,"5":4},"f":{"0":8},"b":{"0":[8,16],"1":[0,4],"2":[0,4]}}
,"/home/koopertrooper/CSE416/DeepSeek-CSE416-Project/backend/controllers/distributions-controller.ts": {"path":"/home/koopertrooper/CSE416/DeepSeek-CSE416-Project/backend/controllers/distributions-controller.ts","statementMap":{"0":{"start":{"line":2,"column":0},"end":{"line":2,"column":51}},"1":{"start":{"line":4,"column":24},"end":{"line":14,"column":2}},"2":{"start":{"line":4,"column":62},"end":{"line":14,"column":2}},"3":{"start":{"line":5,"column":17},"end":{"line":5,"column":27}},"4":{"start":{"line":7,"column":2},"end":{"line":13,"column":3}},"5":{"start":{"line":8,"column":25},"end":{"line":8,"column":61}},"6":{"start":{"line":9,"column":4},"end":{"line":9,"column":50}},"7":{"start":{"line":11,"column":4},"end":{"line":11,"column":73}},"8":{"start":{"line":12,"column":4},"end":{"line":12,"column":54}},"9":{"start":{"line":17,"column":2},"end":{"line":17,"column":17}}},"fnMap":{"0":{"name":"(anonymous_8)","decl":{"start":{"line":4,"column":24},"end":{"line":4,"column":31}},"loc":{"start":{"line":4,"column":62},"end":{"line":14,"column":2}}},"1":{"name":"(anonymous_9)","decl":{"start":{"line":4,"column":62},"end":{"line":4,"column":null}},"loc":{"start":{"line":4,"column":62},"end":{"line":14,"column":1}}}},"branchMap":{},"s":{"0":1,"1":1,"2":0,"3":0,"4":0,"5":0,"6":0,"7":0,"8":0,"9":1},"f":{"0":0,"1":0},"b":{}}
,"/home/koopertrooper/CSE416/DeepSeek-CSE416-Project/backend/controllers/investmentTypes-controller.ts": {"path":"/home/koopertrooper/CSE416/DeepSeek-CSE416-Project/backend/controllers/investmentTypes-controller.ts","statementMap":{"0":{"start":{"line":2,"column":0},"end":{"line":2,"column":59}},"1":{"start":{"line":4,"column":26},"end":{"line":14,"column":2}},"2":{"start":{"line":4,"column":65},"end":{"line":14,"column":2}},"3":{"start":{"line":5,"column":17},"end":{"line":5,"column":27}},"4":{"start":{"line":7,"column":2},"end":{"line":13,"column":3}},"5":{"start":{"line":8,"column":27},"end":{"line":8,"column":65}},"6":{"start":{"line":9,"column":4},"end":{"line":9,"column":52}},"7":{"start":{"line":11,"column":4},"end":{"line":11,"column":76}},"8":{"start":{"line":12,"column":4},"end":{"line":12,"column":54}},"9":{"start":{"line":27,"column":2},"end":{"line":27,"column":19}},"10":{"start":{"line":16,"column":30},"end":{"line":24,"column":2}},"11":{"start":{"line":16,"column":69},"end":{"line":24,"column":2}},"12":{"start":{"line":17,"column":2},"end":{"line":23,"column":3}},"13":{"start":{"line":18,"column":28},"end":{"line":18,"column":62}},"14":{"start":{"line":19,"column":4},"end":{"line":19,"column":53}},"15":{"start":{"line":21,"column":4},"end":{"line":21,"column":71}},"16":{"start":{"line":22,"column":4},"end":{"line":22,"column":54}},"17":{"start":{"line":28,"column":2},"end":{"line":28,"column":23}}},"fnMap":{"0":{"name":"(anonymous_8)","decl":{"start":{"line":4,"column":26},"end":{"line":4,"column":33}},"loc":{"start":{"line":4,"column":65},"end":{"line":14,"column":2}}},"1":{"name":"(anonymous_9)","decl":{"start":{"line":4,"column":65},"end":{"line":4,"column":null}},"loc":{"start":{"line":4,"column":65},"end":{"line":14,"column":1}}},"2":{"name":"(anonymous_10)","decl":{"start":{"line":16,"column":30},"end":{"line":16,"column":37}},"loc":{"start":{"line":16,"column":69},"end":{"line":24,"column":2}}},"3":{"name":"(anonymous_11)","decl":{"start":{"line":16,"column":69},"end":{"line":16,"column":null}},"loc":{"start":{"line":16,"column":69},"end":{"line":24,"column":1}}}},"branchMap":{},"s":{"0":1,"1":1,"2":0,"3":0,"4":0,"5":0,"6":0,"7":0,"8":0,"9":1,"10":1,"11":0,"12":0,"13":0,"14":0,"15":0,"16":0,"17":1},"f":{"0":0,"1":0,"2":0,"3":0},"b":{}}
,"/home/koopertrooper/CSE416/DeepSeek-CSE416-Project/backend/controllers/scenario-controller.ts": {"path":"/home/koopertrooper/CSE416/DeepSeek-CSE416-Project/backend/controllers/scenario-controller.ts","statementMap":{"0":{"start":{"line":2,"column":0},"end":{"line":2,"column":64}},"1":{"start":{"line":4,"column":20},"end":{"line":14,"column":2}},"2":{"start":{"line":4,"column":59},"end":{"line":14,"column":2}},"3":{"start":{"line":5,"column":17},"end":{"line":5,"column":27}},"4":{"start":{"line":7,"column":2},"end":{"line":13,"column":3}},"5":{"start":{"line":8,"column":21},"end":{"line":8,"column":53}},"6":{"start":{"line":9,"column":4},"end":{"line":9,"column":46}},"7":{"start":{"line":11,"column":4},"end":{"line":11,"column":69}},"8":{"start":{"line":12,"column":4},"end":{"line":12,"column":54}},"9":{"start":{"line":28,"column":2},"end":{"line":28,"column":13}},"10":{"start":{"line":16,"column":24},"end":{"line":25,"column":null}},"11":{"start":{"line":16,"column":63},"end":{"line":25,"column":null}},"12":{"start":{"line":17,"column":2},"end":{"line":24,"column":3}},"13":{"start":{"line":18,"column":22},"end":{"line":18,"column":50}},"14":{"start":{"line":19,"column":4},"end":{"line":19,"column":47}},"15":{"start":{"line":22,"column":4},"end":{"line":22,"column":64}},"16":{"start":{"line":23,"column":4},"end":{"line":23,"column":54}},"17":{"start":{"line":29,"column":2},"end":{"line":29,"column":17}}},"fnMap":{"0":{"name":"(anonymous_7)","decl":{"start":{"line":4,"column":20},"end":{"line":4,"column":27}},"loc":{"start":{"line":4,"column":59},"end":{"line":14,"column":2}}},"1":{"name":"(anonymous_8)","decl":{"start":{"line":4,"column":59},"end":{"line":4,"column":null}},"loc":{"start":{"line":4,"column":59},"end":{"line":14,"column":1}}},"2":{"name":"(anonymous_9)","decl":{"start":{"line":16,"column":24},"end":{"line":16,"column":31}},"loc":{"start":{"line":16,"column":63},"end":{"line":25,"column":null}}},"3":{"name":"(anonymous_10)","decl":{"start":{"line":16,"column":63},"end":{"line":16,"column":null}},"loc":{"start":{"line":16,"column":63},"end":{"line":25,"column":1}}}},"branchMap":{},"s":{"0":1,"1":1,"2":0,"3":0,"4":0,"5":0,"6":0,"7":0,"8":0,"9":1,"10":1,"11":0,"12":0,"13":0,"14":0,"15":0,"16":0,"17":1},"f":{"0":0,"1":0,"2":0,"3":0},"b":{}}
,"/home/koopertrooper/CSE416/DeepSeek-CSE416-Project/backend/db/Distribution.js": {"path":"/home/koopertrooper/CSE416/DeepSeek-CSE416-Project/backend/db/Distribution.js","statementMap":{"0":{"start":{"line":1,"column":0},"end":{"line":1,"column":31}},"1":{"start":{"line":3,"column":27},"end":{"line":38,"column":2}},"2":{"start":{"line":11,"column":12},"end":{"line":11,"column":41}},"3":{"start":{"line":17,"column":12},"end":{"line":17,"column":42}},"4":{"start":{"line":23,"column":12},"end":{"line":23,"column":42}},"5":{"start":{"line":29,"column":12},"end":{"line":29,"column":43}},"6":{"start":{"line":35,"column":12},"end":{"line":35,"column":43}},"7":{"start":{"line":40,"column":21},"end":{"line":40,"column":71}},"8":{"start":{"line":42,"column":0},"end":{"line":42,"column":28}}},"fnMap":{"0":{"name":"(anonymous_1)","decl":{"start":{"line":10,"column":18},"end":{"line":10,"column":null}},"loc":{"start":{"line":10,"column":18},"end":{"line":12,"column":9}}},"1":{"name":"(anonymous_2)","decl":{"start":{"line":16,"column":18},"end":{"line":16,"column":null}},"loc":{"start":{"line":16,"column":18},"end":{"line":18,"column":9}}},"2":{"name":"(anonymous_3)","decl":{"start":{"line":22,"column":18},"end":{"line":22,"column":null}},"loc":{"start":{"line":22,"column":18},"end":{"line":24,"column":9}}},"3":{"name":"(anonymous_4)","decl":{"start":{"line":28,"column":18},"end":{"line":28,"column":null}},"loc":{"start":{"line":28,"column":18},"end":{"line":30,"column":9}}},"4":{"name":"(anonymous_5)","decl":{"start":{"line":34,"column":18},"end":{"line":34,"column":null}},"loc":{"start":{"line":34,"column":18},"end":{"line":36,"column":9}}}},"branchMap":{},"s":{"0":2,"1":2,"2":0,"3":0,"4":0,"5":0,"6":0,"7":2,"8":2},"f":{"0":0,"1":0,"2":0,"3":0,"4":0},"b":{}}
,"/home/koopertrooper/CSE416/DeepSeek-CSE416-Project/backend/db/DistributionSchemas.ts": {"path":"/home/koopertrooper/CSE416/DeepSeek-CSE416-Project/backend/db/DistributionSchemas.ts","statementMap":{"0":{"start":{"line":1,"column":0},"end":{"line":1,"column":33}},"1":{"start":{"line":3,"column":13},"end":{"line":8,"column":null}},"2":{"start":{"line":10,"column":13},"end":{"line":19,"column":null}},"3":{"start":{"line":21,"column":13},"end":{"line":30,"column":null}}},"fnMap":{},"branchMap":{},"s":{"0":2,"1":2,"2":2,"3":2},"f":{},"b":{}}
,"/home/koopertrooper/CSE416/DeepSeek-CSE416-Project/backend/db/EventSchema.ts": {"path":"/home/koopertrooper/CSE416/DeepSeek-CSE416-Project/backend/db/EventSchema.ts","statementMap":{"0":{"start":{"line":1,"column":0},"end":{"line":1,"column":34}},"1":{"start":{"line":2,"column":0},"end":{"line":2,"column":149}},"2":{"start":{"line":4,"column":16},"end":{"line":4,"column":54}},"3":{"start":{"line":7,"column":28},"end":{"line":7,"column":51}},"4":{"start":{"line":9,"column":24},"end":{"line":9,"column":47}},"5":{"start":{"line":11,"column":27},"end":{"line":11,"column":50}},"6":{"start":{"line":13,"column":24},"end":{"line":13,"column":47}},"7":{"start":{"line":15,"column":13},"end":{"line":20,"column":null}},"8":{"start":{"line":23,"column":24},"end":{"line":23,"column":77}},"9":{"start":{"line":25,"column":30},"end":{"line":31,"column":2}},"10":{"start":{"line":33,"column":0},"end":{"line":33,"column":56}},"11":{"start":{"line":34,"column":0},"end":{"line":34,"column":null}},"12":{"start":{"line":35,"column":0},"end":{"line":35,"column":null}},"13":{"start":{"line":36,"column":0},"end":{"line":36,"column":null}},"14":{"start":{"line":39,"column":27},"end":{"line":39,"column":83}},"15":{"start":{"line":41,"column":0},"end":{"line":41,"column":59}},"16":{"start":{"line":42,"column":0},"end":{"line":42,"column":null}},"17":{"start":{"line":43,"column":0},"end":{"line":43,"column":null}},"18":{"start":{"line":46,"column":23},"end":{"line":46,"column":76}},"19":{"start":{"line":49,"column":26},"end":{"line":59,"column":2}},"20":{"start":{"line":62,"column":38},"end":{"line":62,"column":110}},"21":{"start":{"line":63,"column":0},"end":{"line":63,"column":null}},"22":{"start":{"line":64,"column":0},"end":{"line":64,"column":null}},"23":{"start":{"line":65,"column":0},"end":{"line":65,"column":null}},"24":{"start":{"line":68,"column":27},"end":{"line":78,"column":2}},"25":{"start":{"line":79,"column":39},"end":{"line":79,"column":112}},"26":{"start":{"line":80,"column":0},"end":{"line":80,"column":null}},"27":{"start":{"line":81,"column":0},"end":{"line":81,"column":null}},"28":{"start":{"line":84,"column":24},"end":{"line":87,"column":2}},"29":{"start":{"line":89,"column":26},"end":{"line":95,"column":2}},"30":{"start":{"line":99,"column":29},"end":{"line":101,"column":2}},"31":{"start":{"line":103,"column":0},"end":{"line":103,"column":57}},"32":{"start":{"line":104,"column":0},"end":{"line":104,"column":59}},"33":{"start":{"line":105,"column":0},"end":{"line":105,"column":57}},"34":{"start":{"line":106,"column":0},"end":{"line":106,"column":63}}},"fnMap":{},"branchMap":{},"s":{"0":2,"1":2,"2":2,"3":2,"4":2,"5":2,"6":2,"7":2,"8":2,"9":2,"10":2,"11":2,"12":2,"13":2,"14":2,"15":2,"16":2,"17":2,"18":2,"19":2,"20":2,"21":2,"22":2,"23":2,"24":2,"25":2,"26":2,"27":2,"28":2,"29":2,"30":2,"31":2,"32":2,"33":2,"34":2},"f":{},"b":{}}
,"/home/koopertrooper/CSE416/DeepSeek-CSE416-Project/backend/db/InvestmentSchema.ts": {"path":"/home/koopertrooper/CSE416/DeepSeek-CSE416-Project/backend/db/InvestmentSchema.ts","statementMap":{"0":{"start":{"line":1,"column":0},"end":{"line":1,"column":31}},"1":{"start":{"line":3,"column":13},"end":{"line":21,"column":3}}},"fnMap":{},"branchMap":{},"s":{"0":2,"1":2},"f":{},"b":{}}
,"/home/koopertrooper/CSE416/DeepSeek-CSE416-Project/backend/db/InvestmentTypes.js": {"path":"/home/koopertrooper/CSE416/DeepSeek-CSE416-Project/backend/db/InvestmentTypes.js","statementMap":{"0":{"start":{"line":1,"column":0},"end":{"line":1,"column":32}},"1":{"start":{"line":2,"column":0},"end":{"line":2,"column":42}},"2":{"start":{"line":4,"column":29},"end":{"line":40,"column":2}},"3":{"start":{"line":42,"column":23},"end":{"line":42,"column":77}},"4":{"start":{"line":44,"column":0},"end":{"line":44,"column":30}}},"fnMap":{},"branchMap":{},"s":{"0":2,"1":2,"2":2,"3":2,"4":2},"f":{},"b":{}}
,"/home/koopertrooper/CSE416/DeepSeek-CSE416-Project/backend/db/Scenario.ts": {"path":"/home/koopertrooper/CSE416/DeepSeek-CSE416-Project/backend/db/Scenario.ts","statementMap":{"0":{"start":{"line":1,"column":0},"end":{"line":1,"column":37}},"1":{"start":{"line":2,"column":0},"end":{"line":2,"column":152}},"2":{"start":{"line":3,"column":0},"end":{"line":3,"column":41}},"3":{"start":{"line":5,"column":0},"end":{"line":5,"column":47}},"4":{"start":{"line":6,"column":0},"end":{"line":6,"column":64}},"5":{"start":{"line":8,"column":16},"end":{"line":8,"column":42}},"6":{"start":{"line":10,"column":28},"end":{"line":10,"column":51}},"7":{"start":{"line":12,"column":22},"end":{"line":118,"column":2}},"8":{"start":{"line":25,"column":16},"end":{"line":34,"column":17}},"9":{"start":{"line":26,"column":20},"end":{"line":26,"column":45}},"10":{"start":{"line":28,"column":21},"end":{"line":34,"column":17}},"11":{"start":{"line":30,"column":20},"end":{"line":30,"column":46}},"12":{"start":{"line":33,"column":20},"end":{"line":33,"column":33}},"13":{"start":{"line":44,"column":16},"end":{"line":52,"column":17}},"14":{"start":{"line":45,"column":20},"end":{"line":45,"column":45}},"15":{"start":{"line":47,"column":21},"end":{"line":52,"column":17}},"16":{"start":{"line":48,"column":20},"end":{"line":48,"column":46}},"17":{"start":{"line":51,"column":20},"end":{"line":51,"column":33}},"18":{"start":{"line":120,"column":28},"end":{"line":120,"column":92}},"19":{"start":{"line":122,"column":0},"end":{"line":122,"column":60}},"20":{"start":{"line":123,"column":0},"end":{"line":123,"column":null}},"21":{"start":{"line":124,"column":0},"end":{"line":124,"column":null}},"22":{"start":{"line":126,"column":33},"end":{"line":126,"column":102}},"23":{"start":{"line":128,"column":0},"end":{"line":128,"column":65}},"24":{"start":{"line":129,"column":0},"end":{"line":129,"column":null}},"25":{"start":{"line":130,"column":0},"end":{"line":130,"column":null}},"26":{"start":{"line":132,"column":13},"end":{"line":132,"column":62}}},"fnMap":{"0":{"name":"(anonymous_1)","decl":{"start":{"line":24,"column":23},"end":{"line":24,"column":32}},"loc":{"start":{"line":24,"column":47},"end":{"line":35,"column":13}}},"1":{"name":"(anonymous_2)","decl":{"start":{"line":43,"column":23},"end":{"line":43,"column":32}},"loc":{"start":{"line":43,"column":48},"end":{"line":53,"column":13}}}},"branchMap":{"0":{"loc":{"start":{"line":25,"column":16},"end":{"line":34,"column":17}},"type":"if","locations":[{"start":{"line":25,"column":16},"end":{"line":34,"column":17}},{"start":{"line":28,"column":21},"end":{"line":34,"column":17}}]},"1":{"loc":{"start":{"line":28,"column":21},"end":{"line":34,"column":17}},"type":"if","locations":[{"start":{"line":28,"column":21},"end":{"line":34,"column":17}},{"start":{"line":32,"column":20},"end":{"line":34,"column":17}}]},"2":{"loc":{"start":{"line":44,"column":16},"end":{"line":52,"column":17}},"type":"if","locations":[{"start":{"line":44,"column":16},"end":{"line":52,"column":17}},{"start":{"line":47,"column":21},"end":{"line":52,"column":17}}]},"3":{"loc":{"start":{"line":47,"column":21},"end":{"line":52,"column":17}},"type":"if","locations":[{"start":{"line":47,"column":21},"end":{"line":52,"column":17}},{"start":{"line":50,"column":20},"end":{"line":52,"column":17}}]}},"s":{"0":2,"1":2,"2":2,"3":2,"4":2,"5":2,"6":2,"7":2,"8":1,"9":0,"10":1,"11":1,"12":0,"13":1,"14":0,"15":1,"16":1,"17":0,"18":2,"19":2,"20":2,"21":2,"22":2,"23":2,"24":2,"25":2,"26":2},"f":{"0":1,"1":1},"b":{"0":[0,1],"1":[1,0],"2":[0,1],"3":[1,0]}}
,"/home/koopertrooper/CSE416/DeepSeek-CSE416-Project/backend/db/User.ts": {"path":"/home/koopertrooper/CSE416/DeepSeek-CSE416-Project/backend/db/User.ts","statementMap":{"0":{"start":{"line":1,"column":0},"end":{"line":1,"column":31}},"1":{"start":{"line":10,"column":19},"end":{"line":23,"column":2}},"2":{"start":{"line":25,"column":13},"end":{"line":25,"column":47}},"3":{"start":{"line":27,"column":0},"end":{"line":27,"column":20}}},"fnMap":{},"branchMap":{},"s":{"0":2,"1":2,"2":2,"3":2},"f":{},"b":{}}
,"/home/koopertrooper/CSE416/DeepSeek-CSE416-Project/backend/db/taxes.ts": {"path":"/home/koopertrooper/CSE416/DeepSeek-CSE416-Project/backend/db/taxes.ts","statementMap":{"0":{"start":{"line":1,"column":0},"end":{"line":1,"column":41}},"1":{"start":{"line":18,"column":13},"end":{"line":22,"column":null}},"2":{"start":{"line":24,"column":13},"end":{"line":35,"column":null}},"3":{"start":{"line":37,"column":13},"end":{"line":37,"column":66}}},"fnMap":{},"branchMap":{},"s":{"0":2,"1":2,"2":2,"3":2},"f":{},"b":{}}
,"/home/koopertrooper/CSE416/DeepSeek-CSE416-Project/backend/scraper/taxScraper.ts": {"path":"/home/koopertrooper/CSE416/DeepSeek-CSE416-Project/backend/scraper/taxScraper.ts","statementMap":{"0":{"start":{"line":12,"column":0},"end":{"line":12,"column":22}},"1":{"start":{"line":1,"column":0},"end":{"line":1,"column":35}},"2":{"start":{"line":2,"column":0},"end":{"line":2,"column":59}},"3":{"start":{"line":3,"column":0},"end":{"line":3,"column":27}},"4":{"start":{"line":4,"column":0},"end":{"line":4,"column":24}},"5":{"start":{"line":6,"column":0},"end":{"line":6,"column":null}},"6":{"start":{"line":8,"column":37},"end":{"line":8,"column":151}},"7":{"start":{"line":9,"column":40},"end":{"line":9,"column":128}},"8":{"start":{"line":10,"column":42},"end":{"line":10,"column":133}},"9":{"start":{"line":13,"column":4},"end":{"line":13,"column":null}},"10":{"start":{"line":15,"column":4},"end":{"line":15,"column":null}},"11":{"start":{"line":17,"column":20},"end":{"line":17,"column":60}},"12":{"start":{"line":18,"column":20},"end":{"line":20,"column":6}},"13":{"start":{"line":21,"column":17},"end":{"line":21,"column":40}},"14":{"start":{"line":22,"column":4},"end":{"line":22,"column":50}},"15":{"start":{"line":24,"column":31},"end":{"line":24,"column":38}},"16":{"start":{"line":25,"column":22},"end":{"line":25,"column":30}},"17":{"start":{"line":28,"column":22},"end":{"line":28,"column":79}},"18":{"start":{"line":31,"column":39},"end":{"line":32,"column":null}},"19":{"start":{"line":32,"column":33},"end":{"line":32,"column":null}},"20":{"start":{"line":32,"column":36},"end":{"line":32,"column":90}},"21":{"start":{"line":35,"column":40},"end":{"line":36,"column":null}},"22":{"start":{"line":36,"column":33},"end":{"line":36,"column":null}},"23":{"start":{"line":36,"column":36},"end":{"line":36,"column":90}},"24":{"start":{"line":39,"column":20},"end":{"line":42,"column":null}},"25":{"start":{"line":42,"column":28},"end":{"line":42,"column":95}},"26":{"start":{"line":45,"column":34},"end":{"line":45,"column":70}},"27":{"start":{"line":49,"column":4},"end":{"line":63,"column":5}},"28":{"start":{"line":50,"column":22},"end":{"line":50,"column":55}},"29":{"start":{"line":54,"column":56},"end":{"line":54,"column":139}},"30":{"start":{"line":56,"column":44},"end":{"line":60,"column":null}},"31":{"start":{"line":62,"column":8},"end":{"line":62,"column":null}},"32":{"start":{"line":66,"column":4},"end":{"line":80,"column":5}},"33":{"start":{"line":67,"column":22},"end":{"line":67,"column":55}},"34":{"start":{"line":71,"column":56},"end":{"line":71,"column":139}},"35":{"start":{"line":73,"column":44},"end":{"line":77,"column":null}},"36":{"start":{"line":79,"column":8},"end":{"line":79,"column":null}},"37":{"start":{"line":82,"column":4},"end":{"line":82,"column":53}},"38":{"start":{"line":84,"column":35},"end":{"line":86,"column":27}},"39":{"start":{"line":88,"column":4},"end":{"line":102,"column":5}},"40":{"start":{"line":89,"column":22},"end":{"line":89,"column":55}},"41":{"start":{"line":93,"column":30},"end":{"line":93,"column":56}},"42":{"start":{"line":95,"column":8},"end":{"line":101,"column":9}},"43":{"start":{"line":96,"column":12},"end":{"line":96,"column":null}},"44":{"start":{"line":97,"column":12},"end":{"line":97,"column":null}},"45":{"start":{"line":98,"column":14},"end":{"line":101,"column":9}},"46":{"start":{"line":99,"column":12},"end":{"line":99,"column":null}},"47":{"start":{"line":100,"column":12},"end":{"line":100,"column":null}},"48":{"start":{"line":104,"column":32},"end":{"line":104,"column":49}},"49":{"start":{"line":105,"column":27},"end":{"line":105,"column":28}},"50":{"start":{"line":106,"column":33},"end":{"line":106,"column":34}},"51":{"start":{"line":107,"column":39},"end":{"line":107,"column":71}},"52":{"start":{"line":108,"column":25},"end":{"line":108,"column":34}},"53":{"start":{"line":111,"column":4},"end":{"line":111,"column":55}},"54":{"start":{"line":113,"column":21},"end":{"line":113,"column":52}},"55":{"start":{"line":115,"column":45},"end":{"line":118,"column":10}},"56":{"start":{"line":121,"column":35},"end":{"line":121,"column":125}},"57":{"start":{"line":121,"column":62},"end":{"line":121,"column":124}},"58":{"start":{"line":122,"column":21},"end":{"line":122,"column":48}},"59":{"start":{"line":124,"column":4},"end":{"line":226,"column":5}},"60":{"start":{"line":126,"column":24},"end":{"line":126,"column":null}},"61":{"start":{"line":126,"column":89},"end":{"line":126,"column":190}},"62":{"start":{"line":128,"column":8},"end":{"line":224,"column":9}},"63":{"start":{"line":130,"column":27},"end":{"line":130,"column":56}},"64":{"start":{"line":131,"column":33},"end":{"line":131,"column":175}},"65":{"start":{"line":131,"column":127},"end":{"line":131,"column":174}},"66":{"start":{"line":132,"column":34},"end":{"line":132,"column":192}},"67":{"start":{"line":132,"column":144},"end":{"line":132,"column":191}},"68":{"start":{"line":134,"column":53},"end":{"line":137,"column":14}},"69":{"start":{"line":139,"column":12},"end":{"line":172,"column":13}},"70":{"start":{"line":140,"column":36},"end":{"line":140,"column":93}},"71":{"start":{"line":141,"column":52},"end":{"line":145,"column":null}},"72":{"start":{"line":146,"column":16},"end":{"line":146,"column":null}},"73":{"start":{"line":150,"column":35},"end":{"line":150,"column":92}},"74":{"start":{"line":151,"column":36},"end":{"line":151,"column":93}},"75":{"start":{"line":153,"column":16},"end":{"line":171,"column":17}},"76":{"start":{"line":154,"column":56},"end":{"line":158,"column":null}},"77":{"start":{"line":159,"column":20},"end":{"line":159,"column":null}},"78":{"start":{"line":161,"column":20},"end":{"line":161,"column":null}},"79":{"start":{"line":163,"column":56},"end":{"line":167,"column":null}},"80":{"start":{"line":168,"column":20},"end":{"line":168,"column":null}},"81":{"start":{"line":170,"column":20},"end":{"line":170,"column":null}},"82":{"start":{"line":174,"column":12},"end":{"line":206,"column":13}},"83":{"start":{"line":175,"column":36},"end":{"line":175,"column":93}},"84":{"start":{"line":176,"column":52},"end":{"line":180,"column":null}},"85":{"start":{"line":181,"column":16},"end":{"line":181,"column":null}},"86":{"start":{"line":184,"column":35},"end":{"line":184,"column":92}},"87":{"start":{"line":185,"column":36},"end":{"line":185,"column":93}},"88":{"start":{"line":187,"column":16},"end":{"line":205,"column":17}},"89":{"start":{"line":188,"column":56},"end":{"line":192,"column":null}},"90":{"start":{"line":193,"column":20},"end":{"line":193,"column":null}},"91":{"start":{"line":195,"column":20},"end":{"line":195,"column":null}},"92":{"start":{"line":197,"column":56},"end":{"line":201,"column":null}},"93":{"start":{"line":202,"column":20},"end":{"line":202,"column":null}},"94":{"start":{"line":204,"column":20},"end":{"line":204,"column":null}},"95":{"start":{"line":208,"column":54},"end":{"line":212,"column":null}},"96":{"start":{"line":213,"column":55},"end":{"line":217,"column":null}},"97":{"start":{"line":218,"column":12},"end":{"line":218,"column":null}},"98":{"start":{"line":219,"column":12},"end":{"line":219,"column":null}},"99":{"start":{"line":228,"column":4},"end":{"line":228,"column":null}},"100":{"start":{"line":229,"column":4},"end":{"line":229,"column":26}},"101":{"start":{"line":230,"column":4},"end":{"line":230,"column":null}}},"fnMap":{"0":{"name":"federalTaxScraper","decl":{"start":{"line":12,"column":22},"end":{"line":12,"column":39}},"loc":{"start":{"line":12,"column":39},"end":{"line":231,"column":2}}},"1":{"name":"(anonymous_10)","decl":{"start":{"line":32,"column":8},"end":{"line":32,"column":15}},"loc":{"start":{"line":32,"column":33},"end":{"line":32,"column":null}}},"2":{"name":"(anonymous_11)","decl":{"start":{"line":32,"column":33},"end":{"line":32,"column":36}},"loc":{"start":{"line":32,"column":33},"end":{"line":32,"column":90}}},"3":{"name":"(anonymous_12)","decl":{"start":{"line":36,"column":8},"end":{"line":36,"column":15}},"loc":{"start":{"line":36,"column":33},"end":{"line":36,"column":null}}},"4":{"name":"(anonymous_13)","decl":{"start":{"line":36,"column":33},"end":{"line":36,"column":36}},"loc":{"start":{"line":36,"column":33},"end":{"line":36,"column":90}}},"5":{"name":"(anonymous_14)","decl":{"start":{"line":42,"column":8},"end":{"line":42,"column":9}},"loc":{"start":{"line":42,"column":28},"end":{"line":42,"column":95}}},"6":{"name":"(anonymous_15)","decl":{"start":{"line":121,"column":53},"end":{"line":121,"column":54}},"loc":{"start":{"line":121,"column":62},"end":{"line":121,"column":124}}},"7":{"name":"(anonymous_16)","decl":{"start":{"line":126,"column":75},"end":{"line":126,"column":76}},"loc":{"start":{"line":126,"column":89},"end":{"line":126,"column":190}}},"8":{"name":"(anonymous_17)","decl":{"start":{"line":131,"column":110},"end":{"line":131,"column":123}},"loc":{"start":{"line":131,"column":127},"end":{"line":131,"column":174}}},"9":{"name":"(anonymous_18)","decl":{"start":{"line":132,"column":127},"end":{"line":132,"column":140}},"loc":{"start":{"line":132,"column":144},"end":{"line":132,"column":191}}},"10":{"name":"federalIncomeTax","decl":{"start":{"line":234,"column":15},"end":{"line":234,"column":31}},"loc":{"start":{"line":234,"column":31},"end":{"line":236,"column":null}}},"11":{"name":"federalStandardDeductions","decl":{"start":{"line":239,"column":15},"end":{"line":239,"column":40}},"loc":{"start":{"line":239,"column":40},"end":{"line":241,"column":null}}},"12":{"name":"capitalGainsTax","decl":{"start":{"line":243,"column":15},"end":{"line":243,"column":30}},"loc":{"start":{"line":243,"column":30},"end":{"line":245,"column":null}}}},"branchMap":{"0":{"loc":{"start":{"line":8,"column":37},"end":{"line":8,"column":151}},"type":"binary-expr","locations":[{"start":{"line":8,"column":37},"end":{"line":8,"column":81}},{"start":{"line":8,"column":85},"end":{"line":8,"column":151}}]},"1":{"loc":{"start":{"line":9,"column":40},"end":{"line":9,"column":128}},"type":"binary-expr","locations":[{"start":{"line":9,"column":40},"end":{"line":9,"column":86}},{"start":{"line":9,"column":90},"end":{"line":9,"column":128}}]},"2":{"loc":{"start":{"line":10,"column":42},"end":{"line":10,"column":133}},"type":"binary-expr","locations":[{"start":{"line":10,"column":42},"end":{"line":10,"column":92}},{"start":{"line":10,"column":96},"end":{"line":10,"column":133}}]},"3":{"loc":{"start":{"line":42,"column":28},"end":{"line":42,"column":95}},"type":"cond-expr","locations":[{"start":{"line":42,"column":53},"end":{"line":42,"column":91}},{"start":{"line":42,"column":94},"end":{"line":42,"column":95}}]},"4":{"loc":{"start":{"line":59,"column":30},"end":{"line":59,"column":166}},"type":"cond-expr","locations":[{"start":{"line":59,"column":102},"end":{"line":59,"column":110}},{"start":{"line":59,"column":113},"end":{"line":59,"column":166}}]},"5":{"loc":{"start":{"line":76,"column":30},"end":{"line":76,"column":166}},"type":"cond-expr","locations":[{"start":{"line":76,"column":102},"end":{"line":76,"column":110}},{"start":{"line":76,"column":113},"end":{"line":76,"column":166}}]},"6":{"loc":{"start":{"line":95,"column":8},"end":{"line":101,"column":9}},"type":"if","locations":[{"start":{"line":95,"column":8},"end":{"line":101,"column":9}},{"start":{"line":98,"column":14},"end":{"line":101,"column":9}}]},"7":{"loc":{"start":{"line":98,"column":14},"end":{"line":101,"column":9}},"type":"if","locations":[{"start":{"line":98,"column":14},"end":{"line":101,"column":9}}]},"8":{"loc":{"start":{"line":121,"column":65},"end":{"line":121,"column":123}},"type":"cond-expr","locations":[{"start":{"line":121,"column":98},"end":{"line":121,"column":116}},{"start":{"line":121,"column":119},"end":{"line":121,"column":123}}]},"9":{"loc":{"start":{"line":121,"column":65},"end":{"line":121,"column":87}},"type":"cond-expr","locations":[{"start":{"line":121,"column":80},"end":{"line":121,"column":82}},{"start":{"line":121,"column":65},"end":{"line":121,"column":87}}]},"10":{"loc":{"start":{"line":121,"column":65},"end":{"line":121,"column":82}},"type":"binary-expr","locations":[{"start":{"line":121,"column":65},"end":{"line":121,"column":82}},{"start":{"line":121,"column":65},"end":{"line":121,"column":82}}]},"11":{"loc":{"start":{"line":126,"column":30},"end":{"line":126,"column":190}},"type":"cond-expr","locations":[{"start":{"line":126,"column":53},"end":{"line":126,"column":55}},{"start":{"line":126,"column":53},"end":{"line":126,"column":190}}]},"12":{"loc":{"start":{"line":126,"column":30},"end":{"line":126,"column":55}},"type":"binary-expr","locations":[{"start":{"line":126,"column":30},"end":{"line":126,"column":55}},{"start":{"line":126,"column":53},"end":{"line":126,"column":55}}]},"13":{"loc":{"start":{"line":126,"column":89},"end":{"line":126,"column":188}},"type":"binary-expr","locations":[{"start":{"line":126,"column":89},"end":{"line":126,"column":180}},{"start":{"line":126,"column":184},"end":{"line":126,"column":188}}]},"14":{"loc":{"start":{"line":126,"column":89},"end":{"line":126,"column":180}},"type":"cond-expr","locations":[{"start":{"line":126,"column":163},"end":{"line":126,"column":165}},{"start":{"line":126,"column":163},"end":{"line":126,"column":180}}]},"15":{"loc":{"start":{"line":126,"column":89},"end":{"line":126,"column":165}},"type":"binary-expr","locations":[{"start":{"line":126,"column":89},"end":{"line":126,"column":165}},{"start":{"line":126,"column":163},"end":{"line":126,"column":165}}]},"16":{"loc":{"start":{"line":126,"column":89},"end":{"line":126,"column":163}},"type":"cond-expr","locations":[{"start":{"line":126,"column":158},"end":{"line":126,"column":161}},{"start":{"line":126,"column":158},"end":{"line":126,"column":163}}]},"17":{"loc":{"start":{"line":126,"column":89},"end":{"line":126,"column":161}},"type":"binary-expr","locations":[{"start":{"line":126,"column":89},"end":{"line":126,"column":161}},{"start":{"line":126,"column":158},"end":{"line":126,"column":161}}]},"18":{"loc":{"start":{"line":126,"column":89},"end":{"line":126,"column":158}},"type":"cond-expr","locations":[{"start":{"line":126,"column":133},"end":{"line":126,"column":136}},{"start":{"line":126,"column":133},"end":{"line":126,"column":158}}]},"19":{"loc":{"start":{"line":126,"column":89},"end":{"line":126,"column":136}},"type":"binary-expr","locations":[{"start":{"line":126,"column":89},"end":{"line":126,"column":136}},{"start":{"line":126,"column":133},"end":{"line":126,"column":136}}]},"20":{"loc":{"start":{"line":126,"column":89},"end":{"line":126,"column":133}},"type":"cond-expr","locations":[{"start":{"line":126,"column":98},"end":{"line":126,"column":100}},{"start":{"line":126,"column":89},"end":{"line":126,"column":133}}]},"21":{"loc":{"start":{"line":126,"column":89},"end":{"line":126,"column":100}},"type":"binary-expr","locations":[{"start":{"line":126,"column":89},"end":{"line":126,"column":100}},{"start":{"line":126,"column":89},"end":{"line":126,"column":100}}]},"22":{"loc":{"start":{"line":128,"column":8},"end":{"line":224,"column":9}},"type":"if","locations":[{"start":{"line":128,"column":8},"end":{"line":224,"column":9}},{"start":{"line":207,"column":13},"end":{"line":224,"column":9}}]},"23":{"loc":{"start":{"line":131,"column":127},"end":{"line":131,"column":174}},"type":"binary-expr","locations":[{"start":{"line":131,"column":127},"end":{"line":131,"column":168}},{"start":{"line":131,"column":172},"end":{"line":131,"column":174}}]},"24":{"loc":{"start":{"line":131,"column":127},"end":{"line":131,"column":168}},"type":"cond-expr","locations":[{"start":{"line":131,"column":140},"end":{"line":131,"column":142}},{"start":{"line":131,"column":127},"end":{"line":131,"column":168}}]},"25":{"loc":{"start":{"line":131,"column":127},"end":{"line":131,"column":142}},"type":"binary-expr","locations":[{"start":{"line":131,"column":127},"end":{"line":131,"column":142}},{"start":{"line":131,"column":127},"end":{"line":131,"column":142}}]},"26":{"loc":{"start":{"line":132,"column":144},"end":{"line":132,"column":191}},"type":"binary-expr","locations":[{"start":{"line":132,"column":144},"end":{"line":132,"column":185}},{"start":{"line":132,"column":189},"end":{"line":132,"column":191}}]},"27":{"loc":{"start":{"line":132,"column":144},"end":{"line":132,"column":185}},"type":"cond-expr","locations":[{"start":{"line":132,"column":157},"end":{"line":132,"column":159}},{"start":{"line":132,"column":144},"end":{"line":132,"column":185}}]},"28":{"loc":{"start":{"line":132,"column":144},"end":{"line":132,"column":159}},"type":"binary-expr","locations":[{"start":{"line":132,"column":144},"end":{"line":132,"column":159}},{"start":{"line":132,"column":144},"end":{"line":132,"column":159}}]},"29":{"loc":{"start":{"line":139,"column":12},"end":{"line":172,"column":13}},"type":"if","locations":[{"start":{"line":139,"column":12},"end":{"line":172,"column":13}},{"start":{"line":148,"column":17},"end":{"line":172,"column":13}}]},"30":{"loc":{"start":{"line":139,"column":15},"end":{"line":139,"column":37}},"type":"cond-expr","locations":[{"start":{"line":139,"column":29},"end":{"line":139,"column":31}},{"start":{"line":139,"column":15},"end":{"line":139,"column":37}}]},"31":{"loc":{"start":{"line":139,"column":15},"end":{"line":139,"column":31}},"type":"binary-expr","locations":[{"start":{"line":139,"column":15},"end":{"line":139,"column":31}},{"start":{"line":139,"column":15},"end":{"line":139,"column":31}}]},"32":{"loc":{"start":{"line":153,"column":16},"end":{"line":171,"column":17}},"type":"if","locations":[{"start":{"line":153,"column":16},"end":{"line":171,"column":17}},{"start":{"line":162,"column":21},"end":{"line":171,"column":17}}]},"33":{"loc":{"start":{"line":174,"column":12},"end":{"line":206,"column":13}},"type":"if","locations":[{"start":{"line":174,"column":12},"end":{"line":206,"column":13}},{"start":{"line":183,"column":17},"end":{"line":206,"column":13}}]},"34":{"loc":{"start":{"line":174,"column":15},"end":{"line":174,"column":37}},"type":"cond-expr","locations":[{"start":{"line":174,"column":29},"end":{"line":174,"column":31}},{"start":{"line":174,"column":15},"end":{"line":174,"column":37}}]},"35":{"loc":{"start":{"line":174,"column":15},"end":{"line":174,"column":31}},"type":"binary-expr","locations":[{"start":{"line":174,"column":15},"end":{"line":174,"column":31}},{"start":{"line":174,"column":15},"end":{"line":174,"column":31}}]},"36":{"loc":{"start":{"line":187,"column":16},"end":{"line":205,"column":17}},"type":"if","locations":[{"start":{"line":187,"column":16},"end":{"line":205,"column":17}},{"start":{"line":196,"column":21},"end":{"line":205,"column":17}}]}},"s":{"0":1,"1":1,"2":1,"3":1,"4":1,"5":1,"6":1,"7":1,"8":1,"9":0,"10":0,"11":0,"12":0,"13":0,"14":0,"15":0,"16":0,"17":0,"18":0,"19":0,"20":0,"21":0,"22":0,"23":0,"24":0,"25":0,"26":0,"27":0,"28":0,"29":0,"30":0,"31":0,"32":0,"33":0,"34":0,"35":0,"36":0,"37":0,"38":0,"39":0,"40":0,"41":0,"42":0,"43":0,"44":0,"45":0,"46":0,"47":0,"48":0,"49":0,"50":0,"51":0,"52":0,"53":0,"54":0,"55":0,"56":0,"57":0,"58":0,"59":0,"60":0,"61":0,"62":0,"63":0,"64":0,"65":0,"66":0,"67":0,"68":0,"69":0,"70":0,"71":0,"72":0,"73":0,"74":0,"75":0,"76":0,"77":0,"78":0,"79":0,"80":0,"81":0,"82":0,"83":0,"84":0,"85":0,"86":0,"87":0,"88":0,"89":0,"90":0,"91":0,"92":0,"93":0,"94":0,"95":0,"96":0,"97":0,"98":0,"99":0,"100":0,"101":0},"f":{"0":0,"1":0,"2":0,"3":0,"4":0,"5":0,"6":0,"7":0,"8":0,"9":0,"10":0,"11":0,"12":0},"b":{"0":[1,1],"1":[1,1],"2":[1,1],"3":[0,0],"4":[0,0],"5":[0,0],"6":[0,0],"7":[0],"8":[0,0],"9":[0,0],"10":[0,0],"11":[0,0],"12":[0,0],"13":[0,0],"14":[0,0],"15":[0,0],"16":[0,0],"17":[0,0],"18":[0,0],"19":[0,0],"20":[0,0],"21":[0,0],"22":[0,0],"23":[0,0],"24":[0,0],"25":[0,0],"26":[0,0],"27":[0,0],"28":[0,0],"29":[0,0],"30":[0,0],"31":[0,0],"32":[0,0],"33":[0,0],"34":[0,0],"35":[0,0],"36":[0,0]}}
,"/home/koopertrooper/CSE416/DeepSeek-CSE416-Project/backend/server/app.ts": {"path":"/home/koopertrooper/CSE416/DeepSeek-CSE416-Project/backend/server/app.ts","statementMap":{"0":{"start":{"line":1,"column":0},"end":{"line":1,"column":30}},"1":{"start":{"line":2,"column":0},"end":{"line":2,"column":40}},"2":{"start":{"line":3,"column":0},"end":{"line":3,"column":38}},"3":{"start":{"line":4,"column":0},"end":{"line":4,"column":39}},"4":{"start":{"line":5,"column":0},"end":{"line":5,"column":24}},"5":{"start":{"line":6,"column":0},"end":{"line":6,"column":28}},"6":{"start":{"line":7,"column":0},"end":{"line":7,"column":30}},"7":{"start":{"line":8,"column":0},"end":{"line":8,"column":54}},"8":{"start":{"line":9,"column":0},"end":{"line":9,"column":66}},"9":{"start":{"line":10,"column":0},"end":{"line":10,"column":56}},"10":{"start":{"line":11,"column":0},"end":{"line":11,"column":24}},"11":{"start":{"line":13,"column":0},"end":{"line":13,"column":null}},"12":{"start":{"line":14,"column":0},"end":{"line":14,"column":70}},"13":{"start":{"line":15,"column":21},"end":{"line":15,"column":162}},"14":{"start":{"line":16,"column":24},"end":{"line":16,"column":122}},"15":{"start":{"line":17,"column":12},"end":{"line":17,"column":21}},"16":{"start":{"line":20,"column":0},"end":{"line":23,"column":4}},"17":{"start":{"line":24,"column":0},"end":{"line":24,"column":24}},"18":{"start":{"line":25,"column":0},"end":{"line":25,"column":null}},"19":{"start":{"line":27,"column":0},"end":{"line":37,"column":null}},"20":{"start":{"line":39,"column":0},"end":{"line":39,"column":null}},"21":{"start":{"line":40,"column":0},"end":{"line":40,"column":null}},"22":{"start":{"line":42,"column":0},"end":{"line":47,"column":3}},"23":{"start":{"line":43,"column":4},"end":{"line":43,"column":58}},"24":{"start":{"line":44,"column":4},"end":{"line":44,"column":46}},"25":{"start":{"line":45,"column":4},"end":{"line":45,"column":57}},"26":{"start":{"line":46,"column":4},"end":{"line":46,"column":11}},"27":{"start":{"line":50,"column":0},"end":{"line":50,"column":38}},"28":{"start":{"line":51,"column":0},"end":{"line":51,"column":50}},"29":{"start":{"line":52,"column":0},"end":{"line":52,"column":46}},"30":{"start":{"line":55,"column":0},"end":{"line":55,"column":89}},"31":{"start":{"line":58,"column":0},"end":{"line":63,"column":2}},"32":{"start":{"line":61,"column":8},"end":{"line":61,"column":53}},"33":{"start":{"line":70,"column":0},"end":{"line":72,"column":3}},"34":{"start":{"line":71,"column":4},"end":{"line":71,"column":34}},"35":{"start":{"line":74,"column":0},"end":{"line":84,"column":null}},"36":{"start":{"line":75,"column":4},"end":{"line":75,"column":35}},"37":{"start":{"line":76,"column":4},"end":{"line":83,"column":5}},"38":{"start":{"line":77,"column":8},"end":{"line":77,"column":58}},"39":{"start":{"line":78,"column":8},"end":{"line":78,"column":27}},"40":{"start":{"line":81,"column":8},"end":{"line":81,"column":46}},"41":{"start":{"line":82,"column":8},"end":{"line":82,"column":44}},"42":{"start":{"line":86,"column":0},"end":{"line":86,"column":19}}},"fnMap":{"0":{"name":"(anonymous_1)","decl":{"start":{"line":42,"column":8},"end":{"line":42,"column":9}},"loc":{"start":{"line":42,"column":27},"end":{"line":47,"column":1}}},"1":{"name":"(anonymous_2)","decl":{"start":{"line":60,"column":4},"end":{"line":60,"column":5}},"loc":{"start":{"line":60,"column":17},"end":{"line":62,"column":5}}},"2":{"name":"(anonymous_3)","decl":{"start":{"line":70,"column":22},"end":{"line":70,"column":23}},"loc":{"start":{"line":70,"column":35},"end":{"line":72,"column":1}}},"3":{"name":"(anonymous_4)","decl":{"start":{"line":74,"column":17},"end":{"line":74,"column":18}},"loc":{"start":{"line":74,"column":30},"end":{"line":84,"column":1}}}},"branchMap":{"0":{"loc":{"start":{"line":15,"column":21},"end":{"line":15,"column":162}},"type":"binary-expr","locations":[{"start":{"line":15,"column":22},"end":{"line":15,"column":115}},{"start":{"line":15,"column":120},"end":{"line":15,"column":162}}]},"1":{"loc":{"start":{"line":16,"column":24},"end":{"line":16,"column":122}},"type":"binary-expr","locations":[{"start":{"line":16,"column":25},"end":{"line":16,"column":94}},{"start":{"line":16,"column":99},"end":{"line":16,"column":122}}]},"2":{"loc":{"start":{"line":76,"column":4},"end":{"line":83,"column":5}},"type":"if","locations":[{"start":{"line":76,"column":4},"end":{"line":83,"column":5}},{"start":{"line":80,"column":8},"end":{"line":83,"column":5}}]}},"s":{"0":1,"1":1,"2":1,"3":1,"4":1,"5":1,"6":1,"7":1,"8":1,"9":1,"10":1,"11":1,"12":1,"13":1,"14":1,"15":1,"16":1,"17":1,"18":1,"19":1,"20":1,"21":1,"22":1,"23":2,"24":2,"25":2,"26":2,"27":1,"28":1,"29":1,"30":1,"31":1,"32":0,"33":1,"34":0,"35":1,"36":0,"37":0,"38":0,"39":0,"40":0,"41":0,"42":1},"f":{"0":2,"1":0,"2":0,"3":0},"b":{"0":[1,0],"1":[1,0],"2":[0,0]}}
,"/home/koopertrooper/CSE416/DeepSeek-CSE416-Project/backend/server/passportConfig.ts": {"path":"/home/koopertrooper/CSE416/DeepSeek-CSE416-Project/backend/server/passportConfig.ts","statementMap":{"0":{"start":{"line":1,"column":0},"end":{"line":1,"column":32}},"1":{"start":{"line":2,"column":0},"end":{"line":2,"column":69}},"2":{"start":{"line":3,"column":0},"end":{"line":3,"column":30}},"3":{"start":{"line":5,"column":0},"end":{"line":5,"column":28}},"4":{"start":{"line":6,"column":0},"end":{"line":6,"column":30}},"5":{"start":{"line":7,"column":0},"end":{"line":7,"column":24}},"6":{"start":{"line":8,"column":0},"end":{"line":8,"column":71}},"7":{"start":{"line":17,"column":25},"end":{"line":17,"column":92}},"8":{"start":{"line":20,"column":0},"end":{"line":46,"column":2}},"9":{"start":{"line":28,"column":6},"end":{"line":43,"column":7}},"10":{"start":{"line":29,"column":34},"end":{"line":29,"column":85}},"11":{"start":{"line":30,"column":8},"end":{"line":38,"column":9}},"12":{"start":{"line":31,"column":26},"end":{"line":36,"column":12}},"13":{"start":{"line":37,"column":10},"end":{"line":37,"column":49}},"14":{"start":{"line":39,"column":8},"end":{"line":39,"column":25}},"15":{"start":{"line":42,"column":8},"end":{"line":42,"column":18}},"16":{"start":{"line":49,"column":0},"end":{"line":52,"column":3}},"17":{"start":{"line":50,"column":2},"end":{"line":50,"column":38}},"18":{"start":{"line":51,"column":2},"end":{"line":51,"column":28}},"19":{"start":{"line":54,"column":0},"end":{"line":72,"column":3}},"20":{"start":{"line":54,"column":59},"end":{"line":72,"column":2}},"21":{"start":{"line":55,"column":2},"end":{"line":55,"column":66}},"22":{"start":{"line":56,"column":2},"end":{"line":71,"column":3}},"23":{"start":{"line":58,"column":17},"end":{"line":58,"column":59}},"24":{"start":{"line":59,"column":4},"end":{"line":67,"column":5}},"25":{"start":{"line":61,"column":6},"end":{"line":61,"column":41}},"26":{"start":{"line":62,"column":6},"end":{"line":62,"column":23}},"27":{"start":{"line":64,"column":6},"end":{"line":64,"column":38}},"28":{"start":{"line":66,"column":6},"end":{"line":66,"column":40}},"29":{"start":{"line":70,"column":4},"end":{"line":70,"column":14}},"30":{"start":{"line":74,"column":0},"end":{"line":74,"column":24}}},"fnMap":{"0":{"name":"verify","decl":{"start":{"line":27,"column":19},"end":{"line":27,"column":25}},"loc":{"start":{"line":27,"column":66},"end":{"line":44,"column":null}}},"1":{"name":"(anonymous_10)","decl":{"start":{"line":49,"column":23},"end":{"line":49,"column":24}},"loc":{"start":{"line":49,"column":42},"end":{"line":52,"column":1}}},"2":{"name":"(anonymous_11)","decl":{"start":{"line":54,"column":25},"end":{"line":54,"column":32}},"loc":{"start":{"line":54,"column":59},"end":{"line":72,"column":2}}},"3":{"name":"(anonymous_12)","decl":{"start":{"line":54,"column":59},"end":{"line":54,"column":null}},"loc":{"start":{"line":54,"column":59},"end":{"line":72,"column":1}}}},"branchMap":{"0":{"loc":{"start":{"line":23,"column":16},"end":{"line":23,"column":50}},"type":"binary-expr","locations":[{"start":{"line":23,"column":16},"end":{"line":23,"column":44}},{"start":{"line":23,"column":48},"end":{"line":23,"column":50}}]},"1":{"loc":{"start":{"line":24,"column":20},"end":{"line":24,"column":58}},"type":"binary-expr","locations":[{"start":{"line":24,"column":20},"end":{"line":24,"column":52}},{"start":{"line":24,"column":56},"end":{"line":24,"column":58}}]},"2":{"loc":{"start":{"line":30,"column":8},"end":{"line":38,"column":9}},"type":"if","locations":[{"start":{"line":30,"column":8},"end":{"line":38,"column":9}}]},"3":{"loc":{"start":{"line":59,"column":4},"end":{"line":67,"column":5}},"type":"if","locations":[{"start":{"line":59,"column":4},"end":{"line":67,"column":5}},{"start":{"line":63,"column":11},"end":{"line":67,"column":5}}]}},"s":{"0":1,"1":1,"2":1,"3":1,"4":1,"5":1,"6":1,"7":1,"8":1,"9":0,"10":0,"11":0,"12":0,"13":0,"14":0,"15":0,"16":1,"17":0,"18":0,"19":1,"20":0,"21":0,"22":0,"23":0,"24":0,"25":0,"26":0,"27":0,"28":0,"29":0,"30":1},"f":{"0":0,"1":0,"2":0,"3":0},"b":{"0":[1,0],"1":[1,0],"2":[0],"3":[0,0]}}
,"/home/koopertrooper/CSE416/DeepSeek-CSE416-Project/backend/server/server.ts": {"path":"/home/koopertrooper/CSE416/DeepSeek-CSE416-Project/backend/server/server.ts","statementMap":{"0":{"start":{"line":5,"column":0},"end":{"line":5,"column":33}},"1":{"start":{"line":6,"column":0},"end":{"line":6,"column":32}},"2":{"start":{"line":7,"column":0},"end":{"line":7,"column":35}},"3":{"start":{"line":8,"column":0},"end":{"line":8,"column":44}},"4":{"start":{"line":9,"column":0},"end":{"line":9,"column":56}},"5":{"start":{"line":10,"column":0},"end":{"line":10,"column":44}},"6":{"start":{"line":11,"column":0},"end":{"line":11,"column":37}},"7":{"start":{"line":12,"column":0},"end":{"line":12,"column":24}},"8":{"start":{"line":13,"column":0},"end":{"line":13,"column":29}},"9":{"start":{"line":14,"column":0},"end":{"line":14,"column":56}},"10":{"start":{"line":15,"column":0},"end":{"line":15,"column":30}},"11":{"start":{"line":17,"column":0},"end":{"line":17,"column":70}},"12":{"start":{"line":19,"column":22},"end":{"line":19,"column":62}},"13":{"start":{"line":20,"column":11},"end":{"line":20,"column":46}},"14":{"start":{"line":21,"column":21},"end":{"line":21,"column":46}},"15":{"start":{"line":22,"column":21},"end":{"line":22,"column":46}},"16":{"start":{"line":23,"column":21},"end":{"line":23,"column":46}},"17":{"start":{"line":24,"column":33},"end":{"line":24,"column":87}},"18":{"start":{"line":25,"column":19},"end":{"line":25,"column":56}},"19":{"start":{"line":26,"column":19},"end":{"line":26,"column":57}},"20":{"start":{"line":27,"column":19},"end":{"line":27,"column":36}},"21":{"start":{"line":36,"column":4},"end":{"line":36,"column":53}},"22":{"start":{"line":58,"column":27},"end":{"line":58,"column":53}},"23":{"start":{"line":60,"column":4},"end":{"line":67,"column":7}},"24":{"start":{"line":60,"column":83},"end":{"line":67,"column":6}},"25":{"start":{"line":61,"column":8},"end":{"line":66,"column":9}},"26":{"start":{"line":62,"column":12},"end":{"line":62,"column":101}},"27":{"start":{"line":63,"column":12},"end":{"line":63,"column":38}},"28":{"start":{"line":65,"column":12},"end":{"line":65,"column":95}},"29":{"start":{"line":69,"column":4},"end":{"line":74,"column":9}},"30":{"start":{"line":76,"column":4},"end":{"line":81,"column":9}},"31":{"start":{"line":84,"column":4},"end":{"line":84,"column":10}},"32":{"start":{"line":87,"column":0},"end":{"line":107,"column":null}},"33":{"start":{"line":88,"column":19},"end":{"line":90,"column":6}},"34":{"start":{"line":89,"column":8},"end":{"line":89,"column":66}},"35":{"start":{"line":92,"column":4},"end":{"line":106,"column":3}},"36":{"start":{"line":93,"column":8},"end":{"line":93,"column":48}},"37":{"start":{"line":96,"column":30},"end":{"line":99,"column":16}},"38":{"start":{"line":97,"column":12},"end":{"line":97,"column":66}},"39":{"start":{"line":98,"column":12},"end":{"line":98,"column":28}},"40":{"start":{"line":101,"column":8},"end":{"line":105,"column":11}},"41":{"start":{"line":102,"column":12},"end":{"line":102,"column":40}},"42":{"start":{"line":103,"column":12},"end":{"line":103,"column":48}},"43":{"start":{"line":104,"column":12},"end":{"line":104,"column":null}},"44":{"start":{"line":111,"column":0},"end":{"line":113,"column":3}},"45":{"start":{"line":112,"column":4},"end":{"line":112,"column":21}},"46":{"start":{"line":115,"column":0},"end":{"line":117,"column":3}},"47":{"start":{"line":116,"column":4},"end":{"line":116,"column":21}},"48":{"start":{"line":124,"column":0},"end":{"line":131,"column":3}},"49":{"start":{"line":124,"column":88},"end":{"line":131,"column":2}},"50":{"start":{"line":125,"column":4},"end":{"line":125,"column":null}},"51":{"start":{"line":126,"column":44},"end":{"line":126,"column":52}},"52":{"start":{"line":127,"column":16},"end":{"line":127,"column":172}},"53":{"start":{"line":129,"column":19},"end":{"line":129,"column":69}},"54":{"start":{"line":130,"column":4},"end":{"line":130,"column":null}},"55":{"start":{"line":141,"column":0},"end":{"line":156,"column":3}},"56":{"start":{"line":141,"column":79},"end":{"line":156,"column":2}},"57":{"start":{"line":142,"column":41},"end":{"line":142,"column":49}},"58":{"start":{"line":144,"column":4},"end":{"line":155,"column":5}},"59":{"start":{"line":145,"column":21},"end":{"line":145,"column":56}},"60":{"start":{"line":146,"column":29},"end":{"line":146,"column":73}},"61":{"start":{"line":148,"column":8},"end":{"line":148,"column":null}},"62":{"start":{"line":149,"column":8},"end":{"line":149,"column":null}},"63":{"start":{"line":151,"column":8},"end":{"line":151,"column":104}},"64":{"start":{"line":153,"column":8},"end":{"line":153,"column":57}},"65":{"start":{"line":154,"column":8},"end":{"line":154,"column":76}}},"fnMap":{"0":{"name":"startUp","decl":{"start":{"line":34,"column":15},"end":{"line":34,"column":22}},"loc":{"start":{"line":34,"column":22},"end":{"line":85,"column":null}}},"1":{"name":"(anonymous_19)","decl":{"start":{"line":60,"column":66},"end":{"line":60,"column":73}},"loc":{"start":{"line":60,"column":83},"end":{"line":67,"column":6}}},"2":{"name":"(anonymous_20)","decl":{"start":{"line":60,"column":83},"end":{"line":60,"column":null}},"loc":{"start":{"line":60,"column":83},"end":{"line":67,"column":5}}},"3":{"name":"(anonymous_21)","decl":{"start":{"line":87,"column":15},"end":{"line":87,"column":17}},"loc":{"start":{"line":87,"column":19},"end":{"line":107,"column":1}}},"4":{"name":"(anonymous_22)","decl":{"start":{"line":88,"column":40},"end":{"line":88,"column":42}},"loc":{"start":{"line":88,"column":44},"end":{"line":90,"column":5}}},"5":{"name":"(anonymous_23)","decl":{"start":{"line":92,"column":25},"end":{"line":92,"column":27}},"loc":{"start":{"line":92,"column":29},"end":{"line":106,"column":1}}},"6":{"name":"(anonymous_24)","decl":{"start":{"line":96,"column":41},"end":{"line":96,"column":43}},"loc":{"start":{"line":96,"column":45},"end":{"line":99,"column":9}}},"7":{"name":"(anonymous_25)","decl":{"start":{"line":101,"column":21},"end":{"line":101,"column":23}},"loc":{"start":{"line":101,"column":25},"end":{"line":105,"column":9}}},"8":{"name":"(anonymous_26)","decl":{"start":{"line":111,"column":13},"end":{"line":111,"column":14}},"loc":{"start":{"line":111,"column":25},"end":{"line":113,"column":1}}},"9":{"name":"(anonymous_27)","decl":{"start":{"line":115,"column":35},"end":{"line":115,"column":36}},"loc":{"start":{"line":115,"column":47},"end":{"line":117,"column":1}}},"10":{"name":"(anonymous_28)","decl":{"start":{"line":124,"column":49},"end":{"line":124,"column":56}},"loc":{"start":{"line":124,"column":88},"end":{"line":131,"column":2}}},"11":{"name":"(anonymous_29)","decl":{"start":{"line":124,"column":88},"end":{"line":124,"column":null}},"loc":{"start":{"line":124,"column":88},"end":{"line":131,"column":1}}},"12":{"name":"(anonymous_30)","decl":{"start":{"line":141,"column":41},"end":{"line":141,"column":48}},"loc":{"start":{"line":141,"column":79},"end":{"line":156,"column":2}}},"13":{"name":"(anonymous_31)","decl":{"start":{"line":141,"column":79},"end":{"line":141,"column":null}},"loc":{"start":{"line":141,"column":79},"end":{"line":156,"column":1}}}},"branchMap":{"0":{"loc":{"start":{"line":19,"column":22},"end":{"line":19,"column":62}},"type":"binary-expr","locations":[{"start":{"line":19,"column":22},"end":{"line":19,"column":54}},{"start":{"line":19,"column":58},"end":{"line":19,"column":62}}]},"1":{"loc":{"start":{"line":20,"column":11},"end":{"line":20,"column":46}},"type":"binary-expr","locations":[{"start":{"line":20,"column":11},"end":{"line":20,"column":33}},{"start":{"line":20,"column":37},"end":{"line":20,"column":46}}]},"2":{"loc":{"start":{"line":25,"column":19},"end":{"line":25,"column":56}},"type":"binary-expr","locations":[{"start":{"line":25,"column":19},"end":{"line":25,"column":41}},{"start":{"line":25,"column":45},"end":{"line":25,"column":56}}]},"3":{"loc":{"start":{"line":26,"column":19},"end":{"line":26,"column":57}},"type":"binary-expr","locations":[{"start":{"line":26,"column":19},"end":{"line":26,"column":49}},{"start":{"line":26,"column":53},"end":{"line":26,"column":57}}]},"4":{"loc":{"start":{"line":61,"column":8},"end":{"line":66,"column":9}},"type":"if","locations":[{"start":{"line":61,"column":8},"end":{"line":66,"column":9}},{"start":{"line":64,"column":13},"end":{"line":66,"column":9}}]},"5":{"loc":{"start":{"line":148,"column":8},"end":{"line":148,"column":50}},"type":"cond-expr","locations":[{"start":{"line":148,"column":12},"end":{"line":148,"column":14}},{"start":{"line":148,"column":8},"end":{"line":148,"column":50}}]},"6":{"loc":{"start":{"line":148,"column":8},"end":{"line":148,"column":14}},"type":"binary-expr","locations":[{"start":{"line":148,"column":8},"end":{"line":148,"column":14}},{"start":{"line":148,"column":8},"end":{"line":148,"column":14}}]},"7":{"loc":{"start":{"line":149,"column":8},"end":{"line":149,"column":20}},"type":"cond-expr","locations":[{"start":{"line":149,"column":12},"end":{"line":149,"column":14}},{"start":{"line":149,"column":8},"end":{"line":149,"column":20}}]},"8":{"loc":{"start":{"line":149,"column":8},"end":{"line":149,"column":14}},"type":"binary-expr","locations":[{"start":{"line":149,"column":8},"end":{"line":149,"column":14}},{"start":{"line":149,"column":8},"end":{"line":149,"column":14}}]}},"s":{"0":1,"1":1,"2":1,"3":1,"4":1,"5":1,"6":1,"7":1,"8":1,"9":1,"10":1,"11":1,"12":1,"13":1,"14":1,"15":1,"16":1,"17":1,"18":1,"19":1,"20":1,"21":1,"22":1,"23":1,"24":1,"25":1,"26":0,"27":0,"28":1,"29":1,"30":1,"31":1,"32":1,"33":1,"34":1,"35":1,"36":0,"37":0,"38":0,"39":0,"40":0,"41":0,"42":0,"43":0,"44":1,"45":0,"46":1,"47":0,"48":1,"49":1,"50":1,"51":1,"52":1,"53":1,"54":1,"55":1,"56":1,"57":1,"58":1,"59":1,"60":1,"61":1,"62":1,"63":1,"64":0,"65":0},"f":{"0":1,"1":1,"2":1,"3":1,"4":1,"5":0,"6":0,"7":0,"8":0,"9":0,"10":1,"11":1,"12":1,"13":1},"b":{"0":[1,0],"1":[1,0],"2":[1,0],"3":[1,0],"4":[0,1],"5":[0,1],"6":[1,1],"7":[0,1],"8":[1,1]}}
,"/home/koopertrooper/CSE416/DeepSeek-CSE416-Project/backend/server/routers/distribution.ts": {"path":"/home/koopertrooper/CSE416/DeepSeek-CSE416-Project/backend/server/routers/distribution.ts","statementMap":{"0":{"start":{"line":1,"column":0},"end":{"line":1,"column":30}},"1":{"start":{"line":2,"column":0},"end":{"line":2,"column":77}},"2":{"start":{"line":3,"column":15},"end":{"line":3,"column":31}},"3":{"start":{"line":5,"column":0},"end":{"line":5,"column":36}},"4":{"start":{"line":7,"column":0},"end":{"line":7,"column":22}}},"fnMap":{},"branchMap":{},"s":{"0":1,"1":1,"2":1,"3":1,"4":1},"f":{},"b":{}}
,"/home/koopertrooper/CSE416/DeepSeek-CSE416-Project/backend/server/routers/investmentTypeRouter.ts": {"path":"/home/koopertrooper/CSE416/DeepSeek-CSE416-Project/backend/server/routers/investmentTypeRouter.ts","statementMap":{"0":{"start":{"line":1,"column":0},"end":{"line":1,"column":30}},"1":{"start":{"line":2,"column":0},"end":{"line":2,"column":104}},"2":{"start":{"line":3,"column":15},"end":{"line":3,"column":31}},"3":{"start":{"line":5,"column":0},"end":{"line":5,"column":38}},"4":{"start":{"line":7,"column":0},"end":{"line":7,"column":39}},"5":{"start":{"line":9,"column":0},"end":{"line":9,"column":22}}},"fnMap":{},"branchMap":{},"s":{"0":1,"1":1,"2":1,"3":1,"4":1,"5":1},"f":{},"b":{}}
,"/home/koopertrooper/CSE416/DeepSeek-CSE416-Project/backend/server/routers/scenarioRouter.ts": {"path":"/home/koopertrooper/CSE416/DeepSeek-CSE416-Project/backend/server/routers/scenarioRouter.ts","statementMap":{"0":{"start":{"line":1,"column":0},"end":{"line":1,"column":30}},"1":{"start":{"line":2,"column":0},"end":{"line":2,"column":84}},"2":{"start":{"line":3,"column":15},"end":{"line":3,"column":31}},"3":{"start":{"line":5,"column":0},"end":{"line":5,"column":33}},"4":{"start":{"line":7,"column":0},"end":{"line":7,"column":32}},"5":{"start":{"line":9,"column":0},"end":{"line":9,"column":22}}},"fnMap":{},"branchMap":{},"s":{"0":1,"1":1,"2":1,"3":1,"4":1,"5":1},"f":{},"b":{}}
,"/home/koopertrooper/CSE416/DeepSeek-CSE416-Project/backend/simulator/simulationHead.ts": {"path":"/home/koopertrooper/CSE416/DeepSeek-CSE416-Project/backend/simulator/simulationHead.ts","statementMap":{"0":{"start":{"line":1,"column":0},"end":{"line":1,"column":34}},"1":{"start":{"line":2,"column":0},"end":{"line":2,"column":30}},"2":{"start":{"line":3,"column":0},"end":{"line":3,"column":48}},"3":{"start":{"line":4,"column":0},"end":{"line":4,"column":24}},"4":{"start":{"line":5,"column":0},"end":{"line":5,"column":32}},"5":{"start":{"line":6,"column":0},"end":{"line":6,"column":55}},"6":{"start":{"line":7,"column":0},"end":{"line":7,"column":33}},"7":{"start":{"line":8,"column":0},"end":{"line":8,"column":74}},"8":{"start":{"line":9,"column":0},"end":{"line":9,"column":46}},"9":{"start":{"line":10,"column":0},"end":{"line":10,"column":30}},"10":{"start":{"line":11,"column":0},"end":{"line":11,"column":70}},"11":{"start":{"line":13,"column":21},"end":{"line":13,"column":46}},"12":{"start":{"line":14,"column":21},"end":{"line":14,"column":46}},"13":{"start":{"line":15,"column":21},"end":{"line":15,"column":46}},"14":{"start":{"line":16,"column":33},"end":{"line":16,"column":87}},"15":{"start":{"line":18,"column":19},"end":{"line":18,"column":62}},"16":{"start":{"line":19,"column":20},"end":{"line":19,"column":64}},"17":{"start":{"line":20,"column":36},"end":{"line":20,"column":88}},"18":{"start":{"line":22,"column":15},"end":{"line":22,"column":67}},"19":{"start":{"line":23,"column":0},"end":{"line":23,"column":null}},"20":{"start":{"line":24,"column":0},"end":{"line":24,"column":null}},"21":{"start":{"line":25,"column":0},"end":{"line":25,"column":null}},"22":{"start":{"line":38,"column":2},"end":{"line":38,"column":null}},"23":{"start":{"line":39,"column":30},"end":{"line":39,"column":38}},"24":{"start":{"line":40,"column":31},"end":{"line":40,"column":70}},"25":{"start":{"line":43,"column":37},"end":{"line":43,"column":92}},"26":{"start":{"line":45,"column":18},"end":{"line":45,"column":44}},"27":{"start":{"line":46,"column":21},"end":{"line":46,"column":74}},"28":{"start":{"line":47,"column":34},"end":{"line":47,"column":50}},"29":{"start":{"line":48,"column":15},"end":{"line":48,"column":50}},"30":{"start":{"line":50,"column":42},"end":{"line":50,"column":44}},"31":{"start":{"line":51,"column":2},"end":{"line":81,"column":3}},"32":{"start":{"line":51,"column":20},"end":{"line":51,"column":21}},"33":{"start":{"line":52,"column":23},"end":{"line":60,"column":null}},"34":{"start":{"line":62,"column":4},"end":{"line":79,"column":null}},"35":{"start":{"line":63,"column":27},"end":{"line":63,"column":127}},"36":{"start":{"line":64,"column":6},"end":{"line":67,"column":null}},"37":{"start":{"line":65,"column":8},"end":{"line":65,"column":null}},"38":{"start":{"line":66,"column":8},"end":{"line":66,"column":null}},"39":{"start":{"line":68,"column":6},"end":{"line":72,"column":null}},"40":{"start":{"line":69,"column":8},"end":{"line":69,"column":null}},"41":{"start":{"line":70,"column":8},"end":{"line":70,"column":null}},"42":{"start":{"line":71,"column":8},"end":{"line":71,"column":null}},"43":{"start":{"line":73,"column":6},"end":{"line":77,"column":null}},"44":{"start":{"line":74,"column":8},"end":{"line":76,"column":9}},"45":{"start":{"line":75,"column":10},"end":{"line":75,"column":null}},"46":{"start":{"line":83,"column":31},"end":{"line":83,"column":71}},"47":{"start":{"line":84,"column":22},"end":{"line":84,"column":52}},"48":{"start":{"line":86,"column":2},"end":{"line":90,"column":3}},"49":{"start":{"line":87,"column":4},"end":{"line":87,"column":null}},"50":{"start":{"line":88,"column":4},"end":{"line":88,"column":null}},"51":{"start":{"line":89,"column":4},"end":{"line":89,"column":null}},"52":{"start":{"line":91,"column":2},"end":{"line":91,"column":null}},"53":{"start":{"line":93,"column":2},"end":{"line":93,"column":null}},"54":{"start":{"line":96,"column":0},"end":{"line":98,"column":3}},"55":{"start":{"line":97,"column":2},"end":{"line":97,"column":42}},"56":{"start":{"line":100,"column":0},"end":{"line":103,"column":3}},"57":{"start":{"line":102,"column":2},"end":{"line":102,"column":21}}},"fnMap":{"0":{"name":"simulation","decl":{"start":{"line":37,"column":15},"end":{"line":37,"column":25}},"loc":{"start":{"line":37,"column":34},"end":{"line":94,"column":null}}},"1":{"name":"(anonymous_19)","decl":{"start":{"line":62,"column":33},"end":{"line":62,"column":34}},"loc":{"start":{"line":62,"column":45},"end":{"line":79,"column":5}}},"2":{"name":"(anonymous_20)","decl":{"start":{"line":64,"column":32},"end":{"line":64,"column":33}},"loc":{"start":{"line":64,"column":52},"end":{"line":67,"column":7}}},"3":{"name":"(anonymous_21)","decl":{"start":{"line":68,"column":30},"end":{"line":68,"column":31}},"loc":{"start":{"line":68,"column":37},"end":{"line":72,"column":7}}},"4":{"name":"(anonymous_22)","decl":{"start":{"line":73,"column":29},"end":{"line":73,"column":30}},"loc":{"start":{"line":73,"column":41},"end":{"line":77,"column":7}}},"5":{"name":"(anonymous_23)","decl":{"start":{"line":96,"column":23},"end":{"line":96,"column":26}},"loc":{"start":{"line":96,"column":29},"end":{"line":98,"column":1}}},"6":{"name":"(anonymous_24)","decl":{"start":{"line":100,"column":19},"end":{"line":100,"column":22}},"loc":{"start":{"line":100,"column":25},"end":{"line":103,"column":1}}}},"branchMap":{"0":{"loc":{"start":{"line":19,"column":20},"end":{"line":19,"column":64}},"type":"binary-expr","locations":[{"start":{"line":19,"column":20},"end":{"line":19,"column":59}},{"start":{"line":19,"column":63},"end":{"line":19,"column":64}}]},"1":{"loc":{"start":{"line":20,"column":36},"end":{"line":20,"column":88}},"type":"binary-expr","locations":[{"start":{"line":20,"column":36},"end":{"line":20,"column":83}},{"start":{"line":20,"column":87},"end":{"line":20,"column":88}}]},"2":{"loc":{"start":{"line":53,"column":16},"end":{"line":53,"column":26}},"type":"cond-expr","locations":[{"start":{"line":53,"column":20},"end":{"line":53,"column":22}},{"start":{"line":53,"column":16},"end":{"line":53,"column":26}}]},"3":{"loc":{"start":{"line":53,"column":16},"end":{"line":53,"column":22}},"type":"binary-expr","locations":[{"start":{"line":53,"column":16},"end":{"line":53,"column":22}},{"start":{"line":53,"column":16},"end":{"line":53,"column":22}}]},"4":{"loc":{"start":{"line":74,"column":8},"end":{"line":76,"column":9}},"type":"if","locations":[{"start":{"line":74,"column":8},"end":{"line":76,"column":9}}]}},"s":{"0":1,"1":1,"2":1,"3":1,"4":1,"5":1,"6":1,"7":1,"8":1,"9":1,"10":1,"11":1,"12":1,"13":1,"14":1,"15":1,"16":1,"17":1,"18":1,"19":1,"20":1,"21":1,"22":1,"23":1,"24":1,"25":1,"26":1,"27":1,"28":1,"29":1,"30":1,"31":1,"32":1,"33":1,"34":1,"35":1,"36":1,"37":1,"38":1,"39":1,"40":0,"41":0,"42":0,"43":1,"44":1,"45":0,"46":1,"47":1,"48":1,"49":1,"50":1,"51":1,"52":1,"53":1,"54":1,"55":1,"56":1,"57":0},"f":{"0":1,"1":1,"2":1,"3":0,"4":1,"5":1,"6":0},"b":{"0":[1,1],"1":[1,0],"2":[0,1],"3":[1,1],"4":[0]}}
,"/home/koopertrooper/CSE416/DeepSeek-CSE416-Project/backend/simulator/simulationWorker.ts": {"path":"/home/koopertrooper/CSE416/DeepSeek-CSE416-Project/backend/simulator/simulationWorker.ts","statementMap":{"0":{"start":{"line":2,"column":0},"end":{"line":2,"column":51}},"1":{"start":{"line":4,"column":0},"end":{"line":4,"column":23}},"2":{"start":{"line":5,"column":0},"end":{"line":5,"column":42}},"3":{"start":{"line":6,"column":0},"end":{"line":6,"column":55}},"4":{"start":{"line":8,"column":0},"end":{"line":8,"column":55}},"5":{"start":{"line":17,"column":4},"end":{"line":17,"column":null}},"6":{"start":{"line":20,"column":4},"end":{"line":20,"column":null}},"7":{"start":{"line":23,"column":4},"end":{"line":23,"column":null}},"8":{"start":{"line":26,"column":4},"end":{"line":26,"column":null}},"9":{"start":{"line":29,"column":4},"end":{"line":29,"column":null}},"10":{"start":{"line":49,"column":28},"end":{"line":49,"column":68}},"11":{"start":{"line":52,"column":36},"end":{"line":52,"column":46}},"12":{"start":{"line":53,"column":22},"end":{"line":53,"column":32}},"13":{"start":{"line":54,"column":27},"end":{"line":54,"column":177}},"14":{"start":{"line":55,"column":22},"end":{"line":55,"column":143}},"15":{"start":{"line":57,"column":32},"end":{"line":57,"column":53}},"16":{"start":{"line":58,"column":34},"end":{"line":58,"column":68}},"17":{"start":{"line":59,"column":38},"end":{"line":59,"column":69}},"18":{"start":{"line":60,"column":32},"end":{"line":60,"column":51}},"19":{"start":{"line":62,"column":4},"end":{"line":67,"column":5}},"20":{"start":{"line":64,"column":8},"end":{"line":64,"column":null}},"21":{"start":{"line":65,"column":8},"end":{"line":65,"column":null}},"22":{"start":{"line":66,"column":8},"end":{"line":66,"column":null}},"23":{"start":{"line":71,"column":36},"end":{"line":71,"column":69}},"24":{"start":{"line":75,"column":4},"end":{"line":75,"column":null}},"25":{"start":{"line":76,"column":25},"end":{"line":76,"column":49}},"26":{"start":{"line":77,"column":4},"end":{"line":124,"column":5}},"27":{"start":{"line":77,"column":25},"end":{"line":77,"column":26}},"28":{"start":{"line":78,"column":28},"end":{"line":78,"column":52}},"29":{"start":{"line":80,"column":33},"end":{"line":80,"column":34}},"30":{"start":{"line":82,"column":8},"end":{"line":122,"column":9}},"31":{"start":{"line":82,"column":22},"end":{"line":82,"column":58}},"32":{"start":{"line":83,"column":36},"end":{"line":83,"column":37}},"33":{"start":{"line":84,"column":50},"end":{"line":84,"column":51}},"34":{"start":{"line":85,"column":34},"end":{"line":85,"column":62}},"35":{"start":{"line":93,"column":38},"end":{"line":93,"column":109}},"36":{"start":{"line":93,"column":82},"end":{"line":93,"column":105}},"37":{"start":{"line":94,"column":33},"end":{"line":94,"column":103}},"38":{"start":{"line":94,"column":73},"end":{"line":94,"column":102}},"39":{"start":{"line":96,"column":12},"end":{"line":118,"column":13}},"40":{"start":{"line":97,"column":16},"end":{"line":115,"column":17}},"41":{"start":{"line":99,"column":40},"end":{"line":99,"column":70}},"42":{"start":{"line":101,"column":20},"end":{"line":101,"column":null}},"43":{"start":{"line":102,"column":20},"end":{"line":102,"column":null}},"44":{"start":{"line":103,"column":20},"end":{"line":103,"column":null}},"45":{"start":{"line":105,"column":20},"end":{"line":107,"column":21}},"46":{"start":{"line":106,"column":24},"end":{"line":106,"column":null}},"47":{"start":{"line":110,"column":20},"end":{"line":112,"column":21}},"48":{"start":{"line":111,"column":24},"end":{"line":111,"column":null}},"49":{"start":{"line":120,"column":12},"end":{"line":120,"column":null}},"50":{"start":{"line":121,"column":12},"end":{"line":121,"column":null}},"51":{"start":{"line":123,"column":8},"end":{"line":123,"column":null}},"52":{"start":{"line":127,"column":4},"end":{"line":127,"column":null}},"53":{"start":{"line":128,"column":4},"end":{"line":128,"column":null}},"54":{"start":{"line":129,"column":4},"end":{"line":129,"column":null}},"55":{"start":{"line":130,"column":4},"end":{"line":130,"column":null}},"56":{"start":{"line":134,"column":31},"end":{"line":134,"column":57}},"57":{"start":{"line":135,"column":4},"end":{"line":141,"column":5}},"58":{"start":{"line":136,"column":8},"end":{"line":136,"column":null}},"59":{"start":{"line":137,"column":10},"end":{"line":141,"column":5}},"60":{"start":{"line":138,"column":8},"end":{"line":138,"column":null}},"61":{"start":{"line":140,"column":8},"end":{"line":140,"column":null}},"62":{"start":{"line":144,"column":32},"end":{"line":144,"column":60}},"63":{"start":{"line":145,"column":4},"end":{"line":151,"column":5}},"64":{"start":{"line":146,"column":8},"end":{"line":146,"column":null}},"65":{"start":{"line":147,"column":10},"end":{"line":151,"column":5}},"66":{"start":{"line":148,"column":8},"end":{"line":148,"column":null}},"67":{"start":{"line":150,"column":8},"end":{"line":150,"column":null}},"68":{"start":{"line":154,"column":0},"end":{"line":159,"column":null}},"69":{"start":{"line":154,"column":23},"end":{"line":156,"column":2}},"70":{"start":{"line":155,"column":4},"end":{"line":155,"column":null}},"71":{"start":{"line":156,"column":23},"end":{"line":159,"column":2}},"72":{"start":{"line":157,"column":4},"end":{"line":157,"column":null}},"73":{"start":{"line":158,"column":4},"end":{"line":158,"column":null}}},"fnMap":{"0":{"name":"simulationStartLogMessage","decl":{"start":{"line":16,"column":9},"end":{"line":16,"column":34}},"loc":{"start":{"line":16,"column":53},"end":{"line":18,"column":1}}},"1":{"name":"lifeExpectancyLogMessage","decl":{"start":{"line":19,"column":9},"end":{"line":19,"column":33}},"loc":{"start":{"line":19,"column":56},"end":{"line":21,"column":1}}},"2":{"name":"incomeEventLogMessage","decl":{"start":{"line":22,"column":9},"end":{"line":22,"column":30}},"loc":{"start":{"line":22,"column":80},"end":{"line":24,"column":1}}},"3":{"name":"logMessage","decl":{"start":{"line":25,"column":9},"end":{"line":25,"column":19}},"loc":{"start":{"line":25,"column":58},"end":{"line":27,"column":1}}},"4":{"name":"pushToLog","decl":{"start":{"line":28,"column":9},"end":{"line":28,"column":18}},"loc":{"start":{"line":28,"column":60},"end":{"line":30,"column":1}}},"5":{"name":"main","decl":{"start":{"line":48,"column":15},"end":{"line":48,"column":19}},"loc":{"start":{"line":48,"column":19},"end":{"line":131,"column":null}}},"6":{"name":"(anonymous_15)","decl":{"start":{"line":93,"column":66},"end":{"line":93,"column":67}},"loc":{"start":{"line":93,"column":82},"end":{"line":93,"column":105}}},"7":{"name":"(anonymous_16)","decl":{"start":{"line":94,"column":61},"end":{"line":94,"column":62}},"loc":{"start":{"line":94,"column":73},"end":{"line":94,"column":102}}},"8":{"name":"calculateLifeExpectancy","decl":{"start":{"line":133,"column":9},"end":{"line":133,"column":32}},"loc":{"start":{"line":133,"column":52},"end":{"line":142,"column":1}}},"9":{"name":"calculateInflation","decl":{"start":{"line":143,"column":9},"end":{"line":143,"column":27}},"loc":{"start":{"line":143,"column":47},"end":{"line":152,"column":1}}},"10":{"name":"(anonymous_19)","decl":{"start":{"line":154,"column":12},"end":{"line":154,"column":21}},"loc":{"start":{"line":154,"column":23},"end":{"line":156,"column":2}}},"11":{"name":"(anonymous_20)","decl":{"start":{"line":154,"column":23},"end":{"line":154,"column":null}},"loc":{"start":{"line":154,"column":23},"end":{"line":156,"column":1}}},"12":{"name":"(anonymous_21)","decl":{"start":{"line":156,"column":9},"end":{"line":156,"column":16}},"loc":{"start":{"line":156,"column":23},"end":{"line":159,"column":2}}},"13":{"name":"(anonymous_22)","decl":{"start":{"line":156,"column":23},"end":{"line":156,"column":null}},"loc":{"start":{"line":156,"column":23},"end":{"line":159,"column":1}}}},"branchMap":{"0":{"loc":{"start":{"line":62,"column":4},"end":{"line":67,"column":5}},"type":"if","locations":[{"start":{"line":62,"column":4},"end":{"line":67,"column":5}}]},"1":{"loc":{"start":{"line":65,"column":8},"end":{"line":65,"column":39}},"type":"cond-expr","locations":[{"start":{"line":65,"column":18},"end":{"line":65,"column":20}},{"start":{"line":65,"column":8},"end":{"line":65,"column":39}}]},"2":{"loc":{"start":{"line":65,"column":8},"end":{"line":65,"column":20}},"type":"binary-expr","locations":[{"start":{"line":65,"column":8},"end":{"line":65,"column":20}},{"start":{"line":65,"column":8},"end":{"line":65,"column":20}}]},"3":{"loc":{"start":{"line":97,"column":16},"end":{"line":115,"column":17}},"type":"if","locations":[{"start":{"line":97,"column":16},"end":{"line":115,"column":17}}]},"4":{"loc":{"start":{"line":105,"column":20},"end":{"line":107,"column":21}},"type":"if","locations":[{"start":{"line":105,"column":20},"end":{"line":107,"column":21}}]},"5":{"loc":{"start":{"line":110,"column":20},"end":{"line":112,"column":21}},"type":"if","locations":[{"start":{"line":110,"column":20},"end":{"line":112,"column":21}}]},"6":{"loc":{"start":{"line":129,"column":4},"end":{"line":129,"column":35}},"type":"cond-expr","locations":[{"start":{"line":129,"column":14},"end":{"line":129,"column":16}},{"start":{"line":129,"column":4},"end":{"line":129,"column":35}}]},"7":{"loc":{"start":{"line":129,"column":4},"end":{"line":129,"column":16}},"type":"binary-expr","locations":[{"start":{"line":129,"column":4},"end":{"line":129,"column":16}},{"start":{"line":129,"column":4},"end":{"line":129,"column":16}}]},"8":{"loc":{"start":{"line":135,"column":4},"end":{"line":141,"column":5}},"type":"if","locations":[{"start":{"line":135,"column":4},"end":{"line":141,"column":5}},{"start":{"line":137,"column":10},"end":{"line":141,"column":5}}]},"9":{"loc":{"start":{"line":137,"column":10},"end":{"line":141,"column":5}},"type":"if","locations":[{"start":{"line":137,"column":10},"end":{"line":141,"column":5}},{"start":{"line":139,"column":9},"end":{"line":141,"column":5}}]},"10":{"loc":{"start":{"line":145,"column":4},"end":{"line":151,"column":5}},"type":"if","locations":[{"start":{"line":145,"column":4},"end":{"line":151,"column":5}},{"start":{"line":147,"column":10},"end":{"line":151,"column":5}}]},"11":{"loc":{"start":{"line":147,"column":10},"end":{"line":151,"column":5}},"type":"if","locations":[{"start":{"line":147,"column":10},"end":{"line":151,"column":5}},{"start":{"line":149,"column":9},"end":{"line":151,"column":5}}]}},"s":{"0":1,"1":1,"2":1,"3":1,"4":1,"5":0,"6":0,"7":400,"8":400,"9":400,"10":1,"11":1,"12":1,"13":1,"14":1,"15":1,"16":1,"17":1,"18":1,"19":1,"20":0,"21":0,"22":0,"23":1,"24":1,"25":1,"26":1,"27":1,"28":10,"29":10,"30":10,"31":10,"32":400,"33":400,"34":400,"35":400,"36":2000,"37":400,"38":2400,"39":400,"40":400,"41":400,"42":400,"43":400,"44":400,"45":400,"46":0,"47":400,"48":0,"49":400,"50":400,"51":10,"52":1,"53":1,"54":1,"55":1,"56":1,"57":1,"58":1,"59":0,"60":0,"61":0,"62":400,"63":400,"64":400,"65":0,"66":0,"67":0,"68":1,"69":1,"70":1,"71":0,"72":0,"73":0},"f":{"0":0,"1":0,"2":400,"3":400,"4":400,"5":1,"6":2000,"7":2400,"8":1,"9":400,"10":1,"11":1,"12":0,"13":0},"b":{"0":[0],"1":[0,0],"2":[0,0],"3":[400],"4":[0],"5":[0],"6":[0,1],"7":[1,1],"8":[1,0],"9":[0,0],"10":[400,0],"11":[0,0]}}
,"/home/koopertrooper/CSE416/DeepSeek-CSE416-Project/backend/state_taxes/statetax_parser.ts": {"path":"/home/koopertrooper/CSE416/DeepSeek-CSE416-Project/backend/state_taxes/statetax_parser.ts","statementMap":{"0":{"start":{"line":7,"column":0},"end":{"line":7,"column":16}},"1":{"start":{"line":1,"column":0},"end":{"line":1,"column":28}},"2":{"start":{"line":2,"column":0},"end":{"line":2,"column":23}},"3":{"start":{"line":3,"column":0},"end":{"line":3,"column":33}},"4":{"start":{"line":5,"column":21},"end":{"line":5,"column":86}},"5":{"start":{"line":8,"column":4},"end":{"line":8,"column":null}},"6":{"start":{"line":9,"column":17},"end":{"line":9,"column":51}},"7":{"start":{"line":10,"column":37},"end":{"line":10,"column":48}},"8":{"start":{"line":11,"column":4},"end":{"line":11,"column":null}}},"fnMap":{"0":{"name":"stateTaxParser","decl":{"start":{"line":7,"column":16},"end":{"line":7,"column":30}},"loc":{"start":{"line":7,"column":30},"end":{"line":12,"column":1}}}},"branchMap":{},"s":{"0":1,"1":1,"2":1,"3":1,"4":1,"5":1,"6":1,"7":1,"8":1},"f":{"0":1},"b":{}}
}
