{"/home/koopertrooper/CSE416/DeepSeek-CSE416-Project/playwright.config.ts": {"path":"/home/koopertrooper/CSE416/DeepSeek-CSE416-Project/playwright.config.ts","statementMap":{"0":{"start":{"line":1,"column":0},"end":{"line":1,"column":null}},"1":{"start":{"line":7,"column":0},"end":{"line":7,"column":null}},"2":{"start":{"line":8,"column":0},"end":{"line":8,"column":24}},"3":{"start":{"line":8,"column":24},"end":{"line":8,"column":null}},"4":{"start":{"line":9,"column":0},"end":{"line":9,"column":null}},"5":{"start":{"line":11,"column":0},"end":{"line":73,"column":2}}},"fnMap":{"0":{"name":"_interopRequireDefault","decl":{"start":{"line":8,"column":24},"end":{"line":8,"column":null}},"loc":{"start":{"line":8,"column":24},"end":{"line":8,"column":null}}}},"branchMap":{"0":{"loc":{"start":{"line":8,"column":24},"end":{"line":8,"column":null}},"type":"cond-expr","locations":[{"start":{"line":8,"column":24},"end":{"line":8,"column":null}},{"start":{"line":8,"column":24},"end":{"line":8,"column":null}}]},"1":{"loc":{"start":{"line":21,"column":11},"end":{"line":21,"column":33}},"type":"cond-expr","locations":[{"start":{"line":21,"column":28},"end":{"line":21,"column":29}},{"start":{"line":21,"column":32},"end":{"line":21,"column":33}}]},"2":{"loc":{"start":{"line":23,"column":11},"end":{"line":23,"column":41}},"type":"cond-expr","locations":[{"start":{"line":23,"column":28},"end":{"line":23,"column":29}},{"start":{"line":23,"column":32},"end":{"line":23,"column":41}}]}},"s":{"0":5,"1":5,"2":5,"3":10,"4":5,"5":5},"f":{"0":10},"b":{"0":[10,20],"1":[0,5],"2":[0,5]}}
,"/home/koopertrooper/CSE416/DeepSeek-CSE416-Project/backend/db/Distribution.js": {"path":"/home/koopertrooper/CSE416/DeepSeek-CSE416-Project/backend/db/Distribution.js","statementMap":{"0":{"start":{"line":1,"column":0},"end":{"line":1,"column":31}},"1":{"start":{"line":3,"column":27},"end":{"line":38,"column":2}},"2":{"start":{"line":11,"column":12},"end":{"line":11,"column":41}},"3":{"start":{"line":17,"column":12},"end":{"line":17,"column":42}},"4":{"start":{"line":23,"column":12},"end":{"line":23,"column":42}},"5":{"start":{"line":29,"column":12},"end":{"line":29,"column":43}},"6":{"start":{"line":35,"column":12},"end":{"line":35,"column":43}},"7":{"start":{"line":40,"column":21},"end":{"line":40,"column":71}},"8":{"start":{"line":42,"column":0},"end":{"line":42,"column":28}}},"fnMap":{"0":{"name":"(anonymous_1)","decl":{"start":{"line":10,"column":18},"end":{"line":10,"column":null}},"loc":{"start":{"line":10,"column":18},"end":{"line":12,"column":9}}},"1":{"name":"(anonymous_2)","decl":{"start":{"line":16,"column":18},"end":{"line":16,"column":null}},"loc":{"start":{"line":16,"column":18},"end":{"line":18,"column":9}}},"2":{"name":"(anonymous_3)","decl":{"start":{"line":22,"column":18},"end":{"line":22,"column":null}},"loc":{"start":{"line":22,"column":18},"end":{"line":24,"column":9}}},"3":{"name":"(anonymous_4)","decl":{"start":{"line":28,"column":18},"end":{"line":28,"column":null}},"loc":{"start":{"line":28,"column":18},"end":{"line":30,"column":9}}},"4":{"name":"(anonymous_5)","decl":{"start":{"line":34,"column":18},"end":{"line":34,"column":null}},"loc":{"start":{"line":34,"column":18},"end":{"line":36,"column":9}}}},"branchMap":{},"s":{"0":3,"1":3,"2":0,"3":0,"4":0,"5":0,"6":0,"7":3,"8":3},"f":{"0":0,"1":0,"2":0,"3":0,"4":0},"b":{}}
,"/home/koopertrooper/CSE416/DeepSeek-CSE416-Project/backend/db/DistributionSchemas.ts": {"path":"/home/koopertrooper/CSE416/DeepSeek-CSE416-Project/backend/db/DistributionSchemas.ts","statementMap":{"0":{"start":{"line":1,"column":0},"end":{"line":1,"column":33}},"1":{"start":{"line":3,"column":13},"end":{"line":8,"column":null}},"2":{"start":{"line":10,"column":13},"end":{"line":19,"column":null}},"3":{"start":{"line":21,"column":13},"end":{"line":30,"column":null}}},"fnMap":{},"branchMap":{},"s":{"0":3,"1":3,"2":3,"3":3},"f":{},"b":{}}
,"/home/koopertrooper/CSE416/DeepSeek-CSE416-Project/backend/db/EventSchema.ts": {"path":"/home/koopertrooper/CSE416/DeepSeek-CSE416-Project/backend/db/EventSchema.ts","statementMap":{"0":{"start":{"line":1,"column":0},"end":{"line":1,"column":34}},"1":{"start":{"line":2,"column":0},"end":{"line":2,"column":149}},"2":{"start":{"line":4,"column":16},"end":{"line":4,"column":54}},"3":{"start":{"line":7,"column":28},"end":{"line":7,"column":51}},"4":{"start":{"line":9,"column":24},"end":{"line":9,"column":47}},"5":{"start":{"line":11,"column":27},"end":{"line":11,"column":50}},"6":{"start":{"line":13,"column":24},"end":{"line":13,"column":47}},"7":{"start":{"line":15,"column":13},"end":{"line":20,"column":null}},"8":{"start":{"line":23,"column":24},"end":{"line":23,"column":77}},"9":{"start":{"line":25,"column":30},"end":{"line":31,"column":2}},"10":{"start":{"line":33,"column":0},"end":{"line":33,"column":56}},"11":{"start":{"line":34,"column":0},"end":{"line":34,"column":null}},"12":{"start":{"line":35,"column":0},"end":{"line":35,"column":null}},"13":{"start":{"line":36,"column":0},"end":{"line":36,"column":null}},"14":{"start":{"line":39,"column":27},"end":{"line":39,"column":83}},"15":{"start":{"line":41,"column":0},"end":{"line":41,"column":59}},"16":{"start":{"line":42,"column":0},"end":{"line":42,"column":null}},"17":{"start":{"line":43,"column":0},"end":{"line":43,"column":null}},"18":{"start":{"line":46,"column":23},"end":{"line":46,"column":76}},"19":{"start":{"line":49,"column":26},"end":{"line":59,"column":2}},"20":{"start":{"line":62,"column":38},"end":{"line":62,"column":110}},"21":{"start":{"line":63,"column":0},"end":{"line":63,"column":null}},"22":{"start":{"line":64,"column":0},"end":{"line":64,"column":null}},"23":{"start":{"line":65,"column":0},"end":{"line":65,"column":null}},"24":{"start":{"line":68,"column":27},"end":{"line":78,"column":2}},"25":{"start":{"line":79,"column":39},"end":{"line":79,"column":112}},"26":{"start":{"line":80,"column":0},"end":{"line":80,"column":null}},"27":{"start":{"line":81,"column":0},"end":{"line":81,"column":null}},"28":{"start":{"line":84,"column":24},"end":{"line":87,"column":2}},"29":{"start":{"line":89,"column":26},"end":{"line":95,"column":2}},"30":{"start":{"line":99,"column":29},"end":{"line":101,"column":2}},"31":{"start":{"line":103,"column":0},"end":{"line":103,"column":57}},"32":{"start":{"line":104,"column":0},"end":{"line":104,"column":59}},"33":{"start":{"line":105,"column":0},"end":{"line":105,"column":57}},"34":{"start":{"line":106,"column":0},"end":{"line":106,"column":63}}},"fnMap":{},"branchMap":{},"s":{"0":3,"1":3,"2":3,"3":3,"4":3,"5":3,"6":3,"7":3,"8":3,"9":3,"10":3,"11":3,"12":3,"13":3,"14":3,"15":3,"16":3,"17":3,"18":3,"19":3,"20":3,"21":3,"22":3,"23":3,"24":3,"25":3,"26":3,"27":3,"28":3,"29":3,"30":3,"31":3,"32":3,"33":3,"34":3},"f":{},"b":{}}
,"/home/koopertrooper/CSE416/DeepSeek-CSE416-Project/backend/db/InvestmentSchema.ts": {"path":"/home/koopertrooper/CSE416/DeepSeek-CSE416-Project/backend/db/InvestmentSchema.ts","statementMap":{"0":{"start":{"line":1,"column":0},"end":{"line":1,"column":31}},"1":{"start":{"line":3,"column":13},"end":{"line":21,"column":3}}},"fnMap":{},"branchMap":{},"s":{"0":3,"1":3},"f":{},"b":{}}
,"/home/koopertrooper/CSE416/DeepSeek-CSE416-Project/backend/db/InvestmentTypes.js": {"path":"/home/koopertrooper/CSE416/DeepSeek-CSE416-Project/backend/db/InvestmentTypes.js","statementMap":{"0":{"start":{"line":1,"column":0},"end":{"line":1,"column":32}},"1":{"start":{"line":2,"column":0},"end":{"line":2,"column":42}},"2":{"start":{"line":4,"column":29},"end":{"line":40,"column":2}},"3":{"start":{"line":42,"column":23},"end":{"line":42,"column":77}},"4":{"start":{"line":44,"column":0},"end":{"line":44,"column":30}}},"fnMap":{},"branchMap":{},"s":{"0":3,"1":3,"2":3,"3":3,"4":3},"f":{},"b":{}}
,"/home/koopertrooper/CSE416/DeepSeek-CSE416-Project/backend/db/Scenario.ts": {"path":"/home/koopertrooper/CSE416/DeepSeek-CSE416-Project/backend/db/Scenario.ts","statementMap":{"0":{"start":{"line":1,"column":0},"end":{"line":1,"column":37}},"1":{"start":{"line":2,"column":0},"end":{"line":2,"column":152}},"2":{"start":{"line":3,"column":0},"end":{"line":3,"column":41}},"3":{"start":{"line":5,"column":0},"end":{"line":5,"column":47}},"4":{"start":{"line":6,"column":0},"end":{"line":6,"column":64}},"5":{"start":{"line":8,"column":16},"end":{"line":8,"column":42}},"6":{"start":{"line":10,"column":28},"end":{"line":10,"column":51}},"7":{"start":{"line":12,"column":22},"end":{"line":117,"column":2}},"8":{"start":{"line":25,"column":16},"end":{"line":33,"column":17}},"9":{"start":{"line":26,"column":20},"end":{"line":26,"column":45}},"10":{"start":{"line":28,"column":21},"end":{"line":33,"column":17}},"11":{"start":{"line":29,"column":20},"end":{"line":29,"column":46}},"12":{"start":{"line":32,"column":20},"end":{"line":32,"column":33}},"13":{"start":{"line":43,"column":16},"end":{"line":51,"column":17}},"14":{"start":{"line":44,"column":20},"end":{"line":44,"column":45}},"15":{"start":{"line":46,"column":21},"end":{"line":51,"column":17}},"16":{"start":{"line":47,"column":20},"end":{"line":47,"column":46}},"17":{"start":{"line":50,"column":20},"end":{"line":50,"column":33}},"18":{"start":{"line":118,"column":28},"end":{"line":118,"column":92}},"19":{"start":{"line":120,"column":0},"end":{"line":120,"column":60}},"20":{"start":{"line":121,"column":0},"end":{"line":121,"column":null}},"21":{"start":{"line":122,"column":0},"end":{"line":122,"column":null}},"22":{"start":{"line":124,"column":33},"end":{"line":124,"column":102}},"23":{"start":{"line":126,"column":0},"end":{"line":126,"column":65}},"24":{"start":{"line":127,"column":0},"end":{"line":127,"column":null}},"25":{"start":{"line":128,"column":0},"end":{"line":128,"column":null}},"26":{"start":{"line":130,"column":13},"end":{"line":130,"column":62}}},"fnMap":{"0":{"name":"(anonymous_1)","decl":{"start":{"line":24,"column":23},"end":{"line":24,"column":32}},"loc":{"start":{"line":24,"column":47},"end":{"line":34,"column":13}}},"1":{"name":"(anonymous_2)","decl":{"start":{"line":42,"column":23},"end":{"line":42,"column":32}},"loc":{"start":{"line":42,"column":48},"end":{"line":52,"column":13}}}},"branchMap":{"0":{"loc":{"start":{"line":25,"column":16},"end":{"line":33,"column":17}},"type":"if","locations":[{"start":{"line":25,"column":16},"end":{"line":33,"column":17}},{"start":{"line":28,"column":21},"end":{"line":33,"column":17}}]},"1":{"loc":{"start":{"line":28,"column":21},"end":{"line":33,"column":17}},"type":"if","locations":[{"start":{"line":28,"column":21},"end":{"line":33,"column":17}},{"start":{"line":31,"column":20},"end":{"line":33,"column":17}}]},"2":{"loc":{"start":{"line":43,"column":16},"end":{"line":51,"column":17}},"type":"if","locations":[{"start":{"line":43,"column":16},"end":{"line":51,"column":17}},{"start":{"line":46,"column":21},"end":{"line":51,"column":17}}]},"3":{"loc":{"start":{"line":46,"column":21},"end":{"line":51,"column":17}},"type":"if","locations":[{"start":{"line":46,"column":21},"end":{"line":51,"column":17}},{"start":{"line":49,"column":20},"end":{"line":51,"column":17}}]}},"s":{"0":3,"1":3,"2":3,"3":3,"4":3,"5":3,"6":3,"7":3,"8":0,"9":0,"10":0,"11":0,"12":0,"13":0,"14":0,"15":0,"16":0,"17":0,"18":3,"19":3,"20":3,"21":3,"22":3,"23":3,"24":3,"25":3,"26":3},"f":{"0":0,"1":0},"b":{"0":[0,0],"1":[0,0],"2":[0,0],"3":[0,0]}}
,"/home/koopertrooper/CSE416/DeepSeek-CSE416-Project/backend/db/User.ts": {"path":"/home/koopertrooper/CSE416/DeepSeek-CSE416-Project/backend/db/User.ts","statementMap":{"0":{"start":{"line":1,"column":0},"end":{"line":1,"column":31}},"1":{"start":{"line":10,"column":19},"end":{"line":23,"column":2}},"2":{"start":{"line":25,"column":13},"end":{"line":25,"column":47}},"3":{"start":{"line":27,"column":0},"end":{"line":27,"column":20}}},"fnMap":{},"branchMap":{},"s":{"0":6,"1":6,"2":6,"3":6},"f":{},"b":{}}
,"/home/koopertrooper/CSE416/DeepSeek-CSE416-Project/backend/db/taxes.ts": {"path":"/home/koopertrooper/CSE416/DeepSeek-CSE416-Project/backend/db/taxes.ts","statementMap":{"0":{"start":{"line":1,"column":0},"end":{"line":1,"column":41}},"1":{"start":{"line":18,"column":13},"end":{"line":22,"column":null}},"2":{"start":{"line":24,"column":13},"end":{"line":35,"column":null}},"3":{"start":{"line":37,"column":13},"end":{"line":37,"column":66}}},"fnMap":{},"branchMap":{},"s":{"0":9,"1":9,"2":9,"3":9},"f":{},"b":{}}
,"/home/koopertrooper/CSE416/DeepSeek-CSE416-Project/backend/scraper/taxScraper.ts": {"path":"/home/koopertrooper/CSE416/DeepSeek-CSE416-Project/backend/scraper/taxScraper.ts","statementMap":{"0":{"start":{"line":12,"column":0},"end":{"line":12,"column":22}},"1":{"start":{"line":1,"column":0},"end":{"line":1,"column":35}},"2":{"start":{"line":2,"column":0},"end":{"line":2,"column":59}},"3":{"start":{"line":3,"column":0},"end":{"line":3,"column":27}},"4":{"start":{"line":4,"column":0},"end":{"line":4,"column":24}},"5":{"start":{"line":6,"column":0},"end":{"line":6,"column":null}},"6":{"start":{"line":8,"column":37},"end":{"line":8,"column":151}},"7":{"start":{"line":9,"column":40},"end":{"line":9,"column":128}},"8":{"start":{"line":10,"column":42},"end":{"line":10,"column":133}},"9":{"start":{"line":13,"column":4},"end":{"line":13,"column":null}},"10":{"start":{"line":15,"column":4},"end":{"line":15,"column":null}},"11":{"start":{"line":17,"column":20},"end":{"line":17,"column":60}},"12":{"start":{"line":18,"column":20},"end":{"line":20,"column":6}},"13":{"start":{"line":21,"column":17},"end":{"line":21,"column":40}},"14":{"start":{"line":22,"column":4},"end":{"line":22,"column":50}},"15":{"start":{"line":24,"column":31},"end":{"line":24,"column":38}},"16":{"start":{"line":25,"column":22},"end":{"line":25,"column":30}},"17":{"start":{"line":28,"column":22},"end":{"line":28,"column":79}},"18":{"start":{"line":31,"column":39},"end":{"line":32,"column":null}},"19":{"start":{"line":32,"column":33},"end":{"line":32,"column":null}},"20":{"start":{"line":32,"column":36},"end":{"line":32,"column":90}},"21":{"start":{"line":35,"column":40},"end":{"line":36,"column":null}},"22":{"start":{"line":36,"column":33},"end":{"line":36,"column":null}},"23":{"start":{"line":36,"column":36},"end":{"line":36,"column":90}},"24":{"start":{"line":39,"column":20},"end":{"line":42,"column":null}},"25":{"start":{"line":42,"column":28},"end":{"line":42,"column":95}},"26":{"start":{"line":45,"column":34},"end":{"line":45,"column":70}},"27":{"start":{"line":49,"column":4},"end":{"line":63,"column":5}},"28":{"start":{"line":50,"column":22},"end":{"line":50,"column":55}},"29":{"start":{"line":54,"column":56},"end":{"line":54,"column":139}},"30":{"start":{"line":56,"column":44},"end":{"line":60,"column":null}},"31":{"start":{"line":62,"column":8},"end":{"line":62,"column":null}},"32":{"start":{"line":66,"column":4},"end":{"line":80,"column":5}},"33":{"start":{"line":67,"column":22},"end":{"line":67,"column":55}},"34":{"start":{"line":71,"column":56},"end":{"line":71,"column":139}},"35":{"start":{"line":73,"column":44},"end":{"line":77,"column":null}},"36":{"start":{"line":79,"column":8},"end":{"line":79,"column":null}},"37":{"start":{"line":82,"column":4},"end":{"line":82,"column":53}},"38":{"start":{"line":84,"column":35},"end":{"line":86,"column":27}},"39":{"start":{"line":88,"column":4},"end":{"line":102,"column":5}},"40":{"start":{"line":89,"column":22},"end":{"line":89,"column":55}},"41":{"start":{"line":93,"column":30},"end":{"line":93,"column":56}},"42":{"start":{"line":95,"column":8},"end":{"line":101,"column":9}},"43":{"start":{"line":96,"column":12},"end":{"line":96,"column":null}},"44":{"start":{"line":97,"column":12},"end":{"line":97,"column":null}},"45":{"start":{"line":98,"column":14},"end":{"line":101,"column":9}},"46":{"start":{"line":99,"column":12},"end":{"line":99,"column":null}},"47":{"start":{"line":100,"column":12},"end":{"line":100,"column":null}},"48":{"start":{"line":104,"column":32},"end":{"line":104,"column":49}},"49":{"start":{"line":105,"column":27},"end":{"line":105,"column":28}},"50":{"start":{"line":106,"column":33},"end":{"line":106,"column":34}},"51":{"start":{"line":107,"column":39},"end":{"line":107,"column":71}},"52":{"start":{"line":108,"column":25},"end":{"line":108,"column":34}},"53":{"start":{"line":111,"column":4},"end":{"line":111,"column":55}},"54":{"start":{"line":113,"column":21},"end":{"line":113,"column":52}},"55":{"start":{"line":115,"column":45},"end":{"line":118,"column":10}},"56":{"start":{"line":121,"column":35},"end":{"line":121,"column":125}},"57":{"start":{"line":121,"column":62},"end":{"line":121,"column":124}},"58":{"start":{"line":122,"column":21},"end":{"line":122,"column":48}},"59":{"start":{"line":124,"column":4},"end":{"line":226,"column":5}},"60":{"start":{"line":126,"column":24},"end":{"line":126,"column":null}},"61":{"start":{"line":126,"column":89},"end":{"line":126,"column":190}},"62":{"start":{"line":128,"column":8},"end":{"line":224,"column":9}},"63":{"start":{"line":130,"column":27},"end":{"line":130,"column":56}},"64":{"start":{"line":131,"column":33},"end":{"line":131,"column":175}},"65":{"start":{"line":131,"column":127},"end":{"line":131,"column":174}},"66":{"start":{"line":132,"column":34},"end":{"line":132,"column":192}},"67":{"start":{"line":132,"column":144},"end":{"line":132,"column":191}},"68":{"start":{"line":134,"column":53},"end":{"line":137,"column":14}},"69":{"start":{"line":139,"column":12},"end":{"line":172,"column":13}},"70":{"start":{"line":140,"column":36},"end":{"line":140,"column":93}},"71":{"start":{"line":141,"column":52},"end":{"line":145,"column":null}},"72":{"start":{"line":146,"column":16},"end":{"line":146,"column":null}},"73":{"start":{"line":150,"column":35},"end":{"line":150,"column":92}},"74":{"start":{"line":151,"column":36},"end":{"line":151,"column":93}},"75":{"start":{"line":153,"column":16},"end":{"line":171,"column":17}},"76":{"start":{"line":154,"column":56},"end":{"line":158,"column":null}},"77":{"start":{"line":159,"column":20},"end":{"line":159,"column":null}},"78":{"start":{"line":161,"column":20},"end":{"line":161,"column":null}},"79":{"start":{"line":163,"column":56},"end":{"line":167,"column":null}},"80":{"start":{"line":168,"column":20},"end":{"line":168,"column":null}},"81":{"start":{"line":170,"column":20},"end":{"line":170,"column":null}},"82":{"start":{"line":174,"column":12},"end":{"line":206,"column":13}},"83":{"start":{"line":175,"column":36},"end":{"line":175,"column":93}},"84":{"start":{"line":176,"column":52},"end":{"line":180,"column":null}},"85":{"start":{"line":181,"column":16},"end":{"line":181,"column":null}},"86":{"start":{"line":184,"column":35},"end":{"line":184,"column":92}},"87":{"start":{"line":185,"column":36},"end":{"line":185,"column":93}},"88":{"start":{"line":187,"column":16},"end":{"line":205,"column":17}},"89":{"start":{"line":188,"column":56},"end":{"line":192,"column":null}},"90":{"start":{"line":193,"column":20},"end":{"line":193,"column":null}},"91":{"start":{"line":195,"column":20},"end":{"line":195,"column":null}},"92":{"start":{"line":197,"column":56},"end":{"line":201,"column":null}},"93":{"start":{"line":202,"column":20},"end":{"line":202,"column":null}},"94":{"start":{"line":204,"column":20},"end":{"line":204,"column":null}},"95":{"start":{"line":208,"column":54},"end":{"line":212,"column":null}},"96":{"start":{"line":213,"column":55},"end":{"line":217,"column":null}},"97":{"start":{"line":218,"column":12},"end":{"line":218,"column":null}},"98":{"start":{"line":219,"column":12},"end":{"line":219,"column":null}},"99":{"start":{"line":228,"column":4},"end":{"line":228,"column":null}},"100":{"start":{"line":229,"column":4},"end":{"line":229,"column":26}},"101":{"start":{"line":230,"column":4},"end":{"line":230,"column":null}}},"fnMap":{"0":{"name":"federalTaxScraper","decl":{"start":{"line":12,"column":22},"end":{"line":12,"column":39}},"loc":{"start":{"line":12,"column":39},"end":{"line":231,"column":2}}},"1":{"name":"(anonymous_10)","decl":{"start":{"line":32,"column":8},"end":{"line":32,"column":15}},"loc":{"start":{"line":32,"column":33},"end":{"line":32,"column":null}}},"2":{"name":"(anonymous_11)","decl":{"start":{"line":32,"column":33},"end":{"line":32,"column":36}},"loc":{"start":{"line":32,"column":33},"end":{"line":32,"column":90}}},"3":{"name":"(anonymous_12)","decl":{"start":{"line":36,"column":8},"end":{"line":36,"column":15}},"loc":{"start":{"line":36,"column":33},"end":{"line":36,"column":null}}},"4":{"name":"(anonymous_13)","decl":{"start":{"line":36,"column":33},"end":{"line":36,"column":36}},"loc":{"start":{"line":36,"column":33},"end":{"line":36,"column":90}}},"5":{"name":"(anonymous_14)","decl":{"start":{"line":42,"column":8},"end":{"line":42,"column":9}},"loc":{"start":{"line":42,"column":28},"end":{"line":42,"column":95}}},"6":{"name":"(anonymous_15)","decl":{"start":{"line":121,"column":53},"end":{"line":121,"column":54}},"loc":{"start":{"line":121,"column":62},"end":{"line":121,"column":124}}},"7":{"name":"(anonymous_16)","decl":{"start":{"line":126,"column":75},"end":{"line":126,"column":76}},"loc":{"start":{"line":126,"column":89},"end":{"line":126,"column":190}}},"8":{"name":"(anonymous_17)","decl":{"start":{"line":131,"column":110},"end":{"line":131,"column":123}},"loc":{"start":{"line":131,"column":127},"end":{"line":131,"column":174}}},"9":{"name":"(anonymous_18)","decl":{"start":{"line":132,"column":127},"end":{"line":132,"column":140}},"loc":{"start":{"line":132,"column":144},"end":{"line":132,"column":191}}},"10":{"name":"federalIncomeTax","decl":{"start":{"line":234,"column":15},"end":{"line":234,"column":31}},"loc":{"start":{"line":234,"column":31},"end":{"line":236,"column":null}}},"11":{"name":"federalStandardDeductions","decl":{"start":{"line":239,"column":15},"end":{"line":239,"column":40}},"loc":{"start":{"line":239,"column":40},"end":{"line":241,"column":null}}},"12":{"name":"capitalGainsTax","decl":{"start":{"line":243,"column":15},"end":{"line":243,"column":30}},"loc":{"start":{"line":243,"column":30},"end":{"line":245,"column":null}}}},"branchMap":{"0":{"loc":{"start":{"line":8,"column":37},"end":{"line":8,"column":151}},"type":"binary-expr","locations":[{"start":{"line":8,"column":37},"end":{"line":8,"column":81}},{"start":{"line":8,"column":85},"end":{"line":8,"column":151}}]},"1":{"loc":{"start":{"line":9,"column":40},"end":{"line":9,"column":128}},"type":"binary-expr","locations":[{"start":{"line":9,"column":40},"end":{"line":9,"column":86}},{"start":{"line":9,"column":90},"end":{"line":9,"column":128}}]},"2":{"loc":{"start":{"line":10,"column":42},"end":{"line":10,"column":133}},"type":"binary-expr","locations":[{"start":{"line":10,"column":42},"end":{"line":10,"column":92}},{"start":{"line":10,"column":96},"end":{"line":10,"column":133}}]},"3":{"loc":{"start":{"line":42,"column":28},"end":{"line":42,"column":95}},"type":"cond-expr","locations":[{"start":{"line":42,"column":53},"end":{"line":42,"column":91}},{"start":{"line":42,"column":94},"end":{"line":42,"column":95}}]},"4":{"loc":{"start":{"line":59,"column":30},"end":{"line":59,"column":166}},"type":"cond-expr","locations":[{"start":{"line":59,"column":102},"end":{"line":59,"column":110}},{"start":{"line":59,"column":113},"end":{"line":59,"column":166}}]},"5":{"loc":{"start":{"line":76,"column":30},"end":{"line":76,"column":166}},"type":"cond-expr","locations":[{"start":{"line":76,"column":102},"end":{"line":76,"column":110}},{"start":{"line":76,"column":113},"end":{"line":76,"column":166}}]},"6":{"loc":{"start":{"line":95,"column":8},"end":{"line":101,"column":9}},"type":"if","locations":[{"start":{"line":95,"column":8},"end":{"line":101,"column":9}},{"start":{"line":98,"column":14},"end":{"line":101,"column":9}}]},"7":{"loc":{"start":{"line":98,"column":14},"end":{"line":101,"column":9}},"type":"if","locations":[{"start":{"line":98,"column":14},"end":{"line":101,"column":9}}]},"8":{"loc":{"start":{"line":121,"column":65},"end":{"line":121,"column":123}},"type":"cond-expr","locations":[{"start":{"line":121,"column":98},"end":{"line":121,"column":116}},{"start":{"line":121,"column":119},"end":{"line":121,"column":123}}]},"9":{"loc":{"start":{"line":121,"column":65},"end":{"line":121,"column":87}},"type":"cond-expr","locations":[{"start":{"line":121,"column":80},"end":{"line":121,"column":82}},{"start":{"line":121,"column":65},"end":{"line":121,"column":87}}]},"10":{"loc":{"start":{"line":121,"column":65},"end":{"line":121,"column":82}},"type":"binary-expr","locations":[{"start":{"line":121,"column":65},"end":{"line":121,"column":82}},{"start":{"line":121,"column":65},"end":{"line":121,"column":82}}]},"11":{"loc":{"start":{"line":126,"column":30},"end":{"line":126,"column":190}},"type":"cond-expr","locations":[{"start":{"line":126,"column":53},"end":{"line":126,"column":55}},{"start":{"line":126,"column":53},"end":{"line":126,"column":190}}]},"12":{"loc":{"start":{"line":126,"column":30},"end":{"line":126,"column":55}},"type":"binary-expr","locations":[{"start":{"line":126,"column":30},"end":{"line":126,"column":55}},{"start":{"line":126,"column":53},"end":{"line":126,"column":55}}]},"13":{"loc":{"start":{"line":126,"column":89},"end":{"line":126,"column":188}},"type":"binary-expr","locations":[{"start":{"line":126,"column":89},"end":{"line":126,"column":180}},{"start":{"line":126,"column":184},"end":{"line":126,"column":188}}]},"14":{"loc":{"start":{"line":126,"column":89},"end":{"line":126,"column":180}},"type":"cond-expr","locations":[{"start":{"line":126,"column":163},"end":{"line":126,"column":165}},{"start":{"line":126,"column":163},"end":{"line":126,"column":180}}]},"15":{"loc":{"start":{"line":126,"column":89},"end":{"line":126,"column":165}},"type":"binary-expr","locations":[{"start":{"line":126,"column":89},"end":{"line":126,"column":165}},{"start":{"line":126,"column":163},"end":{"line":126,"column":165}}]},"16":{"loc":{"start":{"line":126,"column":89},"end":{"line":126,"column":163}},"type":"cond-expr","locations":[{"start":{"line":126,"column":158},"end":{"line":126,"column":161}},{"start":{"line":126,"column":158},"end":{"line":126,"column":163}}]},"17":{"loc":{"start":{"line":126,"column":89},"end":{"line":126,"column":161}},"type":"binary-expr","locations":[{"start":{"line":126,"column":89},"end":{"line":126,"column":161}},{"start":{"line":126,"column":158},"end":{"line":126,"column":161}}]},"18":{"loc":{"start":{"line":126,"column":89},"end":{"line":126,"column":158}},"type":"cond-expr","locations":[{"start":{"line":126,"column":133},"end":{"line":126,"column":136}},{"start":{"line":126,"column":133},"end":{"line":126,"column":158}}]},"19":{"loc":{"start":{"line":126,"column":89},"end":{"line":126,"column":136}},"type":"binary-expr","locations":[{"start":{"line":126,"column":89},"end":{"line":126,"column":136}},{"start":{"line":126,"column":133},"end":{"line":126,"column":136}}]},"20":{"loc":{"start":{"line":126,"column":89},"end":{"line":126,"column":133}},"type":"cond-expr","locations":[{"start":{"line":126,"column":98},"end":{"line":126,"column":100}},{"start":{"line":126,"column":89},"end":{"line":126,"column":133}}]},"21":{"loc":{"start":{"line":126,"column":89},"end":{"line":126,"column":100}},"type":"binary-expr","locations":[{"start":{"line":126,"column":89},"end":{"line":126,"column":100}},{"start":{"line":126,"column":89},"end":{"line":126,"column":100}}]},"22":{"loc":{"start":{"line":128,"column":8},"end":{"line":224,"column":9}},"type":"if","locations":[{"start":{"line":128,"column":8},"end":{"line":224,"column":9}},{"start":{"line":207,"column":13},"end":{"line":224,"column":9}}]},"23":{"loc":{"start":{"line":131,"column":127},"end":{"line":131,"column":174}},"type":"binary-expr","locations":[{"start":{"line":131,"column":127},"end":{"line":131,"column":168}},{"start":{"line":131,"column":172},"end":{"line":131,"column":174}}]},"24":{"loc":{"start":{"line":131,"column":127},"end":{"line":131,"column":168}},"type":"cond-expr","locations":[{"start":{"line":131,"column":140},"end":{"line":131,"column":142}},{"start":{"line":131,"column":127},"end":{"line":131,"column":168}}]},"25":{"loc":{"start":{"line":131,"column":127},"end":{"line":131,"column":142}},"type":"binary-expr","locations":[{"start":{"line":131,"column":127},"end":{"line":131,"column":142}},{"start":{"line":131,"column":127},"end":{"line":131,"column":142}}]},"26":{"loc":{"start":{"line":132,"column":144},"end":{"line":132,"column":191}},"type":"binary-expr","locations":[{"start":{"line":132,"column":144},"end":{"line":132,"column":185}},{"start":{"line":132,"column":189},"end":{"line":132,"column":191}}]},"27":{"loc":{"start":{"line":132,"column":144},"end":{"line":132,"column":185}},"type":"cond-expr","locations":[{"start":{"line":132,"column":157},"end":{"line":132,"column":159}},{"start":{"line":132,"column":144},"end":{"line":132,"column":185}}]},"28":{"loc":{"start":{"line":132,"column":144},"end":{"line":132,"column":159}},"type":"binary-expr","locations":[{"start":{"line":132,"column":144},"end":{"line":132,"column":159}},{"start":{"line":132,"column":144},"end":{"line":132,"column":159}}]},"29":{"loc":{"start":{"line":139,"column":12},"end":{"line":172,"column":13}},"type":"if","locations":[{"start":{"line":139,"column":12},"end":{"line":172,"column":13}},{"start":{"line":148,"column":17},"end":{"line":172,"column":13}}]},"30":{"loc":{"start":{"line":139,"column":15},"end":{"line":139,"column":37}},"type":"cond-expr","locations":[{"start":{"line":139,"column":29},"end":{"line":139,"column":31}},{"start":{"line":139,"column":15},"end":{"line":139,"column":37}}]},"31":{"loc":{"start":{"line":139,"column":15},"end":{"line":139,"column":31}},"type":"binary-expr","locations":[{"start":{"line":139,"column":15},"end":{"line":139,"column":31}},{"start":{"line":139,"column":15},"end":{"line":139,"column":31}}]},"32":{"loc":{"start":{"line":153,"column":16},"end":{"line":171,"column":17}},"type":"if","locations":[{"start":{"line":153,"column":16},"end":{"line":171,"column":17}},{"start":{"line":162,"column":21},"end":{"line":171,"column":17}}]},"33":{"loc":{"start":{"line":174,"column":12},"end":{"line":206,"column":13}},"type":"if","locations":[{"start":{"line":174,"column":12},"end":{"line":206,"column":13}},{"start":{"line":183,"column":17},"end":{"line":206,"column":13}}]},"34":{"loc":{"start":{"line":174,"column":15},"end":{"line":174,"column":37}},"type":"cond-expr","locations":[{"start":{"line":174,"column":29},"end":{"line":174,"column":31}},{"start":{"line":174,"column":15},"end":{"line":174,"column":37}}]},"35":{"loc":{"start":{"line":174,"column":15},"end":{"line":174,"column":31}},"type":"binary-expr","locations":[{"start":{"line":174,"column":15},"end":{"line":174,"column":31}},{"start":{"line":174,"column":15},"end":{"line":174,"column":31}}]},"36":{"loc":{"start":{"line":187,"column":16},"end":{"line":205,"column":17}},"type":"if","locations":[{"start":{"line":187,"column":16},"end":{"line":205,"column":17}},{"start":{"line":196,"column":21},"end":{"line":205,"column":17}}]}},"s":{"0":6,"1":6,"2":6,"3":6,"4":6,"5":6,"6":6,"7":6,"8":6,"9":0,"10":0,"11":0,"12":0,"13":0,"14":0,"15":0,"16":0,"17":0,"18":0,"19":0,"20":0,"21":0,"22":0,"23":0,"24":0,"25":0,"26":0,"27":0,"28":0,"29":0,"30":0,"31":0,"32":0,"33":0,"34":0,"35":0,"36":0,"37":0,"38":0,"39":0,"40":0,"41":0,"42":0,"43":0,"44":0,"45":0,"46":0,"47":0,"48":0,"49":0,"50":0,"51":0,"52":0,"53":0,"54":0,"55":0,"56":0,"57":0,"58":0,"59":0,"60":0,"61":0,"62":0,"63":0,"64":0,"65":0,"66":0,"67":0,"68":0,"69":0,"70":0,"71":0,"72":0,"73":0,"74":0,"75":0,"76":0,"77":0,"78":0,"79":0,"80":0,"81":0,"82":0,"83":0,"84":0,"85":0,"86":0,"87":0,"88":0,"89":0,"90":0,"91":0,"92":0,"93":0,"94":0,"95":0,"96":0,"97":0,"98":0,"99":0,"100":0,"101":0},"f":{"0":0,"1":0,"2":0,"3":0,"4":0,"5":0,"6":0,"7":0,"8":0,"9":0,"10":0,"11":0,"12":0},"b":{"0":[6,6],"1":[6,6],"2":[6,6],"3":[0,0],"4":[0,0],"5":[0,0],"6":[0,0],"7":[0],"8":[0,0],"9":[0,0],"10":[0,0],"11":[0,0],"12":[0,0],"13":[0,0],"14":[0,0],"15":[0,0],"16":[0,0],"17":[0,0],"18":[0,0],"19":[0,0],"20":[0,0],"21":[0,0],"22":[0,0],"23":[0,0],"24":[0,0],"25":[0,0],"26":[0,0],"27":[0,0],"28":[0,0],"29":[0,0],"30":[0,0],"31":[0,0],"32":[0,0],"33":[0,0],"34":[0,0],"35":[0,0],"36":[0,0]}}
,"/home/koopertrooper/CSE416/DeepSeek-CSE416-Project/backend/server/app.ts": {"path":"/home/koopertrooper/CSE416/DeepSeek-CSE416-Project/backend/server/app.ts","statementMap":{"0":{"start":{"line":1,"column":0},"end":{"line":1,"column":30}},"1":{"start":{"line":2,"column":0},"end":{"line":2,"column":40}},"2":{"start":{"line":3,"column":0},"end":{"line":3,"column":38}},"3":{"start":{"line":4,"column":0},"end":{"line":4,"column":39}},"4":{"start":{"line":5,"column":0},"end":{"line":5,"column":24}},"5":{"start":{"line":6,"column":0},"end":{"line":6,"column":28}},"6":{"start":{"line":7,"column":0},"end":{"line":7,"column":30}},"7":{"start":{"line":8,"column":0},"end":{"line":8,"column":24}},"8":{"start":{"line":10,"column":0},"end":{"line":10,"column":null}},"9":{"start":{"line":11,"column":0},"end":{"line":11,"column":70}},"10":{"start":{"line":12,"column":21},"end":{"line":12,"column":162}},"11":{"start":{"line":13,"column":24},"end":{"line":13,"column":122}},"12":{"start":{"line":14,"column":12},"end":{"line":14,"column":21}},"13":{"start":{"line":17,"column":0},"end":{"line":20,"column":4}},"14":{"start":{"line":21,"column":0},"end":{"line":21,"column":24}},"15":{"start":{"line":22,"column":0},"end":{"line":22,"column":null}},"16":{"start":{"line":24,"column":0},"end":{"line":34,"column":null}},"17":{"start":{"line":36,"column":0},"end":{"line":36,"column":null}},"18":{"start":{"line":37,"column":0},"end":{"line":37,"column":null}},"19":{"start":{"line":39,"column":0},"end":{"line":44,"column":3}},"20":{"start":{"line":40,"column":4},"end":{"line":40,"column":58}},"21":{"start":{"line":41,"column":4},"end":{"line":41,"column":46}},"22":{"start":{"line":42,"column":4},"end":{"line":42,"column":57}},"23":{"start":{"line":43,"column":4},"end":{"line":43,"column":11}},"24":{"start":{"line":49,"column":0},"end":{"line":49,"column":89}},"25":{"start":{"line":52,"column":0},"end":{"line":57,"column":2}},"26":{"start":{"line":55,"column":8},"end":{"line":55,"column":53}},"27":{"start":{"line":64,"column":0},"end":{"line":66,"column":3}},"28":{"start":{"line":65,"column":4},"end":{"line":65,"column":34}},"29":{"start":{"line":68,"column":0},"end":{"line":78,"column":null}},"30":{"start":{"line":69,"column":4},"end":{"line":69,"column":35}},"31":{"start":{"line":70,"column":4},"end":{"line":77,"column":5}},"32":{"start":{"line":71,"column":8},"end":{"line":71,"column":58}},"33":{"start":{"line":72,"column":8},"end":{"line":72,"column":27}},"34":{"start":{"line":75,"column":8},"end":{"line":75,"column":46}},"35":{"start":{"line":76,"column":8},"end":{"line":76,"column":44}},"36":{"start":{"line":80,"column":0},"end":{"line":80,"column":19}}},"fnMap":{"0":{"name":"(anonymous_1)","decl":{"start":{"line":39,"column":8},"end":{"line":39,"column":9}},"loc":{"start":{"line":39,"column":27},"end":{"line":44,"column":1}}},"1":{"name":"(anonymous_2)","decl":{"start":{"line":54,"column":4},"end":{"line":54,"column":5}},"loc":{"start":{"line":54,"column":17},"end":{"line":56,"column":5}}},"2":{"name":"(anonymous_3)","decl":{"start":{"line":64,"column":22},"end":{"line":64,"column":23}},"loc":{"start":{"line":64,"column":35},"end":{"line":66,"column":1}}},"3":{"name":"(anonymous_4)","decl":{"start":{"line":68,"column":17},"end":{"line":68,"column":18}},"loc":{"start":{"line":68,"column":30},"end":{"line":78,"column":1}}}},"branchMap":{"0":{"loc":{"start":{"line":12,"column":21},"end":{"line":12,"column":162}},"type":"binary-expr","locations":[{"start":{"line":12,"column":22},"end":{"line":12,"column":115}},{"start":{"line":12,"column":120},"end":{"line":12,"column":162}}]},"1":{"loc":{"start":{"line":13,"column":24},"end":{"line":13,"column":122}},"type":"binary-expr","locations":[{"start":{"line":13,"column":25},"end":{"line":13,"column":94}},{"start":{"line":13,"column":99},"end":{"line":13,"column":122}}]},"2":{"loc":{"start":{"line":70,"column":4},"end":{"line":77,"column":5}},"type":"if","locations":[{"start":{"line":70,"column":4},"end":{"line":77,"column":5}},{"start":{"line":74,"column":8},"end":{"line":77,"column":5}}]}},"s":{"0":6,"1":6,"2":6,"3":6,"4":6,"5":6,"6":6,"7":6,"8":6,"9":6,"10":6,"11":6,"12":6,"13":6,"14":6,"15":6,"16":6,"17":6,"18":6,"19":6,"20":4,"21":4,"22":4,"23":4,"24":6,"25":6,"26":0,"27":6,"28":0,"29":6,"30":0,"31":0,"32":0,"33":0,"34":0,"35":0,"36":6},"f":{"0":4,"1":0,"2":0,"3":0},"b":{"0":[6,0],"1":[6,0],"2":[0,0]}}
,"/home/koopertrooper/CSE416/DeepSeek-CSE416-Project/backend/server/passportConfig.ts": {"path":"/home/koopertrooper/CSE416/DeepSeek-CSE416-Project/backend/server/passportConfig.ts","statementMap":{"0":{"start":{"line":1,"column":0},"end":{"line":1,"column":32}},"1":{"start":{"line":2,"column":0},"end":{"line":2,"column":69}},"2":{"start":{"line":3,"column":0},"end":{"line":3,"column":30}},"3":{"start":{"line":5,"column":0},"end":{"line":5,"column":28}},"4":{"start":{"line":6,"column":0},"end":{"line":6,"column":30}},"5":{"start":{"line":7,"column":0},"end":{"line":7,"column":24}},"6":{"start":{"line":8,"column":0},"end":{"line":8,"column":71}},"7":{"start":{"line":17,"column":25},"end":{"line":17,"column":92}},"8":{"start":{"line":20,"column":0},"end":{"line":46,"column":2}},"9":{"start":{"line":28,"column":6},"end":{"line":43,"column":7}},"10":{"start":{"line":29,"column":34},"end":{"line":29,"column":85}},"11":{"start":{"line":30,"column":8},"end":{"line":38,"column":9}},"12":{"start":{"line":31,"column":26},"end":{"line":36,"column":12}},"13":{"start":{"line":37,"column":10},"end":{"line":37,"column":49}},"14":{"start":{"line":39,"column":8},"end":{"line":39,"column":25}},"15":{"start":{"line":42,"column":8},"end":{"line":42,"column":18}},"16":{"start":{"line":49,"column":0},"end":{"line":52,"column":3}},"17":{"start":{"line":50,"column":2},"end":{"line":50,"column":38}},"18":{"start":{"line":51,"column":2},"end":{"line":51,"column":28}},"19":{"start":{"line":54,"column":0},"end":{"line":72,"column":3}},"20":{"start":{"line":54,"column":59},"end":{"line":72,"column":2}},"21":{"start":{"line":55,"column":2},"end":{"line":55,"column":66}},"22":{"start":{"line":56,"column":2},"end":{"line":71,"column":3}},"23":{"start":{"line":58,"column":17},"end":{"line":58,"column":59}},"24":{"start":{"line":59,"column":4},"end":{"line":67,"column":5}},"25":{"start":{"line":61,"column":6},"end":{"line":61,"column":41}},"26":{"start":{"line":62,"column":6},"end":{"line":62,"column":23}},"27":{"start":{"line":64,"column":6},"end":{"line":64,"column":38}},"28":{"start":{"line":66,"column":6},"end":{"line":66,"column":40}},"29":{"start":{"line":70,"column":4},"end":{"line":70,"column":14}},"30":{"start":{"line":74,"column":0},"end":{"line":74,"column":24}}},"fnMap":{"0":{"name":"verify","decl":{"start":{"line":27,"column":19},"end":{"line":27,"column":25}},"loc":{"start":{"line":27,"column":66},"end":{"line":44,"column":null}}},"1":{"name":"(anonymous_10)","decl":{"start":{"line":49,"column":23},"end":{"line":49,"column":24}},"loc":{"start":{"line":49,"column":42},"end":{"line":52,"column":1}}},"2":{"name":"(anonymous_11)","decl":{"start":{"line":54,"column":25},"end":{"line":54,"column":32}},"loc":{"start":{"line":54,"column":59},"end":{"line":72,"column":2}}},"3":{"name":"(anonymous_12)","decl":{"start":{"line":54,"column":59},"end":{"line":54,"column":null}},"loc":{"start":{"line":54,"column":59},"end":{"line":72,"column":1}}}},"branchMap":{"0":{"loc":{"start":{"line":23,"column":16},"end":{"line":23,"column":50}},"type":"binary-expr","locations":[{"start":{"line":23,"column":16},"end":{"line":23,"column":44}},{"start":{"line":23,"column":48},"end":{"line":23,"column":50}}]},"1":{"loc":{"start":{"line":24,"column":20},"end":{"line":24,"column":58}},"type":"binary-expr","locations":[{"start":{"line":24,"column":20},"end":{"line":24,"column":52}},{"start":{"line":24,"column":56},"end":{"line":24,"column":58}}]},"2":{"loc":{"start":{"line":30,"column":8},"end":{"line":38,"column":9}},"type":"if","locations":[{"start":{"line":30,"column":8},"end":{"line":38,"column":9}}]},"3":{"loc":{"start":{"line":59,"column":4},"end":{"line":67,"column":5}},"type":"if","locations":[{"start":{"line":59,"column":4},"end":{"line":67,"column":5}},{"start":{"line":63,"column":11},"end":{"line":67,"column":5}}]}},"s":{"0":6,"1":6,"2":6,"3":6,"4":6,"5":6,"6":6,"7":6,"8":6,"9":0,"10":0,"11":0,"12":0,"13":0,"14":0,"15":0,"16":6,"17":0,"18":0,"19":6,"20":0,"21":0,"22":0,"23":0,"24":0,"25":0,"26":0,"27":0,"28":0,"29":0,"30":6},"f":{"0":0,"1":0,"2":0,"3":0},"b":{"0":[6,0],"1":[6,0],"2":[0],"3":[0,0]}}
,"/home/koopertrooper/CSE416/DeepSeek-CSE416-Project/backend/server/server.ts": {"path":"/home/koopertrooper/CSE416/DeepSeek-CSE416-Project/backend/server/server.ts","statementMap":{"0":{"start":{"line":5,"column":0},"end":{"line":5,"column":33}},"1":{"start":{"line":6,"column":0},"end":{"line":6,"column":32}},"2":{"start":{"line":7,"column":0},"end":{"line":7,"column":35}},"3":{"start":{"line":8,"column":0},"end":{"line":8,"column":44}},"4":{"start":{"line":9,"column":0},"end":{"line":9,"column":56}},"5":{"start":{"line":10,"column":0},"end":{"line":10,"column":44}},"6":{"start":{"line":11,"column":0},"end":{"line":11,"column":37}},"7":{"start":{"line":12,"column":0},"end":{"line":12,"column":24}},"8":{"start":{"line":13,"column":0},"end":{"line":13,"column":29}},"9":{"start":{"line":15,"column":0},"end":{"line":15,"column":70}},"10":{"start":{"line":17,"column":22},"end":{"line":17,"column":62}},"11":{"start":{"line":18,"column":11},"end":{"line":18,"column":46}},"12":{"start":{"line":19,"column":21},"end":{"line":19,"column":46}},"13":{"start":{"line":20,"column":21},"end":{"line":20,"column":46}},"14":{"start":{"line":21,"column":21},"end":{"line":21,"column":46}},"15":{"start":{"line":22,"column":33},"end":{"line":22,"column":87}},"16":{"start":{"line":23,"column":19},"end":{"line":23,"column":56}},"17":{"start":{"line":24,"column":19},"end":{"line":24,"column":57}},"18":{"start":{"line":25,"column":19},"end":{"line":25,"column":36}},"19":{"start":{"line":32,"column":20},"end":{"line":32,"column":68}},"20":{"start":{"line":54,"column":27},"end":{"line":54,"column":53}},"21":{"start":{"line":56,"column":4},"end":{"line":63,"column":7}},"22":{"start":{"line":56,"column":83},"end":{"line":63,"column":6}},"23":{"start":{"line":57,"column":8},"end":{"line":62,"column":9}},"24":{"start":{"line":58,"column":12},"end":{"line":58,"column":101}},"25":{"start":{"line":59,"column":12},"end":{"line":59,"column":38}},"26":{"start":{"line":61,"column":12},"end":{"line":61,"column":95}},"27":{"start":{"line":65,"column":4},"end":{"line":70,"column":9}},"28":{"start":{"line":72,"column":4},"end":{"line":77,"column":9}},"29":{"start":{"line":80,"column":4},"end":{"line":80,"column":10}},"30":{"start":{"line":83,"column":0},"end":{"line":103,"column":null}},"31":{"start":{"line":84,"column":19},"end":{"line":86,"column":6}},"32":{"start":{"line":85,"column":8},"end":{"line":85,"column":66}},"33":{"start":{"line":88,"column":4},"end":{"line":102,"column":3}},"34":{"start":{"line":89,"column":8},"end":{"line":89,"column":48}},"35":{"start":{"line":92,"column":30},"end":{"line":95,"column":16}},"36":{"start":{"line":93,"column":12},"end":{"line":93,"column":66}},"37":{"start":{"line":94,"column":12},"end":{"line":94,"column":28}},"38":{"start":{"line":97,"column":8},"end":{"line":101,"column":11}},"39":{"start":{"line":98,"column":12},"end":{"line":98,"column":40}},"40":{"start":{"line":99,"column":12},"end":{"line":99,"column":48}},"41":{"start":{"line":100,"column":12},"end":{"line":100,"column":null}},"42":{"start":{"line":107,"column":0},"end":{"line":109,"column":3}},"43":{"start":{"line":108,"column":4},"end":{"line":108,"column":21}},"44":{"start":{"line":111,"column":0},"end":{"line":113,"column":3}},"45":{"start":{"line":112,"column":4},"end":{"line":112,"column":21}},"46":{"start":{"line":118,"column":0},"end":{"line":125,"column":3}},"47":{"start":{"line":118,"column":88},"end":{"line":125,"column":2}},"48":{"start":{"line":119,"column":4},"end":{"line":119,"column":null}},"49":{"start":{"line":120,"column":44},"end":{"line":120,"column":52}},"50":{"start":{"line":121,"column":16},"end":{"line":121,"column":144}},"51":{"start":{"line":123,"column":19},"end":{"line":123,"column":69}},"52":{"start":{"line":124,"column":4},"end":{"line":124,"column":null}}},"fnMap":{"0":{"name":"startUp","decl":{"start":{"line":30,"column":15},"end":{"line":30,"column":22}},"loc":{"start":{"line":30,"column":22},"end":{"line":81,"column":null}}},"1":{"name":"(anonymous_19)","decl":{"start":{"line":56,"column":66},"end":{"line":56,"column":73}},"loc":{"start":{"line":56,"column":83},"end":{"line":63,"column":6}}},"2":{"name":"(anonymous_20)","decl":{"start":{"line":56,"column":83},"end":{"line":56,"column":null}},"loc":{"start":{"line":56,"column":83},"end":{"line":63,"column":5}}},"3":{"name":"(anonymous_21)","decl":{"start":{"line":83,"column":15},"end":{"line":83,"column":17}},"loc":{"start":{"line":83,"column":19},"end":{"line":103,"column":1}}},"4":{"name":"(anonymous_22)","decl":{"start":{"line":84,"column":40},"end":{"line":84,"column":42}},"loc":{"start":{"line":84,"column":44},"end":{"line":86,"column":5}}},"5":{"name":"(anonymous_23)","decl":{"start":{"line":88,"column":25},"end":{"line":88,"column":27}},"loc":{"start":{"line":88,"column":29},"end":{"line":102,"column":1}}},"6":{"name":"(anonymous_24)","decl":{"start":{"line":92,"column":41},"end":{"line":92,"column":43}},"loc":{"start":{"line":92,"column":45},"end":{"line":95,"column":9}}},"7":{"name":"(anonymous_25)","decl":{"start":{"line":97,"column":21},"end":{"line":97,"column":23}},"loc":{"start":{"line":97,"column":25},"end":{"line":101,"column":9}}},"8":{"name":"(anonymous_26)","decl":{"start":{"line":107,"column":13},"end":{"line":107,"column":14}},"loc":{"start":{"line":107,"column":25},"end":{"line":109,"column":1}}},"9":{"name":"(anonymous_27)","decl":{"start":{"line":111,"column":35},"end":{"line":111,"column":36}},"loc":{"start":{"line":111,"column":47},"end":{"line":113,"column":1}}},"10":{"name":"(anonymous_28)","decl":{"start":{"line":118,"column":49},"end":{"line":118,"column":56}},"loc":{"start":{"line":118,"column":88},"end":{"line":125,"column":2}}},"11":{"name":"(anonymous_29)","decl":{"start":{"line":118,"column":88},"end":{"line":118,"column":null}},"loc":{"start":{"line":118,"column":88},"end":{"line":125,"column":1}}}},"branchMap":{"0":{"loc":{"start":{"line":17,"column":22},"end":{"line":17,"column":62}},"type":"binary-expr","locations":[{"start":{"line":17,"column":22},"end":{"line":17,"column":54}},{"start":{"line":17,"column":58},"end":{"line":17,"column":62}}]},"1":{"loc":{"start":{"line":18,"column":11},"end":{"line":18,"column":46}},"type":"binary-expr","locations":[{"start":{"line":18,"column":11},"end":{"line":18,"column":33}},{"start":{"line":18,"column":37},"end":{"line":18,"column":46}}]},"2":{"loc":{"start":{"line":23,"column":19},"end":{"line":23,"column":56}},"type":"binary-expr","locations":[{"start":{"line":23,"column":19},"end":{"line":23,"column":41}},{"start":{"line":23,"column":45},"end":{"line":23,"column":56}}]},"3":{"loc":{"start":{"line":24,"column":19},"end":{"line":24,"column":57}},"type":"binary-expr","locations":[{"start":{"line":24,"column":19},"end":{"line":24,"column":49}},{"start":{"line":24,"column":53},"end":{"line":24,"column":57}}]},"4":{"loc":{"start":{"line":57,"column":8},"end":{"line":62,"column":9}},"type":"if","locations":[{"start":{"line":57,"column":8},"end":{"line":62,"column":9}},{"start":{"line":60,"column":13},"end":{"line":62,"column":9}}]}},"s":{"0":6,"1":6,"2":6,"3":6,"4":6,"5":6,"6":6,"7":6,"8":6,"9":6,"10":6,"11":6,"12":6,"13":6,"14":6,"15":6,"16":6,"17":6,"18":6,"19":6,"20":5,"21":5,"22":3,"23":3,"24":0,"25":0,"26":3,"27":5,"28":5,"29":5,"30":6,"31":5,"32":3,"33":5,"34":2,"35":2,"36":1,"37":1,"38":2,"39":1,"40":1,"41":1,"42":6,"43":1,"44":6,"45":0,"46":6,"47":3,"48":3,"49":3,"50":3,"51":3,"52":2},"f":{"0":6,"1":3,"2":3,"3":5,"4":3,"5":2,"6":1,"7":1,"8":1,"9":0,"10":3,"11":3},"b":{"0":[6,0],"1":[6,0],"2":[6,0],"3":[6,0],"4":[0,3]}}
,"/home/koopertrooper/CSE416/DeepSeek-CSE416-Project/backend/simulator/simulationHead.ts": {"path":"/home/koopertrooper/CSE416/DeepSeek-CSE416-Project/backend/simulator/simulationHead.ts","statementMap":{"0":{"start":{"line":1,"column":0},"end":{"line":1,"column":34}},"1":{"start":{"line":2,"column":0},"end":{"line":2,"column":30}},"2":{"start":{"line":3,"column":0},"end":{"line":3,"column":48}},"3":{"start":{"line":4,"column":0},"end":{"line":4,"column":24}},"4":{"start":{"line":5,"column":0},"end":{"line":5,"column":32}},"5":{"start":{"line":6,"column":0},"end":{"line":6,"column":55}},"6":{"start":{"line":7,"column":0},"end":{"line":7,"column":33}},"7":{"start":{"line":8,"column":0},"end":{"line":8,"column":74}},"8":{"start":{"line":9,"column":0},"end":{"line":9,"column":46}},"9":{"start":{"line":11,"column":0},"end":{"line":11,"column":70}},"10":{"start":{"line":13,"column":21},"end":{"line":13,"column":46}},"11":{"start":{"line":14,"column":21},"end":{"line":14,"column":46}},"12":{"start":{"line":15,"column":21},"end":{"line":15,"column":46}},"13":{"start":{"line":16,"column":33},"end":{"line":16,"column":87}},"14":{"start":{"line":18,"column":19},"end":{"line":18,"column":62}},"15":{"start":{"line":19,"column":20},"end":{"line":19,"column":64}},"16":{"start":{"line":20,"column":36},"end":{"line":20,"column":88}},"17":{"start":{"line":22,"column":15},"end":{"line":22,"column":67}},"18":{"start":{"line":23,"column":0},"end":{"line":23,"column":null}},"19":{"start":{"line":24,"column":0},"end":{"line":24,"column":null}},"20":{"start":{"line":25,"column":0},"end":{"line":25,"column":null}},"21":{"start":{"line":37,"column":2},"end":{"line":37,"column":null}},"22":{"start":{"line":38,"column":26},"end":{"line":38,"column":34}},"23":{"start":{"line":39,"column":31},"end":{"line":39,"column":70}},"24":{"start":{"line":42,"column":37},"end":{"line":42,"column":92}},"25":{"start":{"line":44,"column":18},"end":{"line":44,"column":44}},"26":{"start":{"line":45,"column":21},"end":{"line":45,"column":74}},"27":{"start":{"line":46,"column":32},"end":{"line":46,"column":48}},"28":{"start":{"line":49,"column":42},"end":{"line":49,"column":44}},"29":{"start":{"line":50,"column":2},"end":{"line":79,"column":3}},"30":{"start":{"line":50,"column":20},"end":{"line":50,"column":21}},"31":{"start":{"line":51,"column":23},"end":{"line":58,"column":null}},"32":{"start":{"line":60,"column":4},"end":{"line":77,"column":null}},"33":{"start":{"line":61,"column":27},"end":{"line":61,"column":127}},"34":{"start":{"line":62,"column":6},"end":{"line":65,"column":null}},"35":{"start":{"line":63,"column":8},"end":{"line":63,"column":null}},"36":{"start":{"line":64,"column":8},"end":{"line":64,"column":null}},"37":{"start":{"line":66,"column":6},"end":{"line":70,"column":null}},"38":{"start":{"line":67,"column":8},"end":{"line":67,"column":null}},"39":{"start":{"line":68,"column":8},"end":{"line":68,"column":null}},"40":{"start":{"line":69,"column":8},"end":{"line":69,"column":null}},"41":{"start":{"line":71,"column":6},"end":{"line":75,"column":null}},"42":{"start":{"line":72,"column":8},"end":{"line":74,"column":9}},"43":{"start":{"line":73,"column":10},"end":{"line":73,"column":null}},"44":{"start":{"line":81,"column":31},"end":{"line":81,"column":71}},"45":{"start":{"line":82,"column":22},"end":{"line":82,"column":52}},"46":{"start":{"line":84,"column":2},"end":{"line":88,"column":3}},"47":{"start":{"line":85,"column":4},"end":{"line":85,"column":null}},"48":{"start":{"line":86,"column":4},"end":{"line":86,"column":null}},"49":{"start":{"line":87,"column":4},"end":{"line":87,"column":null}},"50":{"start":{"line":89,"column":2},"end":{"line":89,"column":null}},"51":{"start":{"line":91,"column":2},"end":{"line":91,"column":null}},"52":{"start":{"line":94,"column":0},"end":{"line":96,"column":3}},"53":{"start":{"line":95,"column":2},"end":{"line":95,"column":42}},"54":{"start":{"line":98,"column":0},"end":{"line":101,"column":3}},"55":{"start":{"line":100,"column":2},"end":{"line":100,"column":21}}},"fnMap":{"0":{"name":"simulation","decl":{"start":{"line":36,"column":15},"end":{"line":36,"column":25}},"loc":{"start":{"line":36,"column":34},"end":{"line":92,"column":null}}},"1":{"name":"(anonymous_19)","decl":{"start":{"line":60,"column":33},"end":{"line":60,"column":34}},"loc":{"start":{"line":60,"column":45},"end":{"line":77,"column":5}}},"2":{"name":"(anonymous_20)","decl":{"start":{"line":62,"column":32},"end":{"line":62,"column":33}},"loc":{"start":{"line":62,"column":52},"end":{"line":65,"column":7}}},"3":{"name":"(anonymous_21)","decl":{"start":{"line":66,"column":30},"end":{"line":66,"column":31}},"loc":{"start":{"line":66,"column":37},"end":{"line":70,"column":7}}},"4":{"name":"(anonymous_22)","decl":{"start":{"line":71,"column":29},"end":{"line":71,"column":30}},"loc":{"start":{"line":71,"column":41},"end":{"line":75,"column":7}}},"5":{"name":"(anonymous_23)","decl":{"start":{"line":94,"column":23},"end":{"line":94,"column":26}},"loc":{"start":{"line":94,"column":29},"end":{"line":96,"column":1}}},"6":{"name":"(anonymous_24)","decl":{"start":{"line":98,"column":19},"end":{"line":98,"column":22}},"loc":{"start":{"line":98,"column":25},"end":{"line":101,"column":1}}}},"branchMap":{"0":{"loc":{"start":{"line":19,"column":20},"end":{"line":19,"column":64}},"type":"binary-expr","locations":[{"start":{"line":19,"column":20},"end":{"line":19,"column":59}},{"start":{"line":19,"column":63},"end":{"line":19,"column":64}}]},"1":{"loc":{"start":{"line":20,"column":36},"end":{"line":20,"column":88}},"type":"binary-expr","locations":[{"start":{"line":20,"column":36},"end":{"line":20,"column":83}},{"start":{"line":20,"column":87},"end":{"line":20,"column":88}}]},"2":{"loc":{"start":{"line":72,"column":8},"end":{"line":74,"column":9}},"type":"if","locations":[{"start":{"line":72,"column":8},"end":{"line":74,"column":9}}]}},"s":{"0":3,"1":3,"2":3,"3":3,"4":3,"5":3,"6":3,"7":3,"8":3,"9":3,"10":3,"11":3,"12":3,"13":3,"14":3,"15":3,"16":3,"17":3,"18":3,"19":3,"20":3,"21":2,"22":2,"23":2,"24":2,"25":2,"26":2,"27":2,"28":2,"29":2,"30":2,"31":2,"32":2,"33":2,"34":2,"35":2,"36":2,"37":2,"38":0,"39":0,"40":0,"41":2,"42":2,"43":0,"44":2,"45":2,"46":2,"47":2,"48":2,"49":2,"50":2,"51":2,"52":3,"53":2,"54":3,"55":0},"f":{"0":2,"1":2,"2":2,"3":0,"4":2,"5":2,"6":0},"b":{"0":[3,3],"1":[3,0],"2":[0]}}
,"/home/koopertrooper/CSE416/DeepSeek-CSE416-Project/backend/simulator/simulationWorker.ts": {"path":"/home/koopertrooper/CSE416/DeepSeek-CSE416-Project/backend/simulator/simulationWorker.ts","statementMap":{"0":{"start":{"line":2,"column":0},"end":{"line":2,"column":51}},"1":{"start":{"line":4,"column":0},"end":{"line":4,"column":23}},"2":{"start":{"line":6,"column":0},"end":{"line":6,"column":55}},"3":{"start":{"line":8,"column":0},"end":{"line":8,"column":55}},"4":{"start":{"line":16,"column":4},"end":{"line":16,"column":null}},"5":{"start":{"line":19,"column":4},"end":{"line":19,"column":null}},"6":{"start":{"line":22,"column":4},"end":{"line":22,"column":null}},"7":{"start":{"line":25,"column":4},"end":{"line":25,"column":null}},"8":{"start":{"line":44,"column":4},"end":{"line":44,"column":null}},"9":{"start":{"line":45,"column":28},"end":{"line":45,"column":68}},"10":{"start":{"line":46,"column":4},"end":{"line":46,"column":null}},"11":{"start":{"line":49,"column":22},"end":{"line":49,"column":112}},"12":{"start":{"line":51,"column":36},"end":{"line":51,"column":46}},"13":{"start":{"line":53,"column":32},"end":{"line":53,"column":53}},"14":{"start":{"line":54,"column":34},"end":{"line":54,"column":68}},"15":{"start":{"line":55,"column":38},"end":{"line":55,"column":69}},"16":{"start":{"line":56,"column":32},"end":{"line":56,"column":51}},"17":{"start":{"line":58,"column":4},"end":{"line":63,"column":5}},"18":{"start":{"line":60,"column":8},"end":{"line":60,"column":null}},"19":{"start":{"line":61,"column":8},"end":{"line":61,"column":null}},"20":{"start":{"line":62,"column":8},"end":{"line":62,"column":null}},"21":{"start":{"line":65,"column":4},"end":{"line":65,"column":null}},"22":{"start":{"line":67,"column":36},"end":{"line":67,"column":69}},"23":{"start":{"line":69,"column":4},"end":{"line":69,"column":null}},"24":{"start":{"line":72,"column":4},"end":{"line":72,"column":null}},"25":{"start":{"line":74,"column":4},"end":{"line":119,"column":5}},"26":{"start":{"line":74,"column":25},"end":{"line":74,"column":26}},"27":{"start":{"line":75,"column":8},"end":{"line":75,"column":null}},"28":{"start":{"line":76,"column":33},"end":{"line":76,"column":34}},"29":{"start":{"line":77,"column":8},"end":{"line":117,"column":9}},"30":{"start":{"line":77,"column":23},"end":{"line":77,"column":24}},"31":{"start":{"line":78,"column":12},"end":{"line":78,"column":null}},"32":{"start":{"line":79,"column":36},"end":{"line":79,"column":37}},"33":{"start":{"line":80,"column":50},"end":{"line":80,"column":51}},"34":{"start":{"line":81,"column":34},"end":{"line":81,"column":62}},"35":{"start":{"line":89,"column":38},"end":{"line":89,"column":109}},"36":{"start":{"line":89,"column":82},"end":{"line":89,"column":105}},"37":{"start":{"line":90,"column":33},"end":{"line":90,"column":103}},"38":{"start":{"line":90,"column":73},"end":{"line":90,"column":102}},"39":{"start":{"line":92,"column":12},"end":{"line":113,"column":13}},"40":{"start":{"line":93,"column":16},"end":{"line":110,"column":17}},"41":{"start":{"line":95,"column":40},"end":{"line":95,"column":70}},"42":{"start":{"line":97,"column":20},"end":{"line":97,"column":null}},"43":{"start":{"line":98,"column":20},"end":{"line":98,"column":null}},"44":{"start":{"line":100,"column":20},"end":{"line":102,"column":21}},"45":{"start":{"line":101,"column":24},"end":{"line":101,"column":null}},"46":{"start":{"line":105,"column":20},"end":{"line":107,"column":21}},"47":{"start":{"line":106,"column":24},"end":{"line":106,"column":null}},"48":{"start":{"line":116,"column":12},"end":{"line":116,"column":null}},"49":{"start":{"line":118,"column":8},"end":{"line":118,"column":null}},"50":{"start":{"line":122,"column":4},"end":{"line":122,"column":null}},"51":{"start":{"line":123,"column":4},"end":{"line":123,"column":null}},"52":{"start":{"line":124,"column":4},"end":{"line":124,"column":null}},"53":{"start":{"line":128,"column":31},"end":{"line":128,"column":57}},"54":{"start":{"line":129,"column":4},"end":{"line":135,"column":5}},"55":{"start":{"line":130,"column":8},"end":{"line":130,"column":null}},"56":{"start":{"line":131,"column":10},"end":{"line":135,"column":5}},"57":{"start":{"line":132,"column":8},"end":{"line":132,"column":null}},"58":{"start":{"line":134,"column":8},"end":{"line":134,"column":null}},"59":{"start":{"line":138,"column":32},"end":{"line":138,"column":60}},"60":{"start":{"line":139,"column":4},"end":{"line":145,"column":5}},"61":{"start":{"line":140,"column":8},"end":{"line":140,"column":null}},"62":{"start":{"line":141,"column":10},"end":{"line":145,"column":5}},"63":{"start":{"line":142,"column":8},"end":{"line":142,"column":null}},"64":{"start":{"line":144,"column":8},"end":{"line":144,"column":null}},"65":{"start":{"line":148,"column":0},"end":{"line":153,"column":null}},"66":{"start":{"line":148,"column":23},"end":{"line":150,"column":2}},"67":{"start":{"line":149,"column":4},"end":{"line":149,"column":null}},"68":{"start":{"line":150,"column":23},"end":{"line":153,"column":2}},"69":{"start":{"line":151,"column":4},"end":{"line":151,"column":null}},"70":{"start":{"line":152,"column":4},"end":{"line":152,"column":null}}},"fnMap":{"0":{"name":"simulationStartLogMessage","decl":{"start":{"line":15,"column":9},"end":{"line":15,"column":34}},"loc":{"start":{"line":15,"column":53},"end":{"line":17,"column":1}}},"1":{"name":"lifeExpectancyLogMessage","decl":{"start":{"line":18,"column":9},"end":{"line":18,"column":33}},"loc":{"start":{"line":18,"column":56},"end":{"line":20,"column":1}}},"2":{"name":"logMessage","decl":{"start":{"line":21,"column":9},"end":{"line":21,"column":19}},"loc":{"start":{"line":21,"column":58},"end":{"line":23,"column":1}}},"3":{"name":"pushToLog","decl":{"start":{"line":24,"column":9},"end":{"line":24,"column":18}},"loc":{"start":{"line":24,"column":60},"end":{"line":26,"column":1}}},"4":{"name":"main","decl":{"start":{"line":43,"column":15},"end":{"line":43,"column":19}},"loc":{"start":{"line":43,"column":19},"end":{"line":125,"column":null}}},"5":{"name":"(anonymous_14)","decl":{"start":{"line":89,"column":66},"end":{"line":89,"column":67}},"loc":{"start":{"line":89,"column":82},"end":{"line":89,"column":105}}},"6":{"name":"(anonymous_15)","decl":{"start":{"line":90,"column":61},"end":{"line":90,"column":62}},"loc":{"start":{"line":90,"column":73},"end":{"line":90,"column":102}}},"7":{"name":"calculateLifeExpectancy","decl":{"start":{"line":127,"column":9},"end":{"line":127,"column":32}},"loc":{"start":{"line":127,"column":52},"end":{"line":136,"column":1}}},"8":{"name":"calculateInflation","decl":{"start":{"line":137,"column":9},"end":{"line":137,"column":27}},"loc":{"start":{"line":137,"column":47},"end":{"line":146,"column":1}}},"9":{"name":"(anonymous_18)","decl":{"start":{"line":148,"column":12},"end":{"line":148,"column":21}},"loc":{"start":{"line":148,"column":23},"end":{"line":150,"column":2}}},"10":{"name":"(anonymous_19)","decl":{"start":{"line":148,"column":23},"end":{"line":148,"column":null}},"loc":{"start":{"line":148,"column":23},"end":{"line":150,"column":1}}},"11":{"name":"(anonymous_20)","decl":{"start":{"line":150,"column":9},"end":{"line":150,"column":16}},"loc":{"start":{"line":150,"column":23},"end":{"line":153,"column":2}}},"12":{"name":"(anonymous_21)","decl":{"start":{"line":150,"column":23},"end":{"line":150,"column":null}},"loc":{"start":{"line":150,"column":23},"end":{"line":153,"column":1}}}},"branchMap":{"0":{"loc":{"start":{"line":58,"column":4},"end":{"line":63,"column":5}},"type":"if","locations":[{"start":{"line":58,"column":4},"end":{"line":63,"column":5}}]},"1":{"loc":{"start":{"line":61,"column":8},"end":{"line":61,"column":39}},"type":"cond-expr","locations":[{"start":{"line":61,"column":18},"end":{"line":61,"column":20}},{"start":{"line":61,"column":8},"end":{"line":61,"column":39}}]},"2":{"loc":{"start":{"line":61,"column":8},"end":{"line":61,"column":20}},"type":"binary-expr","locations":[{"start":{"line":61,"column":8},"end":{"line":61,"column":20}},{"start":{"line":61,"column":8},"end":{"line":61,"column":20}}]},"3":{"loc":{"start":{"line":93,"column":16},"end":{"line":110,"column":17}},"type":"if","locations":[{"start":{"line":93,"column":16},"end":{"line":110,"column":17}}]},"4":{"loc":{"start":{"line":100,"column":20},"end":{"line":102,"column":21}},"type":"if","locations":[{"start":{"line":100,"column":20},"end":{"line":102,"column":21}}]},"5":{"loc":{"start":{"line":105,"column":20},"end":{"line":107,"column":21}},"type":"if","locations":[{"start":{"line":105,"column":20},"end":{"line":107,"column":21}}]},"6":{"loc":{"start":{"line":123,"column":4},"end":{"line":123,"column":35}},"type":"cond-expr","locations":[{"start":{"line":123,"column":14},"end":{"line":123,"column":16}},{"start":{"line":123,"column":4},"end":{"line":123,"column":35}}]},"7":{"loc":{"start":{"line":123,"column":4},"end":{"line":123,"column":16}},"type":"binary-expr","locations":[{"start":{"line":123,"column":4},"end":{"line":123,"column":16}},{"start":{"line":123,"column":4},"end":{"line":123,"column":16}}]},"8":{"loc":{"start":{"line":129,"column":4},"end":{"line":135,"column":5}},"type":"if","locations":[{"start":{"line":129,"column":4},"end":{"line":135,"column":5}},{"start":{"line":131,"column":10},"end":{"line":135,"column":5}}]},"9":{"loc":{"start":{"line":131,"column":10},"end":{"line":135,"column":5}},"type":"if","locations":[{"start":{"line":131,"column":10},"end":{"line":135,"column":5}},{"start":{"line":133,"column":9},"end":{"line":135,"column":5}}]},"10":{"loc":{"start":{"line":139,"column":4},"end":{"line":145,"column":5}},"type":"if","locations":[{"start":{"line":139,"column":4},"end":{"line":145,"column":5}},{"start":{"line":141,"column":10},"end":{"line":145,"column":5}}]},"11":{"loc":{"start":{"line":141,"column":10},"end":{"line":145,"column":5}},"type":"if","locations":[{"start":{"line":141,"column":10},"end":{"line":145,"column":5}},{"start":{"line":143,"column":9},"end":{"line":145,"column":5}}]}},"s":{"0":4,"1":4,"2":4,"3":4,"4":4,"5":4,"6":8,"7":8,"8":4,"9":4,"10":4,"11":4,"12":4,"13":4,"14":4,"15":4,"16":4,"17":4,"18":0,"19":0,"20":0,"21":4,"22":4,"23":4,"24":4,"25":4,"26":4,"27":40,"28":40,"29":40,"30":40,"31":3200,"32":3200,"33":3200,"34":3200,"35":3200,"36":16000,"37":3200,"38":19200,"39":3200,"40":3200,"41":3200,"42":3200,"43":3200,"44":3200,"45":0,"46":3200,"47":0,"48":3200,"49":40,"50":4,"51":4,"52":4,"53":4,"54":4,"55":4,"56":0,"57":0,"58":0,"59":3200,"60":3200,"61":3200,"62":0,"63":0,"64":0,"65":4,"66":4,"67":4,"68":0,"69":0,"70":0},"f":{"0":4,"1":4,"2":8,"3":8,"4":4,"5":16000,"6":19200,"7":4,"8":3200,"9":4,"10":4,"11":0,"12":0},"b":{"0":[0],"1":[0,0],"2":[0,0],"3":[3200],"4":[0],"5":[0],"6":[0,4],"7":[4,4],"8":[4,0],"9":[0,0],"10":[3200,0],"11":[0,0]}}
,"/home/koopertrooper/CSE416/DeepSeek-CSE416-Project/backend/state_taxes/statetax_parser.ts": {"path":"/home/koopertrooper/CSE416/DeepSeek-CSE416-Project/backend/state_taxes/statetax_parser.ts","statementMap":{"0":{"start":{"line":7,"column":0},"end":{"line":7,"column":16}},"1":{"start":{"line":1,"column":0},"end":{"line":1,"column":28}},"2":{"start":{"line":2,"column":0},"end":{"line":2,"column":23}},"3":{"start":{"line":3,"column":0},"end":{"line":3,"column":33}},"4":{"start":{"line":5,"column":21},"end":{"line":5,"column":86}},"5":{"start":{"line":8,"column":4},"end":{"line":8,"column":null}},"6":{"start":{"line":9,"column":17},"end":{"line":9,"column":51}},"7":{"start":{"line":10,"column":24},"end":{"line":10,"column":35}},"8":{"start":{"line":11,"column":4},"end":{"line":11,"column":null}}},"fnMap":{"0":{"name":"stateTaxParser","decl":{"start":{"line":7,"column":16},"end":{"line":7,"column":30}},"loc":{"start":{"line":7,"column":30},"end":{"line":12,"column":1}}}},"branchMap":{},"s":{"0":3,"1":3,"2":3,"3":3,"4":3,"5":2,"6":2,"7":2,"8":2},"f":{"0":2},"b":{}}
}
